2023-03-06 08:22:10 - instantiator.py[line:21] - INFO: Created a temporary directory at /tmp/tmp443vxiyo
2023-03-06 08:22:10 - instantiator.py[line:21] - INFO: Created a temporary directory at /tmp/tmp1d7jnylv
2023-03-06 08:22:10 - instantiator.py[line:76] - INFO: Writing /tmp/tmp443vxiyo/_remote_module_non_scriptable.py
2023-03-06 08:22:10 - instantiator.py[line:76] - INFO: Writing /tmp/tmp1d7jnylv/_remote_module_non_scriptable.py
2023-03-06 08:22:15 - utils.py[line:255] - INFO: distributed init (rank 0): env://
2023-03-06 08:22:15 - utils.py[line:261] - INFO: Start init
2023-03-06 08:22:15 - distributed_c10d.py[line:228] - INFO: Added key: store_based_barrier_key:1 to store for rank: 0
2023-03-06 08:22:15 - utils.py[line:255] - INFO: distributed init (rank 1): env://
2023-03-06 08:22:15 - utils.py[line:261] - INFO: Start init
2023-03-06 08:22:15 - distributed_c10d.py[line:228] - INFO: Added key: store_based_barrier_key:1 to store for rank: 1
2023-03-06 08:22:15 - distributed_c10d.py[line:262] - INFO: Rank 1: Completed store-based barrier for key:store_based_barrier_key:1 with 2 nodes.
2023-03-06 08:22:15 - utils.py[line:271] - INFO: initialized host autodl-container-21fe11863c-c7bb2435 as rank 1
single-machine distributed training is initialized.
2023-03-06 08:22:15 - distributed_c10d.py[line:262] - INFO: Rank 0: Completed store-based barrier for key:store_based_barrier_key:1 with 2 nodes.
2023-03-06 08:22:15 - utils.py[line:271] - INFO: initialized host autodl-container-21fe11863c-c7bb2435 as rank 0
single-machine distributed training is initialized.
2023-03-06 08:22:18 - train.py[line:77] - INFO: {'_name': None, 'common': {'_name': None, 'no_progress_bar': False, 'log_interval': 10, 'log_format': 'simple', 'log_file': None, 'tensorboard_logdir': None, 'wandb_project': None, 'azureml_logging': False, 'seed': 1, 'cpu': False, 'tpu': False, 'bf16': False, 'memory_efficient_bf16': False, 'fp16': True, 'memory_efficient_fp16': False, 'fp16_no_flatten_grads': False, 'fp16_init_scale': 128, 'fp16_scale_window': 512, 'fp16_scale_tolerance': 0.0, 'on_cpu_convert_precision': False, 'min_loss_scale': 0.0001, 'threshold_loss_scale': None, 'amp': False, 'amp_batch_retries': 2, 'amp_init_scale': 128, 'amp_scale_window': None, 'user_dir': '../../ofa_module', 'empty_cache_freq': 0, 'all_gather_list_size': 16384, 'model_parallel_size': 1, 'quantization_config_path': None, 'profile': False, 'reset_logging': False, 'suppress_crashes': False, 'use_plasma_view': False, 'plasma_path': '/tmp/plasma'}, 'common_eval': {'_name': None, 'path': None, 'post_process': None, 'quiet': False, 'model_overrides': '{}', 'results_path': None}, 'distributed_training': {'_name': None, 'distributed_world_size': 2, 'distributed_num_procs': 2, 'distributed_rank': 0, 'distributed_backend': 'nccl', 'distributed_init_method': 'env://', 'distributed_port': -1, 'device_id': 0, 'distributed_no_spawn': True, 'ddp_backend': 'pytorch_ddp', 'ddp_comm_hook': 'none', 'bucket_cap_mb': 25, 'fix_batches_to_gpus': False, 'find_unused_parameters': True, 'gradient_as_bucket_view': False, 'fast_stat_sync': False, 'heartbeat_timeout': -1, 'broadcast_buffers': False, 'slowmo_momentum': None, 'slowmo_algorithm': 'LocalSGD', 'localsgd_frequency': 3, 'nprocs_per_node': 2, 'pipeline_model_parallel': False, 'pipeline_balance': None, 'pipeline_devices': None, 'pipeline_chunks': 0, 'pipeline_encoder_balance': None, 'pipeline_encoder_devices': None, 'pipeline_decoder_balance': None, 'pipeline_decoder_devices': None, 'pipeline_checkpoint': 'never', 'zero_sharding': 'none', 'fp16': True, 'memory_efficient_fp16': False, 'tpu': False, 'no_reshard_after_forward': False, 'fp32_reduce_scatter': False, 'cpu_offload': False, 'use_sharded_state': False}, 'dataset': {'_name': None, 'num_workers': 0, 'skip_invalid_size_inputs_valid_test': False, 'max_tokens': None, 'batch_size': 8, 'required_batch_size_multiple': 8, 'required_seq_len_multiple': 1, 'dataset_impl': None, 'data_buffer_size': 10, 'train_subset': 'train', 'valid_subset': 'valid', 'combine_valid_subsets': None, 'ignore_unused_valid_subsets': False, 'validate_interval': 1, 'validate_interval_updates': 500, 'validate_after_updates': 0, 'fixed_validation_seed': 7, 'disable_validation': False, 'max_tokens_valid': None, 'batch_size_valid': 8, 'max_valid_steps': None, 'curriculum': 0, 'gen_subset': 'test', 'num_shards': 1, 'shard_id': 0}, 'optimization': {'_name': None, 'max_epoch': 3, 'max_update': 0, 'stop_time_hours': 0.0, 'clip_norm': 1.0, 'sentence_avg': False, 'update_freq': [4], 'lr': [1e-05], 'stop_min_lr': -1.0, 'use_bmuf': False}, 'checkpoint': {'_name': None, 'save_dir': './stage1_checkpoints/3_0.06_2500', 'restore_file': '../../checkpoints/checkpoint_stage1_best.pt', 'finetune_from_model': None, 'reset_dataloader': True, 'reset_lr_scheduler': False, 'reset_meters': True, 'reset_optimizer': True, 'optimizer_overrides': '{}', 'save_interval': 1, 'save_interval_updates': 500, 'keep_interval_updates': -1, 'keep_interval_updates_pattern': -1, 'keep_last_epochs': -1, 'keep_best_checkpoints': 1, 'no_save': False, 'no_epoch_checkpoints': True, 'no_last_checkpoints': False, 'no_save_optimizer_state': False, 'best_checkpoint_metric': 'cider', 'maximize_best_checkpoint_metric': True, 'patience': -1, 'checkpoint_suffix': '', 'checkpoint_shard_count': 1, 'load_checkpoint_on_all_dp_ranks': False, 'write_checkpoints_asynchronously': False, 'model_parallel_size': 1, 'use_ema_weights_to_init_param': False, 'use_latest_weights_to_init_ema': False}, 'bmuf': {'_name': None, 'block_lr': 1.0, 'block_momentum': 0.875, 'global_sync_iter': 50, 'warmup_iterations': 500, 'use_nbm': False, 'average_sync': False, 'distributed_world_size': 2}, 'generation': {'_name': None, 'beam': 5, 'nbest': 1, 'max_len_a': 0.0, 'max_len_b': 200, 'min_len': 1, 'match_source_len': False, 'unnormalized': False, 'no_early_stop': False, 'no_beamable_mm': False, 'lenpen': 1.0, 'unkpen': 0.0, 'replace_unk': None, 'sacrebleu': False, 'score_reference': False, 'prefix_size': 0, 'no_repeat_ngram_size': 0, 'sampling': False, 'sampling_topk': -1, 'sampling_topp': -1.0, 'constraints': None, 'temperature': 1.0, 'diverse_beam_groups': -1, 'diverse_beam_strength': 0.5, 'diversity_rate': -1.0, 'print_alignment': None, 'print_step': False, 'lm_path': None, 'lm_weight': 0.0, 'iter_decode_eos_penalty': 0.0, 'iter_decode_max_iter': 10, 'iter_decode_force_max_iter': False, 'iter_decode_with_beam': 1, 'iter_decode_with_external_reranker': False, 'retain_iter_history': False, 'retain_dropout': False, 'retain_dropout_modules': None, 'decoding_format': None, 'no_seed_provided': False}, 'eval_lm': {'_name': None, 'output_word_probs': False, 'output_word_stats': False, 'context_window': 0, 'softmax_batch': 9223372036854775807}, 'interactive': {'_name': None, 'buffer_size': 0, 'input': '-'}, 'model': Namespace(_name='ofa_base', activation_fn='gelu', adam_betas='(0.9,0.999)', adam_eps=1e-08, adaptive_softmax_cutoff=None, adaptive_softmax_dropout=0, add_type_embedding=True, all_gather_list_size=16384, amp=False, amp_batch_retries=2, amp_init_scale=128, amp_scale_window=None, arch='ofa_base', attention_dropout=0.0, attn_scale_factor=2, azureml_logging=False, batch_size=8, batch_size_valid=8, best_checkpoint_metric='cider', bf16=False, bitfit=False, bpe=None, bpe_dir='../../utils/BPE', broadcast_buffers=False, bucket_cap_mb=25, checkpoint_shard_count=1, checkpoint_suffix='', clip_norm=1.0, code_dict_size=8192, code_image_size=128, code_layernorm_embedding=True, combine_valid_subsets=None, constraint_range=None, cpu=False, cpu_offload=False, criterion='adjust_label_smoothed_cross_entropy', cross_self_attention=False, curriculum=0, data='../../dataset/caption_data/train1.tsv,../../dataset/caption_data/val.tsv', data_buffer_size=10, dataset_impl=None, ddp_backend='pytorch_ddp', ddp_comm_hook='none', decoder_attention_heads=12, decoder_drop_path_rate=0.1, decoder_embed_dim=768, decoder_embed_path=None, decoder_ffn_embed_dim=3072, decoder_input_dim=768, decoder_layerdrop=0, decoder_layers=6, decoder_layers_to_keep=None, decoder_learned_pos=True, decoder_normalize_before=True, decoder_output_dim=768, device_id=0, disable_entangle=True, disable_validation=False, distributed_backend='nccl', distributed_init_method=None, distributed_no_spawn=False, distributed_num_procs=2, distributed_port=-1, distributed_rank=0, distributed_world_size=2, drop_worst_after=2500, drop_worst_ratio=0.2, dropout=0.1, ema_decay=0.9999, ema_fp32=False, ema_seed_model=None, ema_start_update=0, ema_update_freq=1, empty_cache_freq=0, encoder_attention_heads=12, encoder_drop_path_rate=0.1, encoder_embed_dim=768, encoder_embed_path=None, encoder_ffn_embed_dim=3072, encoder_layerdrop=0, encoder_layers=6, encoder_layers_to_keep=None, encoder_learned_pos=True, encoder_normalize_before=True, end_learning_rate=0.0, entangle_position_embedding=False, eos=2, eval_args='{"beam":5,"max_len_b":16,"no_repeat_ngram_size":3}', eval_bleu=False, eval_cider=True, eval_cider_cached_tokens='../../dataset/caption_data/cider_cached_tokens/coco-valid-words.p', eval_print_samples=False, fast_stat_sync=False, find_unused_parameters=True, finetune_from_model=None, fix_batches_to_gpus=False, fixed_validation_seed=7, force_anneal=None, fp16=True, fp16_adam_stats=False, fp16_init_scale=128, fp16_no_flatten_grads=False, fp16_scale_tolerance=0.0, fp16_scale_window=512, fp32_reduce_scatter=False, freeze_decoder_embedding=True, freeze_encoder_embedding=True, gen_subset='test', gradient_as_bucket_view=False, heartbeat_timeout=-1, ignore_eos=False, ignore_prefix_size=0, ignore_unused_valid_subsets=False, image_bucket_size=42, imagenet_default_mean_and_std=False, keep_best_checkpoints=1, keep_interval_updates=-1, keep_interval_updates_pattern=-1, keep_last_epochs=-1, label_smoothing=0.1, layernorm_embedding=True, load_checkpoint_on_all_dp_ranks=False, localsgd_frequency=3, log_file=None, log_format='simple', log_interval=10, lr=[1e-05], lr_scheduler='polynomial_decay', max_epoch=3, max_source_positions=1024, max_src_length=1200, max_target_positions=1024, max_tgt_length=1200, max_tokens=None, max_tokens_valid=None, max_update=0, max_valid_steps=None, maximize_best_checkpoint_metric=True, memory_efficient_bf16=False, memory_efficient_fp16=False, min_loss_scale=0.0001, min_params_to_wrap=100000000, model_parallel_size=1, no_cross_attention=False, no_epoch_checkpoints=True, no_last_checkpoints=False, no_progress_bar=False, no_reshard_after_forward=False, no_save=False, no_save_optimizer_state=False, no_scale_embedding=True, no_seed_provided=False, no_token_positional_embeddings=False, nprocs_per_node=2, num_bins=1000, num_shards=1, num_workers=0, on_cpu_convert_precision=False, optimizer='adam', optimizer_overrides='{}', orig_patch_image_size=256, pad=1, patch_image_size=480, patch_layernorm_embedding=True, patience=-1, pipeline_balance=None, pipeline_checkpoint='never', pipeline_chunks=0, pipeline_decoder_balance=None, pipeline_decoder_devices=None, pipeline_devices=None, pipeline_encoder_balance=None, pipeline_encoder_devices=None, pipeline_model_parallel=False, plasma_path='/tmp/plasma', pooler_activation_fn='tanh', pooler_classifier='mlp', pooler_dropout=0.0, power=1.0, profile=False, quant_noise_pq=0, quant_noise_pq_block_size=8, quant_noise_scalar=0, quantization_config_path=None, reg_alpha=1.0, relu_dropout=0.0, report_accuracy=False, required_batch_size_multiple=8, required_seq_len_multiple=1, reset_dataloader=True, reset_logging=False, reset_lr_scheduler=False, reset_meters=True, reset_optimizer=True, resnet_drop_path_rate=0.0, resnet_type='resnet101', restore_file='../../checkpoints/checkpoint_stage1_best.pt', sample_patch_num=196, save_dir='./stage1_checkpoints/3_0.06_2500', save_interval=1, save_interval_updates=500, scale_attn=True, scale_fc=True, scale_heads=True, scale_resids=False, scoring='bleu', scst=False, scst_args='{}', seed=1, selected_cols='0,4,2', sentence_avg=False, shard_id=0, share_all_embeddings=True, share_decoder_input_output_embed=True, simul_type=None, skip_invalid_size_inputs_valid_test=False, slowmo_algorithm='LocalSGD', slowmo_momentum=None, stop_min_lr=-1.0, stop_time_hours=0, store_ema=False, suppress_crashes=False, sync_bn=False, task='caption', tensorboard_logdir=None, threshold_loss_scale=None, token_bucket_size=256, tokenizer=None, total_num_update=1000000, tpu=False, train_subset='train', unk=3, update_freq=[4], use_bmuf=False, use_ema_weights_to_init_param=False, use_latest_weights_to_init_ema=False, use_old_adam=False, use_plasma_view=False, use_rdrop=False, use_sharded_state=False, user_dir='../../ofa_module', valid_subset='valid', validate_after_updates=0, validate_interval=1, validate_interval_updates=500, wandb_project=None, warmup_ratio=0.06, warmup_updates=0, weight_decay=0.01, write_checkpoints_asynchronously=False, zero_sharding='none'), 'task': {'_name': 'caption', 'data': '../../dataset/caption_data/train1.tsv,../../dataset/caption_data/val.tsv', 'selected_cols': '0,4,2', 'bpe': None, 'bpe_dir': '../../utils/BPE', 'max_source_positions': 1024, 'max_target_positions': 1024, 'max_src_length': 1200, 'max_tgt_length': 1200, 'code_dict_size': 8192, 'patch_image_size': 480, 'orig_patch_image_size': 256, 'num_bins': 1000, 'imagenet_default_mean_and_std': False, 'constraint_range': None, 'eval_bleu': False, 'eval_cider': True, 'eval_args': '{"beam":5,"max_len_b":16,"no_repeat_ngram_size":3}', 'eval_print_samples': False, 'eval_cider_cached_tokens': '../../dataset/caption_data/cider_cached_tokens/coco-valid-words.p', 'scst': False, 'scst_args': '{}'}, 'criterion': {'_name': 'adjust_label_smoothed_cross_entropy', 'label_smoothing': 0.1, 'report_accuracy': False, 'ignore_prefix_size': 0, 'ignore_eos': False, 'sentence_avg': False, 'drop_worst_ratio': 0.2, 'drop_worst_after': 2500, 'use_rdrop': False, 'reg_alpha': 1.0, 'sample_patch_num': 196, 'constraint_range': None}, 'optimizer': {'_name': 'adam', 'adam_betas': '(0.9,0.999)', 'adam_eps': 1e-08, 'weight_decay': 0.01, 'use_old_adam': False, 'fp16_adam_stats': False, 'tpu': False, 'lr': [1e-05]}, 'lr_scheduler': {'_name': 'polynomial_decay', 'warmup_updates': 0, 'warmup_ratio': 0.06, 'force_anneal': None, 'end_learning_rate': 0.0, 'power': 1.0, 'total_num_update': 1000000.0, 'lr': [1e-05]}, 'scoring': {'_name': 'bleu', 'pad': 1, 'eos': 2, 'unk': 3}, 'bpe': None, 'tokenizer': None, 'ema': {'_name': None, 'store_ema': False, 'ema_decay': 0.9999, 'ema_start_update': 0, 'ema_seed_model': None, 'ema_update_freq': 1, 'ema_fp32': False}, 'simul_type': None}
2023-03-06 08:22:18 - ofa_task.py[line:109] - INFO: source dictionary: 59457 types
2023-03-06 08:22:18 - ofa_task.py[line:110] - INFO: target dictionary: 59457 types
/root/miniconda3/lib/python3.8/site-packages/torch/functional.py:478: UserWarning: torch.meshgrid: in an upcoming release, it will be required to pass the indexing argument. (Triggered internally at  ../aten/src/ATen/native/TensorShape.cpp:2894.)
  return _VF.meshgrid(tensors, **kwargs)  # type: ignore[attr-defined]
/root/miniconda3/lib/python3.8/site-packages/torch/functional.py:478: UserWarning: torch.meshgrid: in an upcoming release, it will be required to pass the indexing argument. (Triggered internally at  ../aten/src/ATen/native/TensorShape.cpp:2894.)
  return _VF.meshgrid(tensors, **kwargs)  # type: ignore[attr-defined]
local datafile ../../dataset/caption_data/val.tsv slice_id 1 begin to initialize row_count and line_idx-to-offset mapping
2023-03-06 08:22:22 - train.py[line:110] - INFO: OFAModel(
  (encoder): TransformerEncoder(
    (encoder_dropout): Dropout(p=0.2, inplace=False)
    (dropout_module): FairseqDropout()
    (embed_tokens): Embedding(59457, 768, padding_idx=1)
    (layernorm_embedding): LayerNorm((768,), eps=1e-05, elementwise_affine=True)
    (type_embedding): Embedding(2, 768)
    (embed_images): ResNet(
      (conv1): Conv2d(3, 64, kernel_size=(7, 7), stride=(2, 2), padding=(3, 3), bias=False)
      (bn1): BatchNorm2d(64, eps=1e-05, momentum=0.1, affine=True, track_running_stats=True)
      (relu): ReLU(inplace=True)
      (maxpool): MaxPool2d(kernel_size=3, stride=2, padding=1, dilation=1, ceil_mode=False)
      (layer1): Sequential(
        (0): Bottleneck(
          (conv1): Conv2d(64, 64, kernel_size=(1, 1), stride=(1, 1), bias=False)
          (bn1): BatchNorm2d(64, eps=1e-05, momentum=0.1, affine=True, track_running_stats=True)
          (conv2): Conv2d(64, 64, kernel_size=(3, 3), stride=(1, 1), padding=(1, 1), bias=False)
          (bn2): BatchNorm2d(64, eps=1e-05, momentum=0.1, affine=True, track_running_stats=True)
          (conv3): Conv2d(64, 256, kernel_size=(1, 1), stride=(1, 1), bias=False)
          (bn3): BatchNorm2d(256, eps=1e-05, momentum=0.1, affine=True, track_running_stats=True)
          (relu): ReLU(inplace=True)
          (downsample): Sequential(
            (0): Conv2d(64, 256, kernel_size=(1, 1), stride=(1, 1), bias=False)
            (1): BatchNorm2d(256, eps=1e-05, momentum=0.1, affine=True, track_running_stats=True)
          )
          (drop_path): Identity()
        )
        (1): Bottleneck(
          (conv1): Conv2d(256, 64, kernel_size=(1, 1), stride=(1, 1), bias=False)
          (bn1): BatchNorm2d(64, eps=1e-05, momentum=0.1, affine=True, track_running_stats=True)
          (conv2): Conv2d(64, 64, kernel_size=(3, 3), stride=(1, 1), padding=(1, 1), bias=False)
          (bn2): BatchNorm2d(64, eps=1e-05, momentum=0.1, affine=True, track_running_stats=True)
          (conv3): Conv2d(64, 256, kernel_size=(1, 1), stride=(1, 1), bias=False)
          (bn3): BatchNorm2d(256, eps=1e-05, momentum=0.1, affine=True, track_running_stats=True)
          (relu): ReLU(inplace=True)
          (drop_path): Identity()
        )
        (2): Bottleneck(
          (conv1): Conv2d(256, 64, kernel_size=(1, 1), stride=(1, 1), bias=False)
          (bn1): BatchNorm2d(64, eps=1e-05, momentum=0.1, affine=True, track_running_stats=True)
          (conv2): Conv2d(64, 64, kernel_size=(3, 3), stride=(1, 1), padding=(1, 1), bias=False)
          (bn2): BatchNorm2d(64, eps=1e-05, momentum=0.1, affine=True, track_running_stats=True)
          (conv3): Conv2d(64, 256, kernel_size=(1, 1), stride=(1, 1), bias=False)
          (bn3): BatchNorm2d(256, eps=1e-05, momentum=0.1, affine=True, track_running_stats=True)
          (relu): ReLU(inplace=True)
          (drop_path): Identity()
        )
      )
      (layer2): Sequential(
        (0): Bottleneck(
          (conv1): Conv2d(256, 128, kernel_size=(1, 1), stride=(1, 1), bias=False)
          (bn1): BatchNorm2d(128, eps=1e-05, momentum=0.1, affine=True, track_running_stats=True)
          (conv2): Conv2d(128, 128, kernel_size=(3, 3), stride=(2, 2), padding=(1, 1), bias=False)
          (bn2): BatchNorm2d(128, eps=1e-05, momentum=0.1, affine=True, track_running_stats=True)
          (conv3): Conv2d(128, 512, kernel_size=(1, 1), stride=(1, 1), bias=False)
          (bn3): BatchNorm2d(512, eps=1e-05, momentum=0.1, affine=True, track_running_stats=True)
          (relu): ReLU(inplace=True)
          (downsample): Sequential(
            (0): Conv2d(256, 512, kernel_size=(1, 1), stride=(2, 2), bias=False)
            (1): BatchNorm2d(512, eps=1e-05, momentum=0.1, affine=True, track_running_stats=True)
          )
          (drop_path): Identity()
        )
        (1): Bottleneck(
          (conv1): Conv2d(512, 128, kernel_size=(1, 1), stride=(1, 1), bias=False)
          (bn1): BatchNorm2d(128, eps=1e-05, momentum=0.1, affine=True, track_running_stats=True)
          (conv2): Conv2d(128, 128, kernel_size=(3, 3), stride=(1, 1), padding=(1, 1), bias=False)
          (bn2): BatchNorm2d(128, eps=1e-05, momentum=0.1, affine=True, track_running_stats=True)
          (conv3): Conv2d(128, 512, kernel_size=(1, 1), stride=(1, 1), bias=False)
          (bn3): BatchNorm2d(512, eps=1e-05, momentum=0.1, affine=True, track_running_stats=True)
          (relu): ReLU(inplace=True)
          (drop_path): Identity()
        )
        (2): Bottleneck(
          (conv1): Conv2d(512, 128, kernel_size=(1, 1), stride=(1, 1), bias=False)
          (bn1): BatchNorm2d(128, eps=1e-05, momentum=0.1, affine=True, track_running_stats=True)
          (conv2): Conv2d(128, 128, kernel_size=(3, 3), stride=(1, 1), padding=(1, 1), bias=False)
          (bn2): BatchNorm2d(128, eps=1e-05, momentum=0.1, affine=True, track_running_stats=True)
          (conv3): Conv2d(128, 512, kernel_size=(1, 1), stride=(1, 1), bias=False)
          (bn3): BatchNorm2d(512, eps=1e-05, momentum=0.1, affine=True, track_running_stats=True)
          (relu): ReLU(inplace=True)
          (drop_path): Identity()
        )
        (3): Bottleneck(
          (conv1): Conv2d(512, 128, kernel_size=(1, 1), stride=(1, 1), bias=False)
          (bn1): BatchNorm2d(128, eps=1e-05, momentum=0.1, affine=True, track_running_stats=True)
          (conv2): Conv2d(128, 128, kernel_size=(3, 3), stride=(1, 1), padding=(1, 1), bias=False)
          (bn2): BatchNorm2d(128, eps=1e-05, momentum=0.1, affine=True, track_running_stats=True)
          (conv3): Conv2d(128, 512, kernel_size=(1, 1), stride=(1, 1), bias=False)
          (bn3): BatchNorm2d(512, eps=1e-05, momentum=0.1, affine=True, track_running_stats=True)
          (relu): ReLU(inplace=True)
          (drop_path): Identity()
        )
      )
      (layer3): Sequential(
        (0): Bottleneck(
          (conv1): Conv2d(512, 256, kernel_size=(1, 1), stride=(1, 1), bias=False)
          (bn1): BatchNorm2d(256, eps=1e-05, momentum=0.1, affine=True, track_running_stats=True)
          (conv2): Conv2d(256, 256, kernel_size=(3, 3), stride=(2, 2), padding=(1, 1), bias=False)
          (bn2): BatchNorm2d(256, eps=1e-05, momentum=0.1, affine=True, track_running_stats=True)
          (conv3): Conv2d(256, 1024, kernel_size=(1, 1), stride=(1, 1), bias=False)
          (bn3): BatchNorm2d(1024, eps=1e-05, momentum=0.1, affine=True, track_running_stats=True)
          (relu): ReLU(inplace=True)
          (downsample): Sequential(
            (0): Conv2d(512, 1024, kernel_size=(1, 1), stride=(2, 2), bias=False)
            (1): BatchNorm2d(1024, eps=1e-05, momentum=0.1, affine=True, track_running_stats=True)
          )
          (drop_path): Identity()
        )
        (1): Bottleneck(
          (conv1): Conv2d(1024, 256, kernel_size=(1, 1), stride=(1, 1), bias=False)
          (bn1): BatchNorm2d(256, eps=1e-05, momentum=0.1, affine=True, track_running_stats=True)
          (conv2): Conv2d(256, 256, kernel_size=(3, 3), stride=(1, 1), padding=(1, 1), bias=False)
          (bn2): BatchNorm2d(256, eps=1e-05, momentum=0.1, affine=True, track_running_stats=True)
          (conv3): Conv2d(256, 1024, kernel_size=(1, 1), stride=(1, 1), bias=False)
          (bn3): BatchNorm2d(1024, eps=1e-05, momentum=0.1, affine=True, track_running_stats=True)
          (relu): ReLU(inplace=True)
          (drop_path): Identity()
        )
        (2): Bottleneck(
          (conv1): Conv2d(1024, 256, kernel_size=(1, 1), stride=(1, 1), bias=False)
          (bn1): BatchNorm2d(256, eps=1e-05, momentum=0.1, affine=True, track_running_stats=True)
          (conv2): Conv2d(256, 256, kernel_size=(3, 3), stride=(1, 1), padding=(1, 1), bias=False)
          (bn2): BatchNorm2d(256, eps=1e-05, momentum=0.1, affine=True, track_running_stats=True)
          (conv3): Conv2d(256, 1024, kernel_size=(1, 1), stride=(1, 1), bias=False)
          (bn3): BatchNorm2d(1024, eps=1e-05, momentum=0.1, affine=True, track_running_stats=True)
          (relu): ReLU(inplace=True)
          (drop_path): Identity()
        )
        (3): Bottleneck(
          (conv1): Conv2d(1024, 256, kernel_size=(1, 1), stride=(1, 1), bias=False)
          (bn1): BatchNorm2d(256, eps=1e-05, momentum=0.1, affine=True, track_running_stats=True)
          (conv2): Conv2d(256, 256, kernel_size=(3, 3), stride=(1, 1), padding=(1, 1), bias=False)
          (bn2): BatchNorm2d(256, eps=1e-05, momentum=0.1, affine=True, track_running_stats=True)
          (conv3): Conv2d(256, 1024, kernel_size=(1, 1), stride=(1, 1), bias=False)
          (bn3): BatchNorm2d(1024, eps=1e-05, momentum=0.1, affine=True, track_running_stats=True)
          (relu): ReLU(inplace=True)
          (drop_path): Identity()
        )
        (4): Bottleneck(
          (conv1): Conv2d(1024, 256, kernel_size=(1, 1), stride=(1, 1), bias=False)
          (bn1): BatchNorm2d(256, eps=1e-05, momentum=0.1, affine=True, track_running_stats=True)
          (conv2): Conv2d(256, 256, kernel_size=(3, 3), stride=(1, 1), padding=(1, 1), bias=False)
          (bn2): BatchNorm2d(256, eps=1e-05, momentum=0.1, affine=True, track_running_stats=True)
          (conv3): Conv2d(256, 1024, kernel_size=(1, 1), stride=(1, 1), bias=False)
          (bn3): BatchNorm2d(1024, eps=1e-05, momentum=0.1, affine=True, track_running_stats=True)
          (relu): ReLU(inplace=True)
          (drop_path): Identity()
        )
        (5): Bottleneck(
          (conv1): Conv2d(1024, 256, kernel_size=(1, 1), stride=(1, 1), bias=False)
          (bn1): BatchNorm2d(256, eps=1e-05, momentum=0.1, affine=True, track_running_stats=True)
          (conv2): Conv2d(256, 256, kernel_size=(3, 3), stride=(1, 1), padding=(1, 1), bias=False)
          (bn2): BatchNorm2d(256, eps=1e-05, momentum=0.1, affine=True, track_running_stats=True)
          (conv3): Conv2d(256, 1024, kernel_size=(1, 1), stride=(1, 1), bias=False)
          (bn3): BatchNorm2d(1024, eps=1e-05, momentum=0.1, affine=True, track_running_stats=True)
          (relu): ReLU(inplace=True)
          (drop_path): Identity()
        )
        (6): Bottleneck(
          (conv1): Conv2d(1024, 256, kernel_size=(1, 1), stride=(1, 1), bias=False)
          (bn1): BatchNorm2d(256, eps=1e-05, momentum=0.1, affine=True, track_running_stats=True)
          (conv2): Conv2d(256, 256, kernel_size=(3, 3), stride=(1, 1), padding=(1, 1), bias=False)
          (bn2): BatchNorm2d(256, eps=1e-05, momentum=0.1, affine=True, track_running_stats=True)
          (conv3): Conv2d(256, 1024, kernel_size=(1, 1), stride=(1, 1), bias=False)
          (bn3): BatchNorm2d(1024, eps=1e-05, momentum=0.1, affine=True, track_running_stats=True)
          (relu): ReLU(inplace=True)
          (drop_path): Identity()
        )
        (7): Bottleneck(
          (conv1): Conv2d(1024, 256, kernel_size=(1, 1), stride=(1, 1), bias=False)
          (bn1): BatchNorm2d(256, eps=1e-05, momentum=0.1, affine=True, track_running_stats=True)
          (conv2): Conv2d(256, 256, kernel_size=(3, 3), stride=(1, 1), padding=(1, 1), bias=False)
          (bn2): BatchNorm2d(256, eps=1e-05, momentum=0.1, affine=True, track_running_stats=True)
          (conv3): Conv2d(256, 1024, kernel_size=(1, 1), stride=(1, 1), bias=False)
          (bn3): BatchNorm2d(1024, eps=1e-05, momentum=0.1, affine=True, track_running_stats=True)
          (relu): ReLU(inplace=True)
          (drop_path): Identity()
        )
        (8): Bottleneck(
          (conv1): Conv2d(1024, 256, kernel_size=(1, 1), stride=(1, 1), bias=False)
          (bn1): BatchNorm2d(256, eps=1e-05, momentum=0.1, affine=True, track_running_stats=True)
          (conv2): Conv2d(256, 256, kernel_size=(3, 3), stride=(1, 1), padding=(1, 1), bias=False)
          (bn2): BatchNorm2d(256, eps=1e-05, momentum=0.1, affine=True, track_running_stats=True)
          (conv3): Conv2d(256, 1024, kernel_size=(1, 1), stride=(1, 1), bias=False)
          (bn3): BatchNorm2d(1024, eps=1e-05, momentum=0.1, affine=True, track_running_stats=True)
          (relu): ReLU(inplace=True)
          (drop_path): Identity()
        )
        (9): Bottleneck(
          (conv1): Conv2d(1024, 256, kernel_size=(1, 1), stride=(1, 1), bias=False)
          (bn1): BatchNorm2d(256, eps=1e-05, momentum=0.1, affine=True, track_running_stats=True)
          (conv2): Conv2d(256, 256, kernel_size=(3, 3), stride=(1, 1), padding=(1, 1), bias=False)
          (bn2): BatchNorm2d(256, eps=1e-05, momentum=0.1, affine=True, track_running_stats=True)
          (conv3): Conv2d(256, 1024, kernel_size=(1, 1), stride=(1, 1), bias=False)
          (bn3): BatchNorm2d(1024, eps=1e-05, momentum=0.1, affine=True, track_running_stats=True)
          (relu): ReLU(inplace=True)
          (drop_path): Identity()
        )
        (10): Bottleneck(
          (conv1): Conv2d(1024, 256, kernel_size=(1, 1), stride=(1, 1), bias=False)
          (bn1): BatchNorm2d(256, eps=1e-05, momentum=0.1, affine=True, track_running_stats=True)
          (conv2): Conv2d(256, 256, kernel_size=(3, 3), stride=(1, 1), padding=(1, 1), bias=False)
          (bn2): BatchNorm2d(256, eps=1e-05, momentum=0.1, affine=True, track_running_stats=True)
          (conv3): Conv2d(256, 1024, kernel_size=(1, 1), stride=(1, 1), bias=False)
          (bn3): BatchNorm2d(1024, eps=1e-05, momentum=0.1, affine=True, track_running_stats=True)
          (relu): ReLU(inplace=True)
          (drop_path): Identity()
        )
        (11): Bottleneck(
          (conv1): Conv2d(1024, 256, kernel_size=(1, 1), stride=(1, 1), bias=False)
          (bn1): BatchNorm2d(256, eps=1e-05, momentum=0.1, affine=True, track_running_stats=True)
          (conv2): Conv2d(256, 256, kernel_size=(3, 3), stride=(1, 1), padding=(1, 1), bias=False)
          (bn2): BatchNorm2d(256, eps=1e-05, momentum=0.1, affine=True, track_running_stats=True)
          (conv3): Conv2d(256, 1024, kernel_size=(1, 1), stride=(1, 1), bias=False)
          (bn3): BatchNorm2d(1024, eps=1e-05, momentum=0.1, affine=True, track_running_stats=True)
          (relu): ReLU(inplace=True)
          (drop_path): Identity()
        )
        (12): Bottleneck(
          (conv1): Conv2d(1024, 256, kernel_size=(1, 1), stride=(1, 1), bias=False)
          (bn1): BatchNorm2d(256, eps=1e-05, momentum=0.1, affine=True, track_running_stats=True)
          (conv2): Conv2d(256, 256, kernel_size=(3, 3), stride=(1, 1), padding=(1, 1), bias=False)
          (bn2): BatchNorm2d(256, eps=1e-05, momentum=0.1, affine=True, track_running_stats=True)
          (conv3): Conv2d(256, 1024, kernel_size=(1, 1), stride=(1, 1), bias=False)
          (bn3): BatchNorm2d(1024, eps=1e-05, momentum=0.1, affine=True, track_running_stats=True)
          (relu): ReLU(inplace=True)
          (drop_path): Identity()
        )
        (13): Bottleneck(
          (conv1): Conv2d(1024, 256, kernel_size=(1, 1), stride=(1, 1), bias=False)
          (bn1): BatchNorm2d(256, eps=1e-05, momentum=0.1, affine=True, track_running_stats=True)
          (conv2): Conv2d(256, 256, kernel_size=(3, 3), stride=(1, 1), padding=(1, 1), bias=False)
          (bn2): BatchNorm2d(256, eps=1e-05, momentum=0.1, affine=True, track_running_stats=True)
          (conv3): Conv2d(256, 1024, kernel_size=(1, 1), stride=(1, 1), bias=False)
          (bn3): BatchNorm2d(1024, eps=1e-05, momentum=0.1, affine=True, track_running_stats=True)
          (relu): ReLU(inplace=True)
          (drop_path): Identity()
        )
        (14): Bottleneck(
          (conv1): Conv2d(1024, 256, kernel_size=(1, 1), stride=(1, 1), bias=False)
          (bn1): BatchNorm2d(256, eps=1e-05, momentum=0.1, affine=True, track_running_stats=True)
          (conv2): Conv2d(256, 256, kernel_size=(3, 3), stride=(1, 1), padding=(1, 1), bias=False)
          (bn2): BatchNorm2d(256, eps=1e-05, momentum=0.1, affine=True, track_running_stats=True)
          (conv3): Conv2d(256, 1024, kernel_size=(1, 1), stride=(1, 1), bias=False)
          (bn3): BatchNorm2d(1024, eps=1e-05, momentum=0.1, affine=True, track_running_stats=True)
          (relu): ReLU(inplace=True)
          (drop_path): Identity()
        )
        (15): Bottleneck(
          (conv1): Conv2d(1024, 256, kernel_size=(1, 1), stride=(1, 1), bias=False)
          (bn1): BatchNorm2d(256, eps=1e-05, momentum=0.1, affine=True, track_running_stats=True)
          (conv2): Conv2d(256, 256, kernel_size=(3, 3), stride=(1, 1), padding=(1, 1), bias=False)
          (bn2): BatchNorm2d(256, eps=1e-05, momentum=0.1, affine=True, track_running_stats=True)
          (conv3): Conv2d(256, 1024, kernel_size=(1, 1), stride=(1, 1), bias=False)
          (bn3): BatchNorm2d(1024, eps=1e-05, momentum=0.1, affine=True, track_running_stats=True)
          (relu): ReLU(inplace=True)
          (drop_path): Identity()
        )
        (16): Bottleneck(
          (conv1): Conv2d(1024, 256, kernel_size=(1, 1), stride=(1, 1), bias=False)
          (bn1): BatchNorm2d(256, eps=1e-05, momentum=0.1, affine=True, track_running_stats=True)
          (conv2): Conv2d(256, 256, kernel_size=(3, 3), stride=(1, 1), padding=(1, 1), bias=False)
          (bn2): BatchNorm2d(256, eps=1e-05, momentum=0.1, affine=True, track_running_stats=True)
          (conv3): Conv2d(256, 1024, kernel_size=(1, 1), stride=(1, 1), bias=False)
          (bn3): BatchNorm2d(1024, eps=1e-05, momentum=0.1, affine=True, track_running_stats=True)
          (relu): ReLU(inplace=True)
          (drop_path): Identity()
        )
        (17): Bottleneck(
          (conv1): Conv2d(1024, 256, kernel_size=(1, 1), stride=(1, 1), bias=False)
          (bn1): BatchNorm2d(256, eps=1e-05, momentum=0.1, affine=True, track_running_stats=True)
          (conv2): Conv2d(256, 256, kernel_size=(3, 3), stride=(1, 1), padding=(1, 1), bias=False)
          (bn2): BatchNorm2d(256, eps=1e-05, momentum=0.1, affine=True, track_running_stats=True)
          (conv3): Conv2d(256, 1024, kernel_size=(1, 1), stride=(1, 1), bias=False)
          (bn3): BatchNorm2d(1024, eps=1e-05, momentum=0.1, affine=True, track_running_stats=True)
          (relu): ReLU(inplace=True)
          (drop_path): Identity()
        )
        (18): Bottleneck(
          (conv1): Conv2d(1024, 256, kernel_size=(1, 1), stride=(1, 1), bias=False)
          (bn1): BatchNorm2d(256, eps=1e-05, momentum=0.1, affine=True, track_running_stats=True)
          (conv2): Conv2d(256, 256, kernel_size=(3, 3), stride=(1, 1), padding=(1, 1), bias=False)
          (bn2): BatchNorm2d(256, eps=1e-05, momentum=0.1, affine=True, track_running_stats=True)
          (conv3): Conv2d(256, 1024, kernel_size=(1, 1), stride=(1, 1), bias=False)
          (bn3): BatchNorm2d(1024, eps=1e-05, momentum=0.1, affine=True, track_running_stats=True)
          (relu): ReLU(inplace=True)
          (drop_path): Identity()
        )
        (19): Bottleneck(
          (conv1): Conv2d(1024, 256, kernel_size=(1, 1), stride=(1, 1), bias=False)
          (bn1): BatchNorm2d(256, eps=1e-05, momentum=0.1, affine=True, track_running_stats=True)
          (conv2): Conv2d(256, 256, kernel_size=(3, 3), stride=(1, 1), padding=(1, 1), bias=False)
          (bn2): BatchNorm2d(256, eps=1e-05, momentum=0.1, affine=True, track_running_stats=True)
          (conv3): Conv2d(256, 1024, kernel_size=(1, 1), stride=(1, 1), bias=False)
          (bn3): BatchNorm2d(1024, eps=1e-05, momentum=0.1, affine=True, track_running_stats=True)
          (relu): ReLU(inplace=True)
          (drop_path): Identity()
        )
        (20): Bottleneck(
          (conv1): Conv2d(1024, 256, kernel_size=(1, 1), stride=(1, 1), bias=False)
          (bn1): BatchNorm2d(256, eps=1e-05, momentum=0.1, affine=True, track_running_stats=True)
          (conv2): Conv2d(256, 256, kernel_size=(3, 3), stride=(1, 1), padding=(1, 1), bias=False)
          (bn2): BatchNorm2d(256, eps=1e-05, momentum=0.1, affine=True, track_running_stats=True)
          (conv3): Conv2d(256, 1024, kernel_size=(1, 1), stride=(1, 1), bias=False)
          (bn3): BatchNorm2d(1024, eps=1e-05, momentum=0.1, affine=True, track_running_stats=True)
          (relu): ReLU(inplace=True)
          (drop_path): Identity()
        )
        (21): Bottleneck(
          (conv1): Conv2d(1024, 256, kernel_size=(1, 1), stride=(1, 1), bias=False)
          (bn1): BatchNorm2d(256, eps=1e-05, momentum=0.1, affine=True, track_running_stats=True)
          (conv2): Conv2d(256, 256, kernel_size=(3, 3), stride=(1, 1), padding=(1, 1), bias=False)
          (bn2): BatchNorm2d(256, eps=1e-05, momentum=0.1, affine=True, track_running_stats=True)
          (conv3): Conv2d(256, 1024, kernel_size=(1, 1), stride=(1, 1), bias=False)
          (bn3): BatchNorm2d(1024, eps=1e-05, momentum=0.1, affine=True, track_running_stats=True)
          (relu): ReLU(inplace=True)
          (drop_path): Identity()
        )
        (22): Bottleneck(
          (conv1): Conv2d(1024, 256, kernel_size=(1, 1), stride=(1, 1), bias=False)
          (bn1): BatchNorm2d(256, eps=1e-05, momentum=0.1, affine=True, track_running_stats=True)
          (conv2): Conv2d(256, 256, kernel_size=(3, 3), stride=(1, 1), padding=(1, 1), bias=False)
          (bn2): BatchNorm2d(256, eps=1e-05, momentum=0.1, affine=True, track_running_stats=True)
          (conv3): Conv2d(256, 1024, kernel_size=(1, 1), stride=(1, 1), bias=False)
          (bn3): BatchNorm2d(1024, eps=1e-05, momentum=0.1, affine=True, track_running_stats=True)
          (relu): ReLU(inplace=True)
          (drop_path): Identity()
        )
      )
    )
    (image_proj): Linear(in_features=1024, out_features=768, bias=True)
    (patch_layernorm_embedding): LayerNorm((768,), eps=1e-05, elementwise_affine=True)
    (embed_positions): Embedding(1026, 768)
    (embed_image_positions): Embedding(1765, 768)
    (pos_ln): LayerNorm((768,), eps=1e-05, elementwise_affine=True)
    (image_pos_ln): LayerNorm((768,), eps=1e-05, elementwise_affine=True)
    (pos_q_linear): Linear(in_features=768, out_features=768, bias=True)
    (pos_k_linear): Linear(in_features=768, out_features=768, bias=True)
    (layers): ModuleList(
      (0): TransformerEncoderLayer(
        (self_attn): MultiheadAttention(
          (dropout_module): FairseqDropout()
          (k_proj): Linear(in_features=768, out_features=768, bias=True)
          (v_proj): Linear(in_features=768, out_features=768, bias=True)
          (q_proj): Linear(in_features=768, out_features=768, bias=True)
          (out_proj): Linear(in_features=768, out_features=768, bias=True)
        )
        (self_attn_layer_norm): LayerNorm((768,), eps=1e-05, elementwise_affine=True)
        (dropout_module): FairseqDropout()
        (activation_dropout_module): FairseqDropout()
        (fc1): Linear(in_features=768, out_features=3072, bias=True)
        (fc2): Linear(in_features=3072, out_features=768, bias=True)
        (attn_ln): LayerNorm((768,), eps=1e-05, elementwise_affine=True)
        (ffn_layernorm): LayerNorm((3072,), eps=1e-05, elementwise_affine=True)
        (final_layer_norm): LayerNorm((768,), eps=1e-05, elementwise_affine=True)
        (drop_path): Identity()
      )
      (1): TransformerEncoderLayer(
        (self_attn): MultiheadAttention(
          (dropout_module): FairseqDropout()
          (k_proj): Linear(in_features=768, out_features=768, bias=True)
          (v_proj): Linear(in_features=768, out_features=768, bias=True)
          (q_proj): Linear(in_features=768, out_features=768, bias=True)
          (out_proj): Linear(in_features=768, out_features=768, bias=True)
        )
        (self_attn_layer_norm): LayerNorm((768,), eps=1e-05, elementwise_affine=True)
        (dropout_module): FairseqDropout()
        (activation_dropout_module): FairseqDropout()
        (fc1): Linear(in_features=768, out_features=3072, bias=True)
        (fc2): Linear(in_features=3072, out_features=768, bias=True)
        (attn_ln): LayerNorm((768,), eps=1e-05, elementwise_affine=True)
        (ffn_layernorm): LayerNorm((3072,), eps=1e-05, elementwise_affine=True)
        (final_layer_norm): LayerNorm((768,), eps=1e-05, elementwise_affine=True)
        (drop_path): DropPath(p=0.019999999552965164)
      )
      (2): TransformerEncoderLayer(
        (self_attn): MultiheadAttention(
          (dropout_module): FairseqDropout()
          (k_proj): Linear(in_features=768, out_features=768, bias=True)
          (v_proj): Linear(in_features=768, out_features=768, bias=True)
          (q_proj): Linear(in_features=768, out_features=768, bias=True)
          (out_proj): Linear(in_features=768, out_features=768, bias=True)
        )
        (self_attn_layer_norm): LayerNorm((768,), eps=1e-05, elementwise_affine=True)
        (dropout_module): FairseqDropout()
        (activation_dropout_module): FairseqDropout()
        (fc1): Linear(in_features=768, out_features=3072, bias=True)
        (fc2): Linear(in_features=3072, out_features=768, bias=True)
        (attn_ln): LayerNorm((768,), eps=1e-05, elementwise_affine=True)
        (ffn_layernorm): LayerNorm((3072,), eps=1e-05, elementwise_affine=True)
        (final_layer_norm): LayerNorm((768,), eps=1e-05, elementwise_affine=True)
        (drop_path): DropPath(p=0.03999999910593033)
      )
      (3): TransformerEncoderLayer(
        (self_attn): MultiheadAttention(
          (dropout_module): FairseqDropout()
          (k_proj): Linear(in_features=768, out_features=768, bias=True)
          (v_proj): Linear(in_features=768, out_features=768, bias=True)
          (q_proj): Linear(in_features=768, out_features=768, bias=True)
          (out_proj): Linear(in_features=768, out_features=768, bias=True)
        )
        (self_attn_layer_norm): LayerNorm((768,), eps=1e-05, elementwise_affine=True)
        (dropout_module): FairseqDropout()
        (activation_dropout_module): FairseqDropout()
        (fc1): Linear(in_features=768, out_features=3072, bias=True)
        (fc2): Linear(in_features=3072, out_features=768, bias=True)
        (attn_ln): LayerNorm((768,), eps=1e-05, elementwise_affine=True)
        (ffn_layernorm): LayerNorm((3072,), eps=1e-05, elementwise_affine=True)
        (final_layer_norm): LayerNorm((768,), eps=1e-05, elementwise_affine=True)
        (drop_path): DropPath(p=0.06000000238418579)
      )
      (4): TransformerEncoderLayer(
        (self_attn): MultiheadAttention(
          (dropout_module): FairseqDropout()
          (k_proj): Linear(in_features=768, out_features=768, bias=True)
          (v_proj): Linear(in_features=768, out_features=768, bias=True)
          (q_proj): Linear(in_features=768, out_features=768, bias=True)
          (out_proj): Linear(in_features=768, out_features=768, bias=True)
        )
        (self_attn_layer_norm): LayerNorm((768,), eps=1e-05, elementwise_affine=True)
        (dropout_module): FairseqDropout()
        (activation_dropout_module): FairseqDropout()
        (fc1): Linear(in_features=768, out_features=3072, bias=True)
        (fc2): Linear(in_features=3072, out_features=768, bias=True)
        (attn_ln): LayerNorm((768,), eps=1e-05, elementwise_affine=True)
        (ffn_layernorm): LayerNorm((3072,), eps=1e-05, elementwise_affine=True)
        (final_layer_norm): LayerNorm((768,), eps=1e-05, elementwise_affine=True)
        (drop_path): DropPath(p=0.07999999821186066)
      )
      (5): TransformerEncoderLayer(
        (self_attn): MultiheadAttention(
          (dropout_module): FairseqDropout()
          (k_proj): Linear(in_features=768, out_features=768, bias=True)
          (v_proj): Linear(in_features=768, out_features=768, bias=True)
          (q_proj): Linear(in_features=768, out_features=768, bias=True)
          (out_proj): Linear(in_features=768, out_features=768, bias=True)
        )
        (self_attn_layer_norm): LayerNorm((768,), eps=1e-05, elementwise_affine=True)
        (dropout_module): FairseqDropout()
        (activation_dropout_module): FairseqDropout()
        (fc1): Linear(in_features=768, out_features=3072, bias=True)
        (fc2): Linear(in_features=3072, out_features=768, bias=True)
        (attn_ln): LayerNorm((768,), eps=1e-05, elementwise_affine=True)
        (ffn_layernorm): LayerNorm((3072,), eps=1e-05, elementwise_affine=True)
        (final_layer_norm): LayerNorm((768,), eps=1e-05, elementwise_affine=True)
        (drop_path): DropPath(p=0.10000000149011612)
      )
    )
    (layer_norm): LayerNorm((768,), eps=1e-05, elementwise_affine=True)
    (token_rel_pos_table_list): ModuleList(
      (0): Embedding(511, 12)
      (1): Embedding(511, 12)
      (2): Embedding(511, 12)
      (3): Embedding(511, 12)
      (4): Embedding(511, 12)
      (5): Embedding(511, 12)
    )
    (image_rel_pos_table_list): ModuleList(
      (0): Embedding(6892, 12)
      (1): Embedding(6892, 12)
      (2): Embedding(6892, 12)
      (3): Embedding(6892, 12)
      (4): Embedding(6892, 12)
      (5): Embedding(6892, 12)
    )
  )
  (decoder): TransformerDecoder(
    (dropout_module): FairseqDropout()
    (embed_tokens): Embedding(59457, 768, padding_idx=1)
    (layernorm_embedding): LayerNorm((768,), eps=1e-05, elementwise_affine=True)
    (embed_positions): Embedding(1026, 768)
    (embed_image_positions): Embedding(1765, 768)
    (pos_ln): LayerNorm((768,), eps=1e-05, elementwise_affine=True)
    (image_pos_ln): LayerNorm((768,), eps=1e-05, elementwise_affine=True)
    (self_pos_q_linear): Linear(in_features=768, out_features=768, bias=True)
    (self_pos_k_linear): Linear(in_features=768, out_features=768, bias=True)
    (cross_pos_q_linear): Linear(in_features=768, out_features=768, bias=True)
    (cross_pos_k_linear): Linear(in_features=768, out_features=768, bias=True)
    (code_layernorm_embedding): LayerNorm((768,), eps=1e-05, elementwise_affine=True)
    (layers): ModuleList(
      (0): TransformerDecoderLayer(
        (dropout_module): FairseqDropout()
        (self_attn): MultiheadAttention(
          (dropout_module): FairseqDropout()
          (k_proj): Linear(in_features=768, out_features=768, bias=True)
          (v_proj): Linear(in_features=768, out_features=768, bias=True)
          (q_proj): Linear(in_features=768, out_features=768, bias=True)
          (out_proj): Linear(in_features=768, out_features=768, bias=True)
        )
        (self_attn_ln): LayerNorm((768,), eps=1e-05, elementwise_affine=True)
        (cross_attn_ln): LayerNorm((768,), eps=1e-05, elementwise_affine=True)
        (activation_dropout_module): FairseqDropout()
        (self_attn_layer_norm): LayerNorm((768,), eps=1e-05, elementwise_affine=True)
        (encoder_attn): MultiheadAttention(
          (dropout_module): FairseqDropout()
          (k_proj): Linear(in_features=768, out_features=768, bias=True)
          (v_proj): Linear(in_features=768, out_features=768, bias=True)
          (q_proj): Linear(in_features=768, out_features=768, bias=True)
          (out_proj): Linear(in_features=768, out_features=768, bias=True)
        )
        (encoder_attn_layer_norm): LayerNorm((768,), eps=1e-05, elementwise_affine=True)
        (ffn_layernorm): LayerNorm((3072,), eps=1e-05, elementwise_affine=True)
        (fc1): Linear(in_features=768, out_features=3072, bias=True)
        (fc2): Linear(in_features=3072, out_features=768, bias=True)
        (final_layer_norm): LayerNorm((768,), eps=1e-05, elementwise_affine=True)
        (drop_path): Identity()
      )
      (1): TransformerDecoderLayer(
        (dropout_module): FairseqDropout()
        (self_attn): MultiheadAttention(
          (dropout_module): FairseqDropout()
          (k_proj): Linear(in_features=768, out_features=768, bias=True)
          (v_proj): Linear(in_features=768, out_features=768, bias=True)
          (q_proj): Linear(in_features=768, out_features=768, bias=True)
          (out_proj): Linear(in_features=768, out_features=768, bias=True)
        )
        (self_attn_ln): LayerNorm((768,), eps=1e-05, elementwise_affine=True)
        (cross_attn_ln): LayerNorm((768,), eps=1e-05, elementwise_affine=True)
        (activation_dropout_module): FairseqDropout()
        (self_attn_layer_norm): LayerNorm((768,), eps=1e-05, elementwise_affine=True)
        (encoder_attn): MultiheadAttention(
          (dropout_module): FairseqDropout()
          (k_proj): Linear(in_features=768, out_features=768, bias=True)
          (v_proj): Linear(in_features=768, out_features=768, bias=True)
          (q_proj): Linear(in_features=768, out_features=768, bias=True)
          (out_proj): Linear(in_features=768, out_features=768, bias=True)
        )
        (encoder_attn_layer_norm): LayerNorm((768,), eps=1e-05, elementwise_affine=True)
        (ffn_layernorm): LayerNorm((3072,), eps=1e-05, elementwise_affine=True)
        (fc1): Linear(in_features=768, out_features=3072, bias=True)
        (fc2): Linear(in_features=3072, out_features=768, bias=True)
        (final_layer_norm): LayerNorm((768,), eps=1e-05, elementwise_affine=True)
        (drop_path): DropPath(p=0.019999999552965164)
      )
      (2): TransformerDecoderLayer(
        (dropout_module): FairseqDropout()
        (self_attn): MultiheadAttention(
          (dropout_module): FairseqDropout()
          (k_proj): Linear(in_features=768, out_features=768, bias=True)
          (v_proj): Linear(in_features=768, out_features=768, bias=True)
          (q_proj): Linear(in_features=768, out_features=768, bias=True)
          (out_proj): Linear(in_features=768, out_features=768, bias=True)
        )
        (self_attn_ln): LayerNorm((768,), eps=1e-05, elementwise_affine=True)
        (cross_attn_ln): LayerNorm((768,), eps=1e-05, elementwise_affine=True)
        (activation_dropout_module): FairseqDropout()
        (self_attn_layer_norm): LayerNorm((768,), eps=1e-05, elementwise_affine=True)
        (encoder_attn): MultiheadAttention(
          (dropout_module): FairseqDropout()
          (k_proj): Linear(in_features=768, out_features=768, bias=True)
          (v_proj): Linear(in_features=768, out_features=768, bias=True)
          (q_proj): Linear(in_features=768, out_features=768, bias=True)
          (out_proj): Linear(in_features=768, out_features=768, bias=True)
        )
        (encoder_attn_layer_norm): LayerNorm((768,), eps=1e-05, elementwise_affine=True)
        (ffn_layernorm): LayerNorm((3072,), eps=1e-05, elementwise_affine=True)
        (fc1): Linear(in_features=768, out_features=3072, bias=True)
        (fc2): Linear(in_features=3072, out_features=768, bias=True)
        (final_layer_norm): LayerNorm((768,), eps=1e-05, elementwise_affine=True)
        (drop_path): DropPath(p=0.03999999910593033)
      )
      (3): TransformerDecoderLayer(
        (dropout_module): FairseqDropout()
        (self_attn): MultiheadAttention(
          (dropout_module): FairseqDropout()
          (k_proj): Linear(in_features=768, out_features=768, bias=True)
          (v_proj): Linear(in_features=768, out_features=768, bias=True)
          (q_proj): Linear(in_features=768, out_features=768, bias=True)
          (out_proj): Linear(in_features=768, out_features=768, bias=True)
        )
        (self_attn_ln): LayerNorm((768,), eps=1e-05, elementwise_affine=True)
        (cross_attn_ln): LayerNorm((768,), eps=1e-05, elementwise_affine=True)
        (activation_dropout_module): FairseqDropout()
        (self_attn_layer_norm): LayerNorm((768,), eps=1e-05, elementwise_affine=True)
        (encoder_attn): MultiheadAttention(
          (dropout_module): FairseqDropout()
          (k_proj): Linear(in_features=768, out_features=768, bias=True)
          (v_proj): Linear(in_features=768, out_features=768, bias=True)
          (q_proj): Linear(in_features=768, out_features=768, bias=True)
          (out_proj): Linear(in_features=768, out_features=768, bias=True)
        )
        (encoder_attn_layer_norm): LayerNorm((768,), eps=1e-05, elementwise_affine=True)
        (ffn_layernorm): LayerNorm((3072,), eps=1e-05, elementwise_affine=True)
        (fc1): Linear(in_features=768, out_features=3072, bias=True)
        (fc2): Linear(in_features=3072, out_features=768, bias=True)
        (final_layer_norm): LayerNorm((768,), eps=1e-05, elementwise_affine=True)
        (drop_path): DropPath(p=0.06000000238418579)
      )
      (4): TransformerDecoderLayer(
        (dropout_module): FairseqDropout()
        (self_attn): MultiheadAttention(
          (dropout_module): FairseqDropout()
          (k_proj): Linear(in_features=768, out_features=768, bias=True)
          (v_proj): Linear(in_features=768, out_features=768, bias=True)
          (q_proj): Linear(in_features=768, out_features=768, bias=True)
          (out_proj): Linear(in_features=768, out_features=768, bias=True)
        )
        (self_attn_ln): LayerNorm((768,), eps=1e-05, elementwise_affine=True)
        (cross_attn_ln): LayerNorm((768,), eps=1e-05, elementwise_affine=True)
        (activation_dropout_module): FairseqDropout()
        (self_attn_layer_norm): LayerNorm((768,), eps=1e-05, elementwise_affine=True)
        (encoder_attn): MultiheadAttention(
          (dropout_module): FairseqDropout()
          (k_proj): Linear(in_features=768, out_features=768, bias=True)
          (v_proj): Linear(in_features=768, out_features=768, bias=True)
          (q_proj): Linear(in_features=768, out_features=768, bias=True)
          (out_proj): Linear(in_features=768, out_features=768, bias=True)
        )
        (encoder_attn_layer_norm): LayerNorm((768,), eps=1e-05, elementwise_affine=True)
        (ffn_layernorm): LayerNorm((3072,), eps=1e-05, elementwise_affine=True)
        (fc1): Linear(in_features=768, out_features=3072, bias=True)
        (fc2): Linear(in_features=3072, out_features=768, bias=True)
        (final_layer_norm): LayerNorm((768,), eps=1e-05, elementwise_affine=True)
        (drop_path): DropPath(p=0.07999999821186066)
      )
      (5): TransformerDecoderLayer(
        (dropout_module): FairseqDropout()
        (self_attn): MultiheadAttention(
          (dropout_module): FairseqDropout()
          (k_proj): Linear(in_features=768, out_features=768, bias=True)
          (v_proj): Linear(in_features=768, out_features=768, bias=True)
          (q_proj): Linear(in_features=768, out_features=768, bias=True)
          (out_proj): Linear(in_features=768, out_features=768, bias=True)
        )
        (self_attn_ln): LayerNorm((768,), eps=1e-05, elementwise_affine=True)
        (cross_attn_ln): LayerNorm((768,), eps=1e-05, elementwise_affine=True)
        (activation_dropout_module): FairseqDropout()
        (self_attn_layer_norm): LayerNorm((768,), eps=1e-05, elementwise_affine=True)
        (encoder_attn): MultiheadAttention(
          (dropout_module): FairseqDropout()
          (k_proj): Linear(in_features=768, out_features=768, bias=True)
          (v_proj): Linear(in_features=768, out_features=768, bias=True)
          (q_proj): Linear(in_features=768, out_features=768, bias=True)
          (out_proj): Linear(in_features=768, out_features=768, bias=True)
        )
        (encoder_attn_layer_norm): LayerNorm((768,), eps=1e-05, elementwise_affine=True)
        (ffn_layernorm): LayerNorm((3072,), eps=1e-05, elementwise_affine=True)
        (fc1): Linear(in_features=768, out_features=3072, bias=True)
        (fc2): Linear(in_features=3072, out_features=768, bias=True)
        (final_layer_norm): LayerNorm((768,), eps=1e-05, elementwise_affine=True)
        (drop_path): DropPath(p=0.10000000149011612)
      )
    )
    (layer_norm): LayerNorm((768,), eps=1e-05, elementwise_affine=True)
    (output_projection): Linear(in_features=768, out_features=59457, bias=False)
    (token_rel_pos_table_list): ModuleList(
      (0): Embedding(511, 12)
      (1): Embedding(511, 12)
      (2): Embedding(511, 12)
      (3): Embedding(511, 12)
      (4): Embedding(511, 12)
      (5): Embedding(511, 12)
    )
    (image_rel_pos_table_list): ModuleList(
      (0): Embedding(6892, 12)
      (1): Embedding(6892, 12)
      (2): Embedding(6892, 12)
      (3): Embedding(6892, 12)
      (4): Embedding(6892, 12)
      (5): Embedding(6892, 12)
    )
  )
  (classification_heads): ModuleDict()
)
2023-03-06 08:22:22 - train.py[line:111] - INFO: task: CaptionTask
2023-03-06 08:22:22 - train.py[line:112] - INFO: model: OFAModel
2023-03-06 08:22:22 - train.py[line:113] - INFO: criterion: AdjustLabelSmoothedCrossEntropyCriterion
2023-03-06 08:22:22 - train.py[line:114] - INFO: num. shared model params: 182,238,536 (num. trained: 136,575,560)
2023-03-06 08:22:22 - train.py[line:121] - INFO: num. expert model params: 0 (num. trained: 0)
local datafile ../../dataset/caption_data/val.tsv slice_id 0 begin to initialize row_count and line_idx-to-offset mapping
local datafile ../../dataset/caption_data/val.tsv slice_id 0 finished initializing row_count and line_idx-to-offset mappinglocal datafile ../../dataset/caption_data/val.tsv slice_id 1 finished initializing row_count and line_idx-to-offset mapping

file ../../dataset/caption_data/val.tsv slice_id 1 row count 46637 total row count 93274
file ../../dataset/caption_data/val.tsv slice_id 0 row count 46637 total row count 93274
/root/miniconda3/lib/python3.8/site-packages/torchvision/transforms/transforms.py:332: UserWarning: Argument 'interpolation' of type int is deprecated since 0.13 and will be removed in 0.15. Please use InterpolationMode enum.
  warnings.warn(
/root/miniconda3/lib/python3.8/site-packages/torchvision/transforms/transforms.py:332: UserWarning: Argument 'interpolation' of type int is deprecated since 0.13 and will be removed in 0.15. Please use InterpolationMode enum.
  warnings.warn(
2023-03-06 08:22:45 - distributed_c10d.py[line:228] - INFO: Added key: store_based_barrier_key:2 to store for rank: 0
2023-03-06 08:22:45 - distributed_c10d.py[line:262] - INFO: Rank 0: Completed store-based barrier for key:store_based_barrier_key:2 with 2 nodes.
2023-03-06 08:22:45 - trainer.py[line:123] - INFO: detected shared parameter: encoder.embed_tokens.weight <- decoder.embed_tokens.weight
2023-03-06 08:22:45 - trainer.py[line:123] - INFO: detected shared parameter: encoder.embed_tokens.weight <- decoder.output_projection.weight
2023-03-06 08:22:45 - trainer.py[line:123] - INFO: detected shared parameter: encoder.embed_images.conv1.bias <- encoder.embed_images.layer1.0.conv1.bias
2023-03-06 08:22:45 - trainer.py[line:123] - INFO: detected shared parameter: encoder.embed_images.conv1.bias <- encoder.embed_images.layer1.0.conv2.bias
2023-03-06 08:22:45 - trainer.py[line:123] - INFO: detected shared parameter: encoder.embed_images.conv1.bias <- encoder.embed_images.layer1.0.conv3.bias
2023-03-06 08:22:45 - trainer.py[line:123] - INFO: detected shared parameter: encoder.embed_images.conv1.bias <- encoder.embed_images.layer1.0.downsample.0.bias
2023-03-06 08:22:45 - trainer.py[line:123] - INFO: detected shared parameter: encoder.embed_images.conv1.bias <- encoder.embed_images.layer1.1.conv1.bias
2023-03-06 08:22:45 - trainer.py[line:123] - INFO: detected shared parameter: encoder.embed_images.conv1.bias <- encoder.embed_images.layer1.1.conv2.bias
2023-03-06 08:22:45 - trainer.py[line:123] - INFO: detected shared parameter: encoder.embed_images.conv1.bias <- encoder.embed_images.layer1.1.conv3.bias
2023-03-06 08:22:45 - trainer.py[line:123] - INFO: detected shared parameter: encoder.embed_images.conv1.bias <- encoder.embed_images.layer1.2.conv1.bias
2023-03-06 08:22:45 - trainer.py[line:123] - INFO: detected shared parameter: encoder.embed_images.conv1.bias <- encoder.embed_images.layer1.2.conv2.bias
2023-03-06 08:22:45 - trainer.py[line:123] - INFO: detected shared parameter: encoder.embed_images.conv1.bias <- encoder.embed_images.layer1.2.conv3.bias
2023-03-06 08:22:45 - trainer.py[line:123] - INFO: detected shared parameter: encoder.embed_images.conv1.bias <- encoder.embed_images.layer2.0.conv1.bias
2023-03-06 08:22:45 - trainer.py[line:123] - INFO: detected shared parameter: encoder.embed_images.conv1.bias <- encoder.embed_images.layer2.0.conv2.bias
2023-03-06 08:22:45 - trainer.py[line:123] - INFO: detected shared parameter: encoder.embed_images.conv1.bias <- encoder.embed_images.layer2.0.conv3.bias
2023-03-06 08:22:45 - trainer.py[line:123] - INFO: detected shared parameter: encoder.embed_images.conv1.bias <- encoder.embed_images.layer2.0.downsample.0.bias
2023-03-06 08:22:45 - trainer.py[line:123] - INFO: detected shared parameter: encoder.embed_images.conv1.bias <- encoder.embed_images.layer2.1.conv1.bias
2023-03-06 08:22:45 - trainer.py[line:123] - INFO: detected shared parameter: encoder.embed_images.conv1.bias <- encoder.embed_images.layer2.1.conv2.bias
2023-03-06 08:22:45 - trainer.py[line:123] - INFO: detected shared parameter: encoder.embed_images.conv1.bias <- encoder.embed_images.layer2.1.conv3.bias
2023-03-06 08:22:45 - trainer.py[line:123] - INFO: detected shared parameter: encoder.embed_images.conv1.bias <- encoder.embed_images.layer2.2.conv1.bias
2023-03-06 08:22:45 - trainer.py[line:123] - INFO: detected shared parameter: encoder.embed_images.conv1.bias <- encoder.embed_images.layer2.2.conv2.bias
2023-03-06 08:22:45 - trainer.py[line:123] - INFO: detected shared parameter: encoder.embed_images.conv1.bias <- encoder.embed_images.layer2.2.conv3.bias
2023-03-06 08:22:45 - trainer.py[line:123] - INFO: detected shared parameter: encoder.embed_images.conv1.bias <- encoder.embed_images.layer2.3.conv1.bias
2023-03-06 08:22:45 - trainer.py[line:123] - INFO: detected shared parameter: encoder.embed_images.conv1.bias <- encoder.embed_images.layer2.3.conv2.bias
2023-03-06 08:22:45 - trainer.py[line:123] - INFO: detected shared parameter: encoder.embed_images.conv1.bias <- encoder.embed_images.layer2.3.conv3.bias
2023-03-06 08:22:45 - trainer.py[line:123] - INFO: detected shared parameter: encoder.embed_images.conv1.bias <- encoder.embed_images.layer3.0.conv1.bias
2023-03-06 08:22:45 - trainer.py[line:123] - INFO: detected shared parameter: encoder.embed_images.conv1.bias <- encoder.embed_images.layer3.0.conv2.bias
2023-03-06 08:22:45 - trainer.py[line:123] - INFO: detected shared parameter: encoder.embed_images.conv1.bias <- encoder.embed_images.layer3.0.conv3.bias
2023-03-06 08:22:45 - trainer.py[line:123] - INFO: detected shared parameter: encoder.embed_images.conv1.bias <- encoder.embed_images.layer3.0.downsample.0.bias
2023-03-06 08:22:45 - trainer.py[line:123] - INFO: detected shared parameter: encoder.embed_images.conv1.bias <- encoder.embed_images.layer3.1.conv1.bias
2023-03-06 08:22:45 - trainer.py[line:123] - INFO: detected shared parameter: encoder.embed_images.conv1.bias <- encoder.embed_images.layer3.1.conv2.bias
2023-03-06 08:22:45 - trainer.py[line:123] - INFO: detected shared parameter: encoder.embed_images.conv1.bias <- encoder.embed_images.layer3.1.conv3.bias
2023-03-06 08:22:45 - trainer.py[line:123] - INFO: detected shared parameter: encoder.embed_images.conv1.bias <- encoder.embed_images.layer3.2.conv1.bias
2023-03-06 08:22:45 - trainer.py[line:123] - INFO: detected shared parameter: encoder.embed_images.conv1.bias <- encoder.embed_images.layer3.2.conv2.bias
2023-03-06 08:22:45 - trainer.py[line:123] - INFO: detected shared parameter: encoder.embed_images.conv1.bias <- encoder.embed_images.layer3.2.conv3.bias
2023-03-06 08:22:45 - trainer.py[line:123] - INFO: detected shared parameter: encoder.embed_images.conv1.bias <- encoder.embed_images.layer3.3.conv1.bias
2023-03-06 08:22:45 - trainer.py[line:123] - INFO: detected shared parameter: encoder.embed_images.conv1.bias <- encoder.embed_images.layer3.3.conv2.bias
2023-03-06 08:22:45 - trainer.py[line:123] - INFO: detected shared parameter: encoder.embed_images.conv1.bias <- encoder.embed_images.layer3.3.conv3.bias
2023-03-06 08:22:45 - trainer.py[line:123] - INFO: detected shared parameter: encoder.embed_images.conv1.bias <- encoder.embed_images.layer3.4.conv1.bias
2023-03-06 08:22:45 - trainer.py[line:123] - INFO: detected shared parameter: encoder.embed_images.conv1.bias <- encoder.embed_images.layer3.4.conv2.bias
2023-03-06 08:22:45 - trainer.py[line:123] - INFO: detected shared parameter: encoder.embed_images.conv1.bias <- encoder.embed_images.layer3.4.conv3.bias
2023-03-06 08:22:45 - trainer.py[line:123] - INFO: detected shared parameter: encoder.embed_images.conv1.bias <- encoder.embed_images.layer3.5.conv1.bias
2023-03-06 08:22:45 - trainer.py[line:123] - INFO: detected shared parameter: encoder.embed_images.conv1.bias <- encoder.embed_images.layer3.5.conv2.bias
2023-03-06 08:22:45 - trainer.py[line:123] - INFO: detected shared parameter: encoder.embed_images.conv1.bias <- encoder.embed_images.layer3.5.conv3.bias
2023-03-06 08:22:45 - trainer.py[line:123] - INFO: detected shared parameter: encoder.embed_images.conv1.bias <- encoder.embed_images.layer3.6.conv1.bias
2023-03-06 08:22:45 - trainer.py[line:123] - INFO: detected shared parameter: encoder.embed_images.conv1.bias <- encoder.embed_images.layer3.6.conv2.bias
2023-03-06 08:22:45 - trainer.py[line:123] - INFO: detected shared parameter: encoder.embed_images.conv1.bias <- encoder.embed_images.layer3.6.conv3.bias
2023-03-06 08:22:45 - trainer.py[line:123] - INFO: detected shared parameter: encoder.embed_images.conv1.bias <- encoder.embed_images.layer3.7.conv1.bias
2023-03-06 08:22:45 - trainer.py[line:123] - INFO: detected shared parameter: encoder.embed_images.conv1.bias <- encoder.embed_images.layer3.7.conv2.bias
2023-03-06 08:22:45 - trainer.py[line:123] - INFO: detected shared parameter: encoder.embed_images.conv1.bias <- encoder.embed_images.layer3.7.conv3.bias
2023-03-06 08:22:45 - trainer.py[line:123] - INFO: detected shared parameter: encoder.embed_images.conv1.bias <- encoder.embed_images.layer3.8.conv1.bias
2023-03-06 08:22:45 - trainer.py[line:123] - INFO: detected shared parameter: encoder.embed_images.conv1.bias <- encoder.embed_images.layer3.8.conv2.bias
2023-03-06 08:22:45 - trainer.py[line:123] - INFO: detected shared parameter: encoder.embed_images.conv1.bias <- encoder.embed_images.layer3.8.conv3.bias
2023-03-06 08:22:45 - trainer.py[line:123] - INFO: detected shared parameter: encoder.embed_images.conv1.bias <- encoder.embed_images.layer3.9.conv1.bias
2023-03-06 08:22:45 - trainer.py[line:123] - INFO: detected shared parameter: encoder.embed_images.conv1.bias <- encoder.embed_images.layer3.9.conv2.bias
2023-03-06 08:22:45 - trainer.py[line:123] - INFO: detected shared parameter: encoder.embed_images.conv1.bias <- encoder.embed_images.layer3.9.conv3.bias
2023-03-06 08:22:45 - trainer.py[line:123] - INFO: detected shared parameter: encoder.embed_images.conv1.bias <- encoder.embed_images.layer3.10.conv1.bias
2023-03-06 08:22:45 - trainer.py[line:123] - INFO: detected shared parameter: encoder.embed_images.conv1.bias <- encoder.embed_images.layer3.10.conv2.bias
2023-03-06 08:22:45 - trainer.py[line:123] - INFO: detected shared parameter: encoder.embed_images.conv1.bias <- encoder.embed_images.layer3.10.conv3.bias
2023-03-06 08:22:45 - trainer.py[line:123] - INFO: detected shared parameter: encoder.embed_images.conv1.bias <- encoder.embed_images.layer3.11.conv1.bias
2023-03-06 08:22:45 - trainer.py[line:123] - INFO: detected shared parameter: encoder.embed_images.conv1.bias <- encoder.embed_images.layer3.11.conv2.bias
2023-03-06 08:22:45 - trainer.py[line:123] - INFO: detected shared parameter: encoder.embed_images.conv1.bias <- encoder.embed_images.layer3.11.conv3.bias
2023-03-06 08:22:45 - trainer.py[line:123] - INFO: detected shared parameter: encoder.embed_images.conv1.bias <- encoder.embed_images.layer3.12.conv1.bias
2023-03-06 08:22:45 - trainer.py[line:123] - INFO: detected shared parameter: encoder.embed_images.conv1.bias <- encoder.embed_images.layer3.12.conv2.bias
2023-03-06 08:22:45 - trainer.py[line:123] - INFO: detected shared parameter: encoder.embed_images.conv1.bias <- encoder.embed_images.layer3.12.conv3.bias
2023-03-06 08:22:45 - trainer.py[line:123] - INFO: detected shared parameter: encoder.embed_images.conv1.bias <- encoder.embed_images.layer3.13.conv1.bias
2023-03-06 08:22:45 - trainer.py[line:123] - INFO: detected shared parameter: encoder.embed_images.conv1.bias <- encoder.embed_images.layer3.13.conv2.bias
2023-03-06 08:22:45 - trainer.py[line:123] - INFO: detected shared parameter: encoder.embed_images.conv1.bias <- encoder.embed_images.layer3.13.conv3.bias
2023-03-06 08:22:45 - trainer.py[line:123] - INFO: detected shared parameter: encoder.embed_images.conv1.bias <- encoder.embed_images.layer3.14.conv1.bias
2023-03-06 08:22:45 - trainer.py[line:123] - INFO: detected shared parameter: encoder.embed_images.conv1.bias <- encoder.embed_images.layer3.14.conv2.bias
2023-03-06 08:22:45 - trainer.py[line:123] - INFO: detected shared parameter: encoder.embed_images.conv1.bias <- encoder.embed_images.layer3.14.conv3.bias
2023-03-06 08:22:45 - trainer.py[line:123] - INFO: detected shared parameter: encoder.embed_images.conv1.bias <- encoder.embed_images.layer3.15.conv1.bias
2023-03-06 08:22:45 - trainer.py[line:123] - INFO: detected shared parameter: encoder.embed_images.conv1.bias <- encoder.embed_images.layer3.15.conv2.bias
2023-03-06 08:22:45 - trainer.py[line:123] - INFO: detected shared parameter: encoder.embed_images.conv1.bias <- encoder.embed_images.layer3.15.conv3.bias
2023-03-06 08:22:45 - trainer.py[line:123] - INFO: detected shared parameter: encoder.embed_images.conv1.bias <- encoder.embed_images.layer3.16.conv1.bias
2023-03-06 08:22:45 - trainer.py[line:123] - INFO: detected shared parameter: encoder.embed_images.conv1.bias <- encoder.embed_images.layer3.16.conv2.bias
2023-03-06 08:22:45 - trainer.py[line:123] - INFO: detected shared parameter: encoder.embed_images.conv1.bias <- encoder.embed_images.layer3.16.conv3.bias
2023-03-06 08:22:45 - trainer.py[line:123] - INFO: detected shared parameter: encoder.embed_images.conv1.bias <- encoder.embed_images.layer3.17.conv1.bias
2023-03-06 08:22:45 - trainer.py[line:123] - INFO: detected shared parameter: encoder.embed_images.conv1.bias <- encoder.embed_images.layer3.17.conv2.bias
2023-03-06 08:22:45 - trainer.py[line:123] - INFO: detected shared parameter: encoder.embed_images.conv1.bias <- encoder.embed_images.layer3.17.conv3.bias
2023-03-06 08:22:45 - trainer.py[line:123] - INFO: detected shared parameter: encoder.embed_images.conv1.bias <- encoder.embed_images.layer3.18.conv1.bias
2023-03-06 08:22:45 - trainer.py[line:123] - INFO: detected shared parameter: encoder.embed_images.conv1.bias <- encoder.embed_images.layer3.18.conv2.bias
2023-03-06 08:22:45 - trainer.py[line:123] - INFO: detected shared parameter: encoder.embed_images.conv1.bias <- encoder.embed_images.layer3.18.conv3.bias
2023-03-06 08:22:45 - trainer.py[line:123] - INFO: detected shared parameter: encoder.embed_images.conv1.bias <- encoder.embed_images.layer3.19.conv1.bias
2023-03-06 08:22:45 - trainer.py[line:123] - INFO: detected shared parameter: encoder.embed_images.conv1.bias <- encoder.embed_images.layer3.19.conv2.bias
2023-03-06 08:22:45 - trainer.py[line:123] - INFO: detected shared parameter: encoder.embed_images.conv1.bias <- encoder.embed_images.layer3.19.conv3.bias
2023-03-06 08:22:45 - trainer.py[line:123] - INFO: detected shared parameter: encoder.embed_images.conv1.bias <- encoder.embed_images.layer3.20.conv1.bias
2023-03-06 08:22:45 - trainer.py[line:123] - INFO: detected shared parameter: encoder.embed_images.conv1.bias <- encoder.embed_images.layer3.20.conv2.bias
2023-03-06 08:22:45 - trainer.py[line:123] - INFO: detected shared parameter: encoder.embed_images.conv1.bias <- encoder.embed_images.layer3.20.conv3.bias
2023-03-06 08:22:45 - trainer.py[line:123] - INFO: detected shared parameter: encoder.embed_images.conv1.bias <- encoder.embed_images.layer3.21.conv1.bias
2023-03-06 08:22:45 - trainer.py[line:123] - INFO: detected shared parameter: encoder.embed_images.conv1.bias <- encoder.embed_images.layer3.21.conv2.bias
2023-03-06 08:22:45 - trainer.py[line:123] - INFO: detected shared parameter: encoder.embed_images.conv1.bias <- encoder.embed_images.layer3.21.conv3.bias
2023-03-06 08:22:45 - trainer.py[line:123] - INFO: detected shared parameter: encoder.embed_images.conv1.bias <- encoder.embed_images.layer3.22.conv1.bias
2023-03-06 08:22:45 - trainer.py[line:123] - INFO: detected shared parameter: encoder.embed_images.conv1.bias <- encoder.embed_images.layer3.22.conv2.bias
2023-03-06 08:22:45 - trainer.py[line:123] - INFO: detected shared parameter: encoder.embed_images.conv1.bias <- encoder.embed_images.layer3.22.conv3.bias
2023-03-06 08:22:45 - trainer.py[line:123] - INFO: detected shared parameter: encoder.embed_images.conv1.bias <- decoder.output_projection.bias
2023-03-06 08:22:45 - utils.py[line:759] - INFO: ***********************CUDA enviroments for all 2 workers***********************
2023-03-06 08:22:45 - utils.py[line:761] - INFO: rank   0: capabilities =  8.6  ; total memory = 23.688 GB ; name = NVIDIA RTX A5000                        
2023-03-06 08:22:45 - utils.py[line:761] - INFO: rank   1: capabilities =  8.6  ; total memory = 23.688 GB ; name = NVIDIA RTX A5000                        
2023-03-06 08:22:45 - utils.py[line:767] - INFO: ***********************CUDA enviroments for all 2 workers***********************
2023-03-06 08:22:45 - train.py[line:152] - INFO: training on 2 devices (GPUs/TPUs)
2023-03-06 08:22:45 - train.py[line:157] - INFO: max tokens per device = None and max sentences per device = 8
2023-03-06 08:22:45 - trainer.py[line:458] - INFO: Preparing to load checkpoint ../../checkpoints/checkpoint_stage1_best.pt
2023-03-06 08:22:50 - trainer.py[line:617] - INFO: Loaded checkpoint ../../checkpoints/checkpoint_stage1_best.pt (epoch 2 @ 0 updates)
2023-03-06 08:22:50 - trainer.py[line:639] - INFO: loading train data for epoch 1
local datafile ../../dataset/caption_data/train1.tsv slice_id 0 begin to initialize row_count and line_idx-to-offset mapping
local datafile ../../dataset/caption_data/train1.tsv slice_id 1 begin to initialize row_count and line_idx-to-offset mapping
local datafile ../../dataset/caption_data/train1.tsv slice_id 1 finished initializing row_count and line_idx-to-offset mapping
local datafile ../../dataset/caption_data/train1.tsv slice_id 0 finished initializing row_count and line_idx-to-offset mapping
file ../../dataset/caption_data/train1.tsv slice_id 0 row count 4008 total row count 8015
file ../../dataset/caption_data/train1.tsv slice_id 1 row count 4007 total row count 8015
slice_id 1 seek offset 4008
Total steps 378, warmup steps 22, warmup_factor 0.045454545454545456
slice_id 0 seek offset 0
Total steps 378, warmup steps 22, warmup_factor 0.045454545454545456
2023-03-06 08:22:51 - trainer.py[line:703] - INFO: begin training epoch 1
2023-03-06 08:22:51 - train.py[line:305] - INFO: Start iterating over samples
2023-03-06 08:23:16 - progress_bar.py[line:272] - INFO: epoch 001:     10 / 126 loss=7.138, loss_v1=0, loss_v2=0, nll_loss=6.668, ntokens=4910.3, nsentences=64, sample_size=4910.3, sample_size_v1=0, sample_size_v2=0, ppl=101.67, wps=2423.5, ups=0.49, wpb=4910.3, bsz=64, num_updates=10, lr=4.54545e-06, gnorm=1.618, clip=100, loss_scale=128, train_wall=24, gb_free=12.4, wall=30
2023-03-06 08:23:36 - progress_bar.py[line:272] - INFO: epoch 001:     20 / 126 loss=7.116, loss_v1=0, loss_v2=0, nll_loss=6.644, ntokens=5045.5, nsentences=64, sample_size=5045.5, sample_size_v1=0, sample_size_v2=0, ppl=100, wps=2499.4, ups=0.5, wpb=5045.5, bsz=64, num_updates=20, lr=9.09091e-06, gnorm=1.575, clip=100, loss_scale=128, train_wall=20, gb_free=12.1, wall=51
2023-03-06 08:23:56 - progress_bar.py[line:272] - INFO: epoch 001:     30 / 126 loss=6.968, loss_v1=0, loss_v2=0, nll_loss=6.478, ntokens=4831, nsentences=64, sample_size=4831, sample_size_v1=0, sample_size_v2=0, ppl=89.11, wps=2403.7, ups=0.5, wpb=4831, bsz=64, num_updates=30, lr=9.77528e-06, gnorm=1.587, clip=100, loss_scale=128, train_wall=20, gb_free=11.9, wall=71
2023-03-06 08:24:16 - progress_bar.py[line:272] - INFO: epoch 001:     40 / 126 loss=6.917, loss_v1=0, loss_v2=0, nll_loss=6.421, ntokens=4859.4, nsentences=64, sample_size=4859.4, sample_size_v1=0, sample_size_v2=0, ppl=85.66, wps=2399.4, ups=0.49, wpb=4859.4, bsz=64, num_updates=40, lr=9.49438e-06, gnorm=1.445, clip=100, loss_scale=128, train_wall=20, gb_free=12.2, wall=91
2023-03-06 08:24:37 - progress_bar.py[line:272] - INFO: epoch 001:     50 / 126 loss=6.896, loss_v1=0, loss_v2=0, nll_loss=6.396, ntokens=4857.9, nsentences=64, sample_size=4857.9, sample_size_v1=0, sample_size_v2=0, ppl=84.19, wps=2393.4, ups=0.49, wpb=4857.9, bsz=64, num_updates=50, lr=9.21348e-06, gnorm=1.747, clip=100, loss_scale=128, train_wall=20, gb_free=12.2, wall=111
2023-03-06 08:24:57 - progress_bar.py[line:272] - INFO: epoch 001:     60 / 126 loss=6.879, loss_v1=0, loss_v2=0, nll_loss=6.377, ntokens=5146.6, nsentences=64, sample_size=5146.6, sample_size_v1=0, sample_size_v2=0, ppl=83.12, wps=2537, ups=0.49, wpb=5146.6, bsz=64, num_updates=60, lr=8.93258e-06, gnorm=1.543, clip=100, loss_scale=128, train_wall=20, gb_free=12.1, wall=131
2023-03-06 08:25:17 - progress_bar.py[line:272] - INFO: epoch 001:     70 / 126 loss=6.779, loss_v1=0, loss_v2=0, nll_loss=6.264, ntokens=5018.7, nsentences=64, sample_size=5018.7, sample_size_v1=0, sample_size_v2=0, ppl=76.84, wps=2483.1, ups=0.49, wpb=5018.7, bsz=64, num_updates=70, lr=8.65169e-06, gnorm=1.426, clip=100, loss_scale=128, train_wall=20, gb_free=12.3, wall=152
2023-03-06 08:25:37 - progress_bar.py[line:272] - INFO: epoch 001:     80 / 126 loss=6.667, loss_v1=0, loss_v2=0, nll_loss=6.138, ntokens=4952.1, nsentences=64, sample_size=4952.1, sample_size_v1=0, sample_size_v2=0, ppl=70.42, wps=2458.4, ups=0.5, wpb=4952.1, bsz=64, num_updates=80, lr=8.37079e-06, gnorm=1.367, clip=100, loss_scale=128, train_wall=20, gb_free=11.8, wall=172
2023-03-06 08:25:58 - progress_bar.py[line:272] - INFO: epoch 001:     90 / 126 loss=6.623, loss_v1=0, loss_v2=0, nll_loss=6.088, ntokens=4885.5, nsentences=64, sample_size=4885.5, sample_size_v1=0, sample_size_v2=0, ppl=68.04, wps=2409.5, ups=0.49, wpb=4885.5, bsz=64, num_updates=90, lr=8.08989e-06, gnorm=1.533, clip=100, loss_scale=128, train_wall=20, gb_free=12, wall=192
2023-03-06 08:26:18 - progress_bar.py[line:272] - INFO: epoch 001:    100 / 126 loss=6.627, loss_v1=0, loss_v2=0, nll_loss=6.092, ntokens=4882.1, nsentences=64, sample_size=4882.1, sample_size_v1=0, sample_size_v2=0, ppl=68.21, wps=2409.3, ups=0.49, wpb=4882.1, bsz=64, num_updates=100, lr=7.80899e-06, gnorm=1.585, clip=100, loss_scale=128, train_wall=20, gb_free=12.3, wall=212
2023-03-06 08:26:38 - progress_bar.py[line:272] - INFO: epoch 001:    110 / 126 loss=6.51, loss_v1=0, loss_v2=0, nll_loss=5.961, ntokens=4928.7, nsentences=63.9, sample_size=4928.7, sample_size_v1=0, sample_size_v2=0, ppl=62.28, wps=2453.5, ups=0.5, wpb=4928.7, bsz=63.9, num_updates=110, lr=7.52809e-06, gnorm=1.469, clip=100, loss_scale=128, train_wall=20, gb_free=12, wall=232
2023-03-06 08:26:58 - progress_bar.py[line:272] - INFO: epoch 001:    120 / 126 loss=6.422, loss_v1=0, loss_v2=0, nll_loss=5.862, ntokens=4907.8, nsentences=64, sample_size=4907.8, sample_size_v1=0, sample_size_v2=0, ppl=58.16, wps=2435, ups=0.5, wpb=4907.8, bsz=64, num_updates=120, lr=7.24719e-06, gnorm=1.608, clip=100, loss_scale=128, train_wall=20, gb_free=12.1, wall=253
2023-03-06 08:27:08 - train.py[line:445] - INFO: begin validation on "valid" subset
slice_id 0 seek offset 0
slice_id 1 seek offset 46637
slice_id 0 seek offset 0
slice_id 1 seek offset 46637
/root/autodl-tmp/OFA/fairseq/fairseq/search.py:140: UserWarning: __floordiv__ is deprecated, and its behavior will change in a future version of pytorch. It currently rounds toward 0 (like the 'trunc' function NOT 'floor'). This results in incorrect rounding for negative values. To keep the current behavior, use torch.div(a, b, rounding_mode='trunc'), or for actual floor division, use torch.div(a, b, rounding_mode='floor').
  beams_buf = indices_buf // vocab_size
/root/autodl-tmp/OFA/fairseq/fairseq/search.py:140: UserWarning: __floordiv__ is deprecated, and its behavior will change in a future version of pytorch. It currently rounds toward 0 (like the 'trunc' function NOT 'floor'). This results in incorrect rounding for negative values. To keep the current behavior, use torch.div(a, b, rounding_mode='trunc'), or for actual floor division, use torch.div(a, b, rounding_mode='floor').
  beams_buf = indices_buf // vocab_size
/root/autodl-tmp/OFA/models/sequence_generator.py:705: UserWarning: __floordiv__ is deprecated, and its behavior will change in a future version of pytorch. It currently rounds toward 0 (like the 'trunc' function NOT 'floor'). This results in incorrect rounding for negative values. To keep the current behavior, use torch.div(a, b, rounding_mode='trunc'), or for actual floor division, use torch.div(a, b, rounding_mode='floor').
  unfin_idx = bbsz_idx // beam_size
/root/autodl-tmp/OFA/models/sequence_generator.py:705: UserWarning: __floordiv__ is deprecated, and its behavior will change in a future version of pytorch. It currently rounds toward 0 (like the 'trunc' function NOT 'floor'). This results in incorrect rounding for negative values. To keep the current behavior, use torch.div(a, b, rounding_mode='trunc'), or for actual floor division, use torch.div(a, b, rounding_mode='floor').
  unfin_idx = bbsz_idx // beam_size
2023-03-06 09:24:11 - progress_bar.py[line:282] - INFO: epoch 001 | valid on 'valid' subset | loss 6.076 | loss_v1 0 | loss_v2 0 | nll_loss 5.44 | ntokens 1201.38 | nsentences 15.999 | sample_size 1201.38 | sample_size_v1 0 | sample_size_v2 0 | ppl 43.41 | cider 0.084 | wps 2046.7 | wpb 1201.4 | bsz 16 | num_updates 126
2023-03-06 09:24:11 - checkpoint_utils.py[line:64] - INFO: Preparing to save checkpoint for epoch 1 @ 126 updates
2023-03-06 09:24:11 - trainer.py[line:431] - INFO: Saving checkpoint to ./stage1_checkpoints/3_0.06_2500/checkpoint_best.pt
local datafile ../../dataset/caption_data/train1.tsv slice_id 1 begin to initialize row_count and line_idx-to-offset mapping
local datafile ../../dataset/caption_data/train1.tsv slice_id 1 finished initializing row_count and line_idx-to-offset mapping
file ../../dataset/caption_data/train1.tsv slice_id 1 row count 4007 total row count 8015
slice_id 1 seek offset 4008
2023-03-06 09:24:15 - trainer.py[line:441] - INFO: Finished saving checkpoint to ./stage1_checkpoints/3_0.06_2500/checkpoint_best.pt
2023-03-06 09:24:17 - checkpoint_utils.py[line:133] - INFO: Saved checkpoint ./stage1_checkpoints/3_0.06_2500/checkpoint_best.pt (epoch 1 @ 126 updates, score 0.084) (writing took 5.760752476751804 seconds)
2023-03-06 09:24:17 - train.py[line:332] - INFO: end of epoch 1 (average epoch stats below)
2023-03-06 09:24:17 - progress_bar.py[line:282] - INFO: epoch 001 | loss 6.782 | loss_v1 0 | loss_v2 0 | nll_loss 6.268 | ntokens 4910.68 | nsentences 63.611 | sample_size 4910.68 | sample_size_v1 0 | sample_size_v2 0 | ppl 77.06 | wps 166.8 | ups 0.03 | wpb 4910.7 | bsz 63.6 | num_updates 126 | lr 7.07865e-06 | gnorm 1.543 | clip 100 | loss_scale 128 | train_wall 256 | gb_free 12.6 | wall 3691
2023-03-06 09:24:17 - trainer.py[line:639] - INFO: loading train data for epoch 2
local datafile ../../dataset/caption_data/train1.tsv slice_id 0 begin to initialize row_count and line_idx-to-offset mapping
local datafile ../../dataset/caption_data/train1.tsv slice_id 0 finished initializing row_count and line_idx-to-offset mapping
file ../../dataset/caption_data/train1.tsv slice_id 0 row count 4008 total row count 8015
slice_id 0 seek offset 0
2023-03-06 09:24:18 - trainer.py[line:703] - INFO: begin training epoch 2
2023-03-06 09:24:18 - train.py[line:305] - INFO: Start iterating over samples
2023-03-06 09:24:26 - progress_bar.py[line:272] - INFO: epoch 002:      4 / 126 loss=6.47, loss_v1=0, loss_v2=0, nll_loss=5.915, ntokens=4555.1, nsentences=59.2, sample_size=4555.1, sample_size_v1=0, sample_size_v2=0, ppl=60.35, wps=13.2, ups=0, wpb=4555.1, bsz=59.2, num_updates=130, lr=6.96629e-06, gnorm=1.444, clip=100, loss_scale=128, train_wall=18, gb_free=12.4, wall=3701
2023-03-06 09:24:46 - progress_bar.py[line:272] - INFO: epoch 002:     14 / 126 loss=6.421, loss_v1=0, loss_v2=0, nll_loss=5.86, ntokens=5022.7, nsentences=64, sample_size=5022.7, sample_size_v1=0, sample_size_v2=0, ppl=58.08, wps=2480.5, ups=0.49, wpb=5022.7, bsz=64, num_updates=140, lr=6.68539e-06, gnorm=1.271, clip=100, loss_scale=128, train_wall=20, gb_free=12.5, wall=3721
2023-03-06 09:25:07 - progress_bar.py[line:272] - INFO: epoch 002:     24 / 126 loss=6.356, loss_v1=0, loss_v2=0, nll_loss=5.787, ntokens=4967.3, nsentences=64, sample_size=4967.3, sample_size_v1=0, sample_size_v2=0, ppl=55.2, wps=2408.6, ups=0.48, wpb=4967.3, bsz=64, num_updates=150, lr=6.40449e-06, gnorm=1.343, clip=100, loss_scale=128, train_wall=21, gb_free=12.1, wall=3742
2023-03-06 09:25:27 - progress_bar.py[line:272] - INFO: epoch 002:     34 / 126 loss=6.32, loss_v1=0, loss_v2=0, nll_loss=5.747, ntokens=4843.5, nsentences=64, sample_size=4843.5, sample_size_v1=0, sample_size_v2=0, ppl=53.7, wps=2364, ups=0.49, wpb=4843.5, bsz=64, num_updates=160, lr=6.1236e-06, gnorm=1.222, clip=100, loss_scale=128, train_wall=20, gb_free=12.2, wall=3762
2023-03-06 09:25:48 - progress_bar.py[line:272] - INFO: epoch 002:     44 / 126 loss=6.356, loss_v1=0, loss_v2=0, nll_loss=5.787, ntokens=4816.1, nsentences=64, sample_size=4816.1, sample_size_v1=0, sample_size_v2=0, ppl=55.22, wps=2384.7, ups=0.5, wpb=4816.1, bsz=64, num_updates=170, lr=5.8427e-06, gnorm=1.244, clip=100, loss_scale=128, train_wall=20, gb_free=12.3, wall=3782
2023-03-06 09:26:08 - progress_bar.py[line:272] - INFO: epoch 002:     54 / 126 loss=6.315, loss_v1=0, loss_v2=0, nll_loss=5.742, ntokens=4931.8, nsentences=64, sample_size=4931.8, sample_size_v1=0, sample_size_v2=0, ppl=53.51, wps=2448.6, ups=0.5, wpb=4931.8, bsz=64, num_updates=180, lr=5.5618e-06, gnorm=1.507, clip=100, loss_scale=128, train_wall=20, gb_free=11.9, wall=3802
2023-03-06 09:26:28 - progress_bar.py[line:272] - INFO: epoch 002:     64 / 126 loss=6.363, loss_v1=0, loss_v2=0, nll_loss=5.794, ntokens=5132.1, nsentences=64, sample_size=5132.1, sample_size_v1=0, sample_size_v2=0, ppl=55.5, wps=2560.6, ups=0.5, wpb=5132.1, bsz=64, num_updates=190, lr=5.2809e-06, gnorm=1.204, clip=90, loss_scale=128, train_wall=20, gb_free=11.7, wall=3822
2023-03-06 09:26:48 - progress_bar.py[line:272] - INFO: epoch 002:     74 / 126 loss=6.267, loss_v1=0, loss_v2=0, nll_loss=5.686, ntokens=5042.5, nsentences=64, sample_size=5042.5, sample_size_v1=0, sample_size_v2=0, ppl=51.49, wps=2533.3, ups=0.5, wpb=5042.5, bsz=64, num_updates=200, lr=5e-06, gnorm=1.188, clip=100, loss_scale=128, train_wall=20, gb_free=12.2, wall=3842
2023-03-06 09:27:08 - progress_bar.py[line:272] - INFO: epoch 002:     84 / 126 loss=6.225, loss_v1=0, loss_v2=0, nll_loss=5.638, ntokens=4861.1, nsentences=64, sample_size=4861.1, sample_size_v1=0, sample_size_v2=0, ppl=49.81, wps=2381.4, ups=0.49, wpb=4861.1, bsz=64, num_updates=210, lr=4.7191e-06, gnorm=1.21, clip=90, loss_scale=128, train_wall=20, gb_free=12, wall=3863
2023-03-06 09:27:28 - progress_bar.py[line:272] - INFO: epoch 002:     94 / 126 loss=6.253, loss_v1=0, loss_v2=0, nll_loss=5.671, ntokens=4975, nsentences=63.9, sample_size=4975, sample_size_v1=0, sample_size_v2=0, ppl=50.93, wps=2491, ups=0.5, wpb=4975, bsz=63.9, num_updates=220, lr=4.4382e-06, gnorm=1.247, clip=100, loss_scale=128, train_wall=20, gb_free=11.9, wall=3883
2023-03-06 09:27:48 - progress_bar.py[line:272] - INFO: epoch 002:    104 / 126 loss=6.236, loss_v1=0, loss_v2=0, nll_loss=5.651, ntokens=4875.7, nsentences=64, sample_size=4875.7, sample_size_v1=0, sample_size_v2=0, ppl=50.23, wps=2420, ups=0.5, wpb=4875.7, bsz=64, num_updates=230, lr=4.1573e-06, gnorm=1.294, clip=90, loss_scale=128, train_wall=20, gb_free=12.3, wall=3903
2023-03-06 09:28:08 - progress_bar.py[line:272] - INFO: epoch 002:    114 / 126 loss=6.145, loss_v1=0, loss_v2=0, nll_loss=5.549, ntokens=4882.6, nsentences=64, sample_size=4882.6, sample_size_v1=0, sample_size_v2=0, ppl=46.82, wps=2417.3, ups=0.5, wpb=4882.6, bsz=64, num_updates=240, lr=3.8764e-06, gnorm=1.286, clip=100, loss_scale=128, train_wall=20, gb_free=12.1, wall=3923
2023-03-06 09:28:28 - progress_bar.py[line:272] - INFO: epoch 002:    124 / 126 loss=6.136, loss_v1=0, loss_v2=0, nll_loss=5.539, ntokens=4970.9, nsentences=64, sample_size=4970.9, sample_size_v1=0, sample_size_v2=0, ppl=46.5, wps=2503.1, ups=0.5, wpb=4970.9, bsz=64, num_updates=250, lr=3.59551e-06, gnorm=1.223, clip=90, loss_scale=128, train_wall=20, gb_free=12.1, wall=3943
2023-03-06 09:28:31 - train.py[line:445] - INFO: begin validation on "valid" subset
slice_id 1 seek offset 46637
slice_id 0 seek offset 0
slice_id 1 seek offset 46637
slice_id 0 seek offset 0
2023-03-06 10:26:09 - progress_bar.py[line:282] - INFO: epoch 002 | valid on 'valid' subset | loss 5.827 | loss_v1 0 | loss_v2 0 | nll_loss 5.153 | ntokens 1201.38 | nsentences 15.999 | sample_size 1201.38 | sample_size_v1 0 | sample_size_v2 0 | ppl 35.58 | cider 0.084 | wps 2025.5 | wpb 1201.4 | bsz 16 | num_updates 252 | best_cider 0.084
2023-03-06 10:26:09 - checkpoint_utils.py[line:64] - INFO: Preparing to save checkpoint for epoch 2 @ 252 updates
2023-03-06 10:26:09 - trainer.py[line:431] - INFO: Saving checkpoint to ./stage1_checkpoints/3_0.06_2500/checkpoint_best.pt
local datafile ../../dataset/caption_data/train1.tsv slice_id 1 begin to initialize row_count and line_idx-to-offset mapping
local datafile ../../dataset/caption_data/train1.tsv slice_id 1 finished initializing row_count and line_idx-to-offset mapping
file ../../dataset/caption_data/train1.tsv slice_id 1 row count 4007 total row count 8015
slice_id 1 seek offset 4008
2023-03-06 10:26:14 - trainer.py[line:441] - INFO: Finished saving checkpoint to ./stage1_checkpoints/3_0.06_2500/checkpoint_best.pt
2023-03-06 10:26:17 - checkpoint_utils.py[line:133] - INFO: Saved checkpoint ./stage1_checkpoints/3_0.06_2500/checkpoint_best.pt (epoch 2 @ 252 updates, score 0.084) (writing took 7.907770551741123 seconds)
2023-03-06 10:26:17 - train.py[line:332] - INFO: end of epoch 2 (average epoch stats below)
2023-03-06 10:26:17 - progress_bar.py[line:282] - INFO: epoch 002 | loss 6.287 | loss_v1 0 | loss_v2 0 | nll_loss 5.709 | ntokens 4910.68 | nsentences 63.611 | sample_size 4910.68 | sample_size_v1 0 | sample_size_v2 0 | ppl 52.32 | wps 166.3 | ups 0.03 | wpb 4910.7 | bsz 63.6 | num_updates 252 | lr 3.53933e-06 | gnorm 1.279 | clip 96.8 | loss_scale 128 | train_wall 252 | gb_free 12.6 | wall 7412
2023-03-06 10:26:17 - trainer.py[line:639] - INFO: loading train data for epoch 3
local datafile ../../dataset/caption_data/train1.tsv slice_id 0 begin to initialize row_count and line_idx-to-offset mapping
local datafile ../../dataset/caption_data/train1.tsv slice_id 0 finished initializing row_count and line_idx-to-offset mapping
file ../../dataset/caption_data/train1.tsv slice_id 0 row count 4008 total row count 8015
slice_id 0 seek offset 0
2023-03-06 10:26:18 - trainer.py[line:703] - INFO: begin training epoch 3
2023-03-06 10:26:18 - train.py[line:305] - INFO: Start iterating over samples
2023-03-06 10:26:35 - progress_bar.py[line:272] - INFO: epoch 003:      8 / 126 loss=6.172, loss_v1=0, loss_v2=0, nll_loss=5.579, ntokens=4548.5, nsentences=59.2, sample_size=4548.5, sample_size_v1=0, sample_size_v2=0, ppl=47.8, wps=13, ups=0, wpb=4548.5, bsz=59.2, num_updates=260, lr=3.31461e-06, gnorm=1.309, clip=90, loss_scale=128, train_wall=19, gb_free=11.8, wall=7429
2023-03-06 10:26:55 - progress_bar.py[line:272] - INFO: epoch 003:     18 / 126 loss=6.14, loss_v1=0, loss_v2=0, nll_loss=5.542, ntokens=5002.9, nsentences=63.9, sample_size=5002.9, sample_size_v1=0, sample_size_v2=0, ppl=46.6, wps=2456.6, ups=0.49, wpb=5002.9, bsz=63.9, num_updates=270, lr=3.03371e-06, gnorm=1.162, clip=90, loss_scale=128, train_wall=20, gb_free=12.2, wall=7450
2023-03-06 10:27:16 - progress_bar.py[line:272] - INFO: epoch 003:     28 / 126 loss=6.077, loss_v1=0, loss_v2=0, nll_loss=5.472, ntokens=4821.6, nsentences=64, sample_size=4821.6, sample_size_v1=0, sample_size_v2=0, ppl=44.39, wps=2374.3, ups=0.49, wpb=4821.6, bsz=64, num_updates=280, lr=2.75281e-06, gnorm=1.13, clip=100, loss_scale=128, train_wall=20, gb_free=12.1, wall=7470
2023-03-06 10:27:36 - progress_bar.py[line:272] - INFO: epoch 003:     38 / 126 loss=6.107, loss_v1=0, loss_v2=0, nll_loss=5.506, ntokens=4940.4, nsentences=64, sample_size=4940.4, sample_size_v1=0, sample_size_v2=0, ppl=45.43, wps=2424.6, ups=0.49, wpb=4940.4, bsz=64, num_updates=290, lr=2.47191e-06, gnorm=1.09, clip=90, loss_scale=128, train_wall=20, gb_free=12.1, wall=7490
2023-03-06 10:27:56 - progress_bar.py[line:272] - INFO: epoch 003:     48 / 126 loss=6.13, loss_v1=0, loss_v2=0, nll_loss=5.531, ntokens=4828.3, nsentences=64, sample_size=4828.3, sample_size_v1=0, sample_size_v2=0, ppl=46.25, wps=2370.1, ups=0.49, wpb=4828.3, bsz=64, num_updates=300, lr=2.19101e-06, gnorm=1.134, clip=100, loss_scale=128, train_wall=20, gb_free=11.9, wall=7511
2023-03-06 10:28:17 - progress_bar.py[line:272] - INFO: epoch 003:     58 / 126 loss=6.151, loss_v1=0, loss_v2=0, nll_loss=5.555, ntokens=5079.8, nsentences=64, sample_size=5079.8, sample_size_v1=0, sample_size_v2=0, ppl=47, wps=2511.1, ups=0.49, wpb=5079.8, bsz=64, num_updates=310, lr=1.91011e-06, gnorm=1.152, clip=100, loss_scale=128, train_wall=20, gb_free=12, wall=7531
2023-03-06 10:28:37 - progress_bar.py[line:272] - INFO: epoch 003:     68 / 126 loss=6.151, loss_v1=0, loss_v2=0, nll_loss=5.555, ntokens=5069.8, nsentences=64, sample_size=5069.8, sample_size_v1=0, sample_size_v2=0, ppl=47, wps=2484.4, ups=0.49, wpb=5069.8, bsz=64, num_updates=320, lr=1.62921e-06, gnorm=1.049, clip=40, loss_scale=128, train_wall=20, gb_free=12.1, wall=7551
2023-03-06 10:28:57 - progress_bar.py[line:272] - INFO: epoch 003:     78 / 126 loss=6.078, loss_v1=0, loss_v2=0, nll_loss=5.472, ntokens=5013.9, nsentences=64, sample_size=5013.9, sample_size_v1=0, sample_size_v2=0, ppl=44.39, wps=2489.8, ups=0.5, wpb=5013.9, bsz=64, num_updates=330, lr=1.34831e-06, gnorm=1.067, clip=80, loss_scale=128, train_wall=20, gb_free=12.3, wall=7572
2023-03-06 10:29:17 - progress_bar.py[line:272] - INFO: epoch 003:     88 / 126 loss=6.082, loss_v1=0, loss_v2=0, nll_loss=5.477, ntokens=4796, nsentences=64, sample_size=4796, sample_size_v1=0, sample_size_v2=0, ppl=44.53, wps=2359.2, ups=0.49, wpb=4796, bsz=64, num_updates=340, lr=1.06742e-06, gnorm=1.134, clip=90, loss_scale=128, train_wall=20, gb_free=12.2, wall=7592
2023-03-06 10:29:38 - progress_bar.py[line:272] - INFO: epoch 003:     98 / 126 loss=6.139, loss_v1=0, loss_v2=0, nll_loss=5.54, ntokens=4978.9, nsentences=64, sample_size=4978.9, sample_size_v1=0, sample_size_v2=0, ppl=46.52, wps=2446.5, ups=0.49, wpb=4978.9, bsz=64, num_updates=350, lr=7.86517e-07, gnorm=1.104, clip=70, loss_scale=128, train_wall=20, gb_free=12.2, wall=7612
2023-03-06 10:29:58 - progress_bar.py[line:272] - INFO: epoch 003:    108 / 126 loss=6.083, loss_v1=0, loss_v2=0, nll_loss=5.478, ntokens=4916.8, nsentences=64, sample_size=4916.8, sample_size_v1=0, sample_size_v2=0, ppl=44.56, wps=2420.5, ups=0.49, wpb=4916.8, bsz=64, num_updates=360, lr=5.05618e-07, gnorm=1.025, clip=60, loss_scale=128, train_wall=20, gb_free=11.8, wall=7633
2023-03-06 10:30:18 - progress_bar.py[line:272] - INFO: epoch 003:    118 / 126 loss=6.004, loss_v1=0, loss_v2=0, nll_loss=5.39, ntokens=4882.2, nsentences=64, sample_size=4882.2, sample_size_v1=0, sample_size_v2=0, ppl=41.92, wps=2412.7, ups=0.49, wpb=4882.2, bsz=64, num_updates=370, lr=2.24719e-07, gnorm=1.027, clip=40, loss_scale=128, train_wall=20, gb_free=12, wall=7653
2023-03-06 10:30:33 - train.py[line:445] - INFO: begin validation on "valid" subset
slice_id 0 seek offset 0
slice_id 1 seek offset 46637
slice_id 1 seek offset 46637
slice_id 0 seek offset 0
2023-03-06 11:28:33 - progress_bar.py[line:282] - INFO: epoch 003 | valid on 'valid' subset | loss 5.761 | loss_v1 0 | loss_v2 0 | nll_loss 5.077 | ntokens 1201.38 | nsentences 15.999 | sample_size 1201.38 | sample_size_v1 0 | sample_size_v2 0 | ppl 33.76 | cider 0.084 | wps 2013 | wpb 1201.4 | bsz 16 | num_updates 378 | best_cider 0.084
local datafile ../../dataset/caption_data/train1.tsv slice_id 1 begin to initialize row_count and line_idx-to-offset mapping
2023-03-06 11:28:33 - checkpoint_utils.py[line:64] - INFO: Preparing to save checkpoint for epoch 3 @ 378 updates
2023-03-06 11:28:33 - trainer.py[line:431] - INFO: Saving checkpoint to ./stage1_checkpoints/3_0.06_2500/checkpoint_best.pt
local datafile ../../dataset/caption_data/train1.tsv slice_id 1 finished initializing row_count and line_idx-to-offset mapping
file ../../dataset/caption_data/train1.tsv slice_id 1 row count 4007 total row count 8015
slice_id 1 seek offset 4008
2023-03-06 11:28:39 - trainer.py[line:441] - INFO: Finished saving checkpoint to ./stage1_checkpoints/3_0.06_2500/checkpoint_best.pt
2023-03-06 11:28:42 - checkpoint_utils.py[line:133] - INFO: Saved checkpoint ./stage1_checkpoints/3_0.06_2500/checkpoint_best.pt (epoch 3 @ 378 updates, score 0.084) (writing took 9.291229877620935 seconds)
2023-03-06 11:28:42 - train.py[line:332] - INFO: end of epoch 3 (average epoch stats below)
2023-03-06 11:28:42 - progress_bar.py[line:282] - INFO: epoch 003 | loss 6.105 | loss_v1 0 | loss_v2 0 | nll_loss 5.503 | ntokens 4910.68 | nsentences 63.611 | sample_size 4910.68 | sample_size_v1 0 | sample_size_v2 0 | ppl 45.36 | wps 165.2 | ups 0.03 | wpb 4910.7 | bsz 63.6 | num_updates 378 | lr 0 | gnorm 1.103 | clip 75.4 | loss_scale 128 | train_wall 254 | gb_free 12.6 | wall 11157
2023-03-06 11:28:42 - trainer.py[line:639] - INFO: loading train data for epoch 4
local datafile ../../dataset/caption_data/train1.tsv slice_id 0 begin to initialize row_count and line_idx-to-offset mapping
local datafile ../../dataset/caption_data/train1.tsv slice_id 0 finished initializing row_count and line_idx-to-offset mapping
file ../../dataset/caption_data/train1.tsv slice_id 0 row count 4008 total row count 8015
slice_id 0 seek offset 0
2023-03-06 11:28:43 - train.py[line:214] - INFO: done training in 11152.1 seconds
/root/miniconda3/lib/python3.8/site-packages/torch/distributed/launch.py:178: FutureWarning: The module torch.distributed.launch is deprecated
and will be removed in future. Use torchrun.
Note that --use_env is set by default in torchrun.
If your script expects `--local_rank` argument to be set, please
change it to read from `os.environ['LOCAL_RANK']` instead. See 
https://pytorch.org/docs/stable/distributed.html#launch-utility for 
further instructions

  warnings.warn(
