2023-04-10 08:13:31 | INFO | torch.distributed.nn.jit.instantiator | Created a temporary directory at /tmp/tmp921xfxqn
2023-04-10 08:13:31 | INFO | torch.distributed.nn.jit.instantiator | Writing /tmp/tmp921xfxqn/_remote_module_non_scriptable.py
2023-04-10 08:13:35 | INFO | fairseq.distributed.utils | distributed init (rank 0): env://
2023-04-10 08:13:35 | INFO | fairseq.distributed.utils | Start init
2023-04-10 08:13:35 | INFO | torch.distributed.distributed_c10d | Added key: store_based_barrier_key:1 to store for rank: 0
2023-04-10 08:13:35 | INFO | torch.distributed.distributed_c10d | Rank 0: Completed store-based barrier for key:store_based_barrier_key:1 with 1 nodes.
2023-04-10 08:13:35 | INFO | fairseq.distributed.utils | initialized host autodl-container-a33911ac3c-7acd8e14 as rank 0
single-machine distributed training is initialized.
2023-04-10 08:13:37 | INFO | ofa.evaluate | {'_name': None, 'common': {'_name': None, 'no_progress_bar': False, 'log_interval': 10, 'log_format': 'simple', 'log_file': None, 'tensorboard_logdir': None, 'wandb_project': None, 'azureml_logging': False, 'seed': 7, 'cpu': False, 'tpu': False, 'bf16': False, 'memory_efficient_bf16': False, 'fp16': True, 'memory_efficient_fp16': False, 'fp16_no_flatten_grads': False, 'fp16_init_scale': 128, 'fp16_scale_window': None, 'fp16_scale_tolerance': 0.0, 'on_cpu_convert_precision': False, 'min_loss_scale': 0.0001, 'threshold_loss_scale': None, 'amp': False, 'amp_batch_retries': 2, 'amp_init_scale': 128, 'amp_scale_window': None, 'user_dir': '../../ofa_module', 'empty_cache_freq': 0, 'all_gather_list_size': 16384, 'model_parallel_size': 1, 'quantization_config_path': None, 'profile': False, 'reset_logging': False, 'suppress_crashes': False, 'use_plasma_view': False, 'plasma_path': '/tmp/plasma'}, 'common_eval': {'_name': None, 'path': '../../checkpoints/checkpoint_best.pt', 'post_process': None, 'quiet': False, 'model_overrides': '{"data":"../../dataset/caption_data/test.tsv","bpe_dir":"../../utils/BPE","eval_cider":False,"selected_cols":"1,4,2"}', 'results_path': '../../results/caption'}, 'distributed_training': {'_name': None, 'distributed_world_size': 1, 'distributed_num_procs': 1, 'distributed_rank': 0, 'distributed_backend': 'nccl', 'distributed_init_method': 'env://', 'distributed_port': -1, 'device_id': 0, 'distributed_no_spawn': True, 'ddp_backend': 'pytorch_ddp', 'ddp_comm_hook': 'none', 'bucket_cap_mb': 25, 'fix_batches_to_gpus': False, 'find_unused_parameters': False, 'gradient_as_bucket_view': False, 'fast_stat_sync': False, 'heartbeat_timeout': -1, 'broadcast_buffers': False, 'slowmo_momentum': None, 'slowmo_algorithm': 'LocalSGD', 'localsgd_frequency': 3, 'nprocs_per_node': 1, 'pipeline_model_parallel': False, 'pipeline_balance': None, 'pipeline_devices': None, 'pipeline_chunks': 0, 'pipeline_encoder_balance': None, 'pipeline_encoder_devices': None, 'pipeline_decoder_balance': None, 'pipeline_decoder_devices': None, 'pipeline_checkpoint': 'never', 'zero_sharding': 'none', 'fp16': True, 'memory_efficient_fp16': False, 'tpu': False, 'no_reshard_after_forward': False, 'fp32_reduce_scatter': False, 'cpu_offload': False, 'use_sharded_state': False}, 'dataset': {'_name': None, 'num_workers': 0, 'skip_invalid_size_inputs_valid_test': False, 'max_tokens': None, 'batch_size': 16, 'required_batch_size_multiple': 8, 'required_seq_len_multiple': 1, 'dataset_impl': None, 'data_buffer_size': 10, 'train_subset': 'train', 'valid_subset': 'valid', 'combine_valid_subsets': None, 'ignore_unused_valid_subsets': False, 'validate_interval': 1, 'validate_interval_updates': 0, 'validate_after_updates': 0, 'fixed_validation_seed': None, 'disable_validation': False, 'max_tokens_valid': None, 'batch_size_valid': 16, 'max_valid_steps': None, 'curriculum': 0, 'gen_subset': 'test', 'num_shards': 1, 'shard_id': 0}, 'optimization': {'_name': None, 'max_epoch': 0, 'max_update': 0, 'stop_time_hours': 0.0, 'clip_norm': 0.0, 'sentence_avg': False, 'update_freq': [1], 'lr': [0.25], 'stop_min_lr': -1.0, 'use_bmuf': False}, 'checkpoint': {'_name': None, 'save_dir': 'checkpoints', 'restore_file': 'checkpoint_last.pt', 'finetune_from_model': None, 'reset_dataloader': False, 'reset_lr_scheduler': False, 'reset_meters': False, 'reset_optimizer': False, 'optimizer_overrides': '{}', 'save_interval': 1, 'save_interval_updates': 0, 'keep_interval_updates': -1, 'keep_interval_updates_pattern': -1, 'keep_last_epochs': -1, 'keep_best_checkpoints': -1, 'no_save': False, 'no_epoch_checkpoints': False, 'no_last_checkpoints': False, 'no_save_optimizer_state': False, 'best_checkpoint_metric': 'loss', 'maximize_best_checkpoint_metric': False, 'patience': -1, 'checkpoint_suffix': '', 'checkpoint_shard_count': 1, 'load_checkpoint_on_all_dp_ranks': False, 'write_checkpoints_asynchronously': False, 'model_parallel_size': 1, 'use_ema_weights_to_init_param': False, 'use_latest_weights_to_init_ema': False}, 'bmuf': {'_name': None, 'block_lr': 1.0, 'block_momentum': 0.875, 'global_sync_iter': 50, 'warmup_iterations': 500, 'use_nbm': False, 'average_sync': False, 'distributed_world_size': 1}, 'generation': {'_name': None, 'beam': 5, 'nbest': 1, 'max_len_a': 0.0, 'max_len_b': 16, 'min_len': 1, 'match_source_len': False, 'unnormalized': False, 'no_early_stop': False, 'no_beamable_mm': False, 'lenpen': 1.0, 'unkpen': 0.0, 'replace_unk': None, 'sacrebleu': False, 'score_reference': False, 'prefix_size': 0, 'no_repeat_ngram_size': 3, 'sampling': False, 'sampling_topk': -1, 'sampling_topp': -1.0, 'constraints': None, 'temperature': 1.0, 'diverse_beam_groups': -1, 'diverse_beam_strength': 0.5, 'diversity_rate': -1.0, 'print_alignment': None, 'print_step': False, 'lm_path': None, 'lm_weight': 0.0, 'iter_decode_eos_penalty': 0.0, 'iter_decode_max_iter': 10, 'iter_decode_force_max_iter': False, 'iter_decode_with_beam': 1, 'iter_decode_with_external_reranker': False, 'retain_iter_history': False, 'retain_dropout': False, 'retain_dropout_modules': None, 'decoding_format': None, 'no_seed_provided': False}, 'eval_lm': {'_name': None, 'output_word_probs': False, 'output_word_stats': False, 'context_window': 0, 'softmax_batch': 9223372036854775807}, 'interactive': {'_name': None, 'buffer_size': 0, 'input': '-'}, 'model': None, 'task': {'_name': 'caption', 'data': '../../dataset/caption_data/test.tsv', 'selected_cols': None, 'bpe': None, 'bpe_dir': None, 'max_source_positions': 1024, 'max_target_positions': 1024, 'max_src_length': 128, 'max_tgt_length': 30, 'code_dict_size': 8192, 'patch_image_size': 480, 'orig_patch_image_size': 256, 'num_bins': 1000, 'imagenet_default_mean_and_std': False, 'constraint_range': None, 'eval_bleu': False, 'eval_cider': False, 'eval_args': '{}', 'eval_print_samples': False, 'eval_cider_cached_tokens': None, 'scst': False, 'scst_args': '{}'}, 'criterion': {'_name': 'cross_entropy', 'sentence_avg': True}, 'optimizer': None, 'lr_scheduler': {'_name': 'fixed', 'force_anneal': None, 'lr_shrink': 0.1, 'warmup_updates': 0, 'lr': [0.25]}, 'scoring': {'_name': 'bleu', 'pad': 1, 'eos': 2, 'unk': 3}, 'bpe': None, 'tokenizer': None, 'ema': {'_name': None, 'store_ema': False, 'ema_decay': 0.9999, 'ema_start_update': 0, 'ema_seed_model': None, 'ema_update_freq': 1, 'ema_fp32': False}, 'simul_type': None}
2023-04-10 08:13:37 | INFO | ofa.evaluate | loading model(s) from ../../checkpoints/checkpoint_best.pt
2023-04-10 08:13:38 | INFO | tasks.ofa_task | source dictionary: 59457 types
2023-04-10 08:13:38 | INFO | tasks.ofa_task | target dictionary: 59457 types
/root/miniconda3/lib/python3.8/site-packages/torch/functional.py:478: UserWarning: torch.meshgrid: in an upcoming release, it will be required to pass the indexing argument. (Triggered internally at  ../aten/src/ATen/native/TensorShape.cpp:2894.)
  return _VF.meshgrid(tensors, **kwargs)  # type: ignore[attr-defined]
local datafile ../../dataset/caption_data/test.tsv slice_id 0 begin to initialize row_count and line_idx-to-offset mapping
local datafile ../../dataset/caption_data/test.tsv slice_id 0 finished initializing row_count and line_idx-to-offset mapping
file ../../dataset/caption_data/test.tsv slice_id 0 row count 138044 total row count 138044
/root/miniconda3/lib/python3.8/site-packages/torchvision/transforms/transforms.py:332: UserWarning: Argument 'interpolation' of type int is deprecated since 0.13 and will be removed in 0.15. Please use InterpolationMode enum.
  warnings.warn(
/root/autodl-tmp/OFA/fairseq/fairseq/search.py:140: UserWarning: __floordiv__ is deprecated, and its behavior will change in a future version of pytorch. It currently rounds toward 0 (like the 'trunc' function NOT 'floor'). This results in incorrect rounding for negative values. To keep the current behavior, use torch.div(a, b, rounding_mode='trunc'), or for actual floor division, use torch.div(a, b, rounding_mode='floor').
  beams_buf = indices_buf // vocab_size
/root/autodl-tmp/OFA/models/sequence_generator.py:705: UserWarning: __floordiv__ is deprecated, and its behavior will change in a future version of pytorch. It currently rounds toward 0 (like the 'trunc' function NOT 'floor'). This results in incorrect rounding for negative values. To keep the current behavior, use torch.div(a, b, rounding_mode='trunc'), or for actual floor division, use torch.div(a, b, rounding_mode='floor').
  unfin_idx = bbsz_idx // beam_size
2023-04-10 08:14:00 | INFO | fairseq.logging.progress_bar | :     11 / 8628 sentences=16
2023-04-10 08:14:07 | INFO | fairseq.logging.progress_bar | :     21 / 8628 sentences=16
2023-04-10 08:14:13 | INFO | fairseq.logging.progress_bar | :     31 / 8628 sentences=16
2023-04-10 08:14:19 | INFO | fairseq.logging.progress_bar | :     41 / 8628 sentences=16
2023-04-10 08:14:26 | INFO | fairseq.logging.progress_bar | :     51 / 8628 sentences=16
2023-04-10 08:14:32 | INFO | fairseq.logging.progress_bar | :     61 / 8628 sentences=16
2023-04-10 08:14:38 | INFO | fairseq.logging.progress_bar | :     71 / 8628 sentences=16
2023-04-10 08:14:45 | INFO | fairseq.logging.progress_bar | :     81 / 8628 sentences=16
2023-04-10 08:14:51 | INFO | fairseq.logging.progress_bar | :     91 / 8628 sentences=16
2023-04-10 08:14:57 | INFO | fairseq.logging.progress_bar | :    101 / 8628 sentences=16
2023-04-10 08:15:04 | INFO | fairseq.logging.progress_bar | :    111 / 8628 sentences=16
2023-04-10 08:15:10 | INFO | fairseq.logging.progress_bar | :    121 / 8628 sentences=16
2023-04-10 08:15:17 | INFO | fairseq.logging.progress_bar | :    131 / 8628 sentences=16
2023-04-10 08:15:23 | INFO | fairseq.logging.progress_bar | :    141 / 8628 sentences=16
2023-04-10 08:15:29 | INFO | fairseq.logging.progress_bar | :    151 / 8628 sentences=16
2023-04-10 08:15:36 | INFO | fairseq.logging.progress_bar | :    161 / 8628 sentences=16
2023-04-10 08:15:42 | INFO | fairseq.logging.progress_bar | :    171 / 8628 sentences=16
2023-04-10 08:15:49 | INFO | fairseq.logging.progress_bar | :    181 / 8628 sentences=16
2023-04-10 08:15:55 | INFO | fairseq.logging.progress_bar | :    191 / 8628 sentences=16
2023-04-10 08:16:01 | INFO | fairseq.logging.progress_bar | :    201 / 8628 sentences=16
2023-04-10 08:16:08 | INFO | fairseq.logging.progress_bar | :    211 / 8628 sentences=16
2023-04-10 08:16:14 | INFO | fairseq.logging.progress_bar | :    221 / 8628 sentences=16
2023-04-10 08:16:20 | INFO | fairseq.logging.progress_bar | :    231 / 8628 sentences=16
2023-04-10 08:16:27 | INFO | fairseq.logging.progress_bar | :    241 / 8628 sentences=16
2023-04-10 08:16:33 | INFO | fairseq.logging.progress_bar | :    251 / 8628 sentences=16
2023-04-10 08:16:40 | INFO | fairseq.logging.progress_bar | :    261 / 8628 sentences=16
2023-04-10 08:16:46 | INFO | fairseq.logging.progress_bar | :    271 / 8628 sentences=16
2023-04-10 08:16:53 | INFO | fairseq.logging.progress_bar | :    281 / 8628 sentences=16
2023-04-10 08:16:59 | INFO | fairseq.logging.progress_bar | :    291 / 8628 sentences=16
2023-04-10 08:17:05 | INFO | fairseq.logging.progress_bar | :    301 / 8628 sentences=16
2023-04-10 08:17:12 | INFO | fairseq.logging.progress_bar | :    311 / 8628 sentences=16
2023-04-10 08:17:19 | INFO | fairseq.logging.progress_bar | :    321 / 8628 sentences=16
2023-04-10 08:17:25 | INFO | fairseq.logging.progress_bar | :    331 / 8628 sentences=16
2023-04-10 08:17:31 | INFO | fairseq.logging.progress_bar | :    341 / 8628 sentences=16
2023-04-10 08:17:38 | INFO | fairseq.logging.progress_bar | :    351 / 8628 sentences=16
2023-04-10 08:17:44 | INFO | fairseq.logging.progress_bar | :    361 / 8628 sentences=16
2023-04-10 08:17:51 | INFO | fairseq.logging.progress_bar | :    371 / 8628 sentences=16
2023-04-10 08:17:57 | INFO | fairseq.logging.progress_bar | :    381 / 8628 sentences=16
2023-04-10 08:18:03 | INFO | fairseq.logging.progress_bar | :    391 / 8628 sentences=16
2023-04-10 08:18:10 | INFO | fairseq.logging.progress_bar | :    401 / 8628 sentences=16
2023-04-10 08:18:16 | INFO | fairseq.logging.progress_bar | :    411 / 8628 sentences=16
2023-04-10 08:18:23 | INFO | fairseq.logging.progress_bar | :    421 / 8628 sentences=16
2023-04-10 08:18:29 | INFO | fairseq.logging.progress_bar | :    431 / 8628 sentences=16
2023-04-10 08:18:35 | INFO | fairseq.logging.progress_bar | :    441 / 8628 sentences=16
2023-04-10 08:18:42 | INFO | fairseq.logging.progress_bar | :    451 / 8628 sentences=16
2023-04-10 08:18:48 | INFO | fairseq.logging.progress_bar | :    461 / 8628 sentences=16
2023-04-10 08:18:55 | INFO | fairseq.logging.progress_bar | :    471 / 8628 sentences=16
2023-04-10 08:19:01 | INFO | fairseq.logging.progress_bar | :    481 / 8628 sentences=16
2023-04-10 08:19:08 | INFO | fairseq.logging.progress_bar | :    491 / 8628 sentences=16
2023-04-10 08:19:14 | INFO | fairseq.logging.progress_bar | :    501 / 8628 sentences=16
2023-04-10 08:19:20 | INFO | fairseq.logging.progress_bar | :    511 / 8628 sentences=16
2023-04-10 08:19:27 | INFO | fairseq.logging.progress_bar | :    521 / 8628 sentences=16
2023-04-10 08:19:33 | INFO | fairseq.logging.progress_bar | :    531 / 8628 sentences=16
2023-04-10 08:19:39 | INFO | fairseq.logging.progress_bar | :    541 / 8628 sentences=16
2023-04-10 08:19:46 | INFO | fairseq.logging.progress_bar | :    551 / 8628 sentences=16
2023-04-10 08:19:52 | INFO | fairseq.logging.progress_bar | :    561 / 8628 sentences=16
2023-04-10 08:19:58 | INFO | fairseq.logging.progress_bar | :    571 / 8628 sentences=16
2023-04-10 08:20:05 | INFO | fairseq.logging.progress_bar | :    581 / 8628 sentences=16
2023-04-10 08:20:11 | INFO | fairseq.logging.progress_bar | :    591 / 8628 sentences=16
2023-04-10 08:20:17 | INFO | fairseq.logging.progress_bar | :    601 / 8628 sentences=16
2023-04-10 08:20:24 | INFO | fairseq.logging.progress_bar | :    611 / 8628 sentences=16
2023-04-10 08:20:30 | INFO | fairseq.logging.progress_bar | :    621 / 8628 sentences=16
2023-04-10 08:20:37 | INFO | fairseq.logging.progress_bar | :    631 / 8628 sentences=16
2023-04-10 08:20:43 | INFO | fairseq.logging.progress_bar | :    641 / 8628 sentences=16
2023-04-10 08:20:50 | INFO | fairseq.logging.progress_bar | :    651 / 8628 sentences=16
2023-04-10 08:20:56 | INFO | fairseq.logging.progress_bar | :    661 / 8628 sentences=16
2023-04-10 08:21:02 | INFO | fairseq.logging.progress_bar | :    671 / 8628 sentences=16
2023-04-10 08:21:09 | INFO | fairseq.logging.progress_bar | :    681 / 8628 sentences=16
2023-04-10 08:21:15 | INFO | fairseq.logging.progress_bar | :    691 / 8628 sentences=16
2023-04-10 08:21:21 | INFO | fairseq.logging.progress_bar | :    701 / 8628 sentences=16
2023-04-10 08:21:28 | INFO | fairseq.logging.progress_bar | :    711 / 8628 sentences=16
2023-04-10 08:21:34 | INFO | fairseq.logging.progress_bar | :    721 / 8628 sentences=16
2023-04-10 08:21:40 | INFO | fairseq.logging.progress_bar | :    731 / 8628 sentences=16
2023-04-10 08:21:47 | INFO | fairseq.logging.progress_bar | :    741 / 8628 sentences=16
2023-04-10 08:21:53 | INFO | fairseq.logging.progress_bar | :    751 / 8628 sentences=16
2023-04-10 08:21:59 | INFO | fairseq.logging.progress_bar | :    761 / 8628 sentences=16
2023-04-10 08:22:06 | INFO | fairseq.logging.progress_bar | :    771 / 8628 sentences=16
2023-04-10 08:22:12 | INFO | fairseq.logging.progress_bar | :    781 / 8628 sentences=16
2023-04-10 08:22:18 | INFO | fairseq.logging.progress_bar | :    791 / 8628 sentences=16
2023-04-10 08:22:25 | INFO | fairseq.logging.progress_bar | :    801 / 8628 sentences=16
2023-04-10 08:22:31 | INFO | fairseq.logging.progress_bar | :    811 / 8628 sentences=16
2023-04-10 08:22:37 | INFO | fairseq.logging.progress_bar | :    821 / 8628 sentences=16
2023-04-10 08:22:44 | INFO | fairseq.logging.progress_bar | :    831 / 8628 sentences=16
2023-04-10 08:22:50 | INFO | fairseq.logging.progress_bar | :    841 / 8628 sentences=16
2023-04-10 08:22:57 | INFO | fairseq.logging.progress_bar | :    851 / 8628 sentences=16
2023-04-10 08:23:03 | INFO | fairseq.logging.progress_bar | :    861 / 8628 sentences=16
2023-04-10 08:23:09 | INFO | fairseq.logging.progress_bar | :    871 / 8628 sentences=16
2023-04-10 08:23:16 | INFO | fairseq.logging.progress_bar | :    881 / 8628 sentences=16
2023-04-10 08:23:22 | INFO | fairseq.logging.progress_bar | :    891 / 8628 sentences=16
2023-04-10 08:23:29 | INFO | fairseq.logging.progress_bar | :    901 / 8628 sentences=16
2023-04-10 08:23:35 | INFO | fairseq.logging.progress_bar | :    911 / 8628 sentences=16
2023-04-10 08:23:41 | INFO | fairseq.logging.progress_bar | :    921 / 8628 sentences=16
2023-04-10 08:23:48 | INFO | fairseq.logging.progress_bar | :    931 / 8628 sentences=16
2023-04-10 08:23:54 | INFO | fairseq.logging.progress_bar | :    941 / 8628 sentences=16
2023-04-10 08:24:00 | INFO | fairseq.logging.progress_bar | :    951 / 8628 sentences=16
2023-04-10 08:24:07 | INFO | fairseq.logging.progress_bar | :    961 / 8628 sentences=16
2023-04-10 08:24:13 | INFO | fairseq.logging.progress_bar | :    971 / 8628 sentences=16
2023-04-10 08:24:19 | INFO | fairseq.logging.progress_bar | :    981 / 8628 sentences=16
2023-04-10 08:24:25 | INFO | fairseq.logging.progress_bar | :    991 / 8628 sentences=16
2023-04-10 08:24:32 | INFO | fairseq.logging.progress_bar | :   1001 / 8628 sentences=16
2023-04-10 08:24:38 | INFO | fairseq.logging.progress_bar | :   1011 / 8628 sentences=16
2023-04-10 08:24:45 | INFO | fairseq.logging.progress_bar | :   1021 / 8628 sentences=16
2023-04-10 08:24:51 | INFO | fairseq.logging.progress_bar | :   1031 / 8628 sentences=16
2023-04-10 08:24:58 | INFO | fairseq.logging.progress_bar | :   1041 / 8628 sentences=16
2023-04-10 08:25:04 | INFO | fairseq.logging.progress_bar | :   1051 / 8628 sentences=16
2023-04-10 08:25:10 | INFO | fairseq.logging.progress_bar | :   1061 / 8628 sentences=16
2023-04-10 08:25:16 | INFO | fairseq.logging.progress_bar | :   1071 / 8628 sentences=16
2023-04-10 08:25:23 | INFO | fairseq.logging.progress_bar | :   1081 / 8628 sentences=16
2023-04-10 08:25:29 | INFO | fairseq.logging.progress_bar | :   1091 / 8628 sentences=16
2023-04-10 08:25:36 | INFO | fairseq.logging.progress_bar | :   1101 / 8628 sentences=16
2023-04-10 08:25:42 | INFO | fairseq.logging.progress_bar | :   1111 / 8628 sentences=16
2023-04-10 08:25:49 | INFO | fairseq.logging.progress_bar | :   1121 / 8628 sentences=16
2023-04-10 08:25:55 | INFO | fairseq.logging.progress_bar | :   1131 / 8628 sentences=16
2023-04-10 08:26:01 | INFO | fairseq.logging.progress_bar | :   1141 / 8628 sentences=16
2023-04-10 08:26:08 | INFO | fairseq.logging.progress_bar | :   1151 / 8628 sentences=16
2023-04-10 08:26:14 | INFO | fairseq.logging.progress_bar | :   1161 / 8628 sentences=16
2023-04-10 08:26:20 | INFO | fairseq.logging.progress_bar | :   1171 / 8628 sentences=16
2023-04-10 08:26:27 | INFO | fairseq.logging.progress_bar | :   1181 / 8628 sentences=16
2023-04-10 08:26:33 | INFO | fairseq.logging.progress_bar | :   1191 / 8628 sentences=16
2023-04-10 08:26:39 | INFO | fairseq.logging.progress_bar | :   1201 / 8628 sentences=16
2023-04-10 08:26:46 | INFO | fairseq.logging.progress_bar | :   1211 / 8628 sentences=16
2023-04-10 08:26:52 | INFO | fairseq.logging.progress_bar | :   1221 / 8628 sentences=16
2023-04-10 08:26:58 | INFO | fairseq.logging.progress_bar | :   1231 / 8628 sentences=16
2023-04-10 08:27:05 | INFO | fairseq.logging.progress_bar | :   1241 / 8628 sentences=16
2023-04-10 08:27:11 | INFO | fairseq.logging.progress_bar | :   1251 / 8628 sentences=16
2023-04-10 08:27:17 | INFO | fairseq.logging.progress_bar | :   1261 / 8628 sentences=16
2023-04-10 08:27:24 | INFO | fairseq.logging.progress_bar | :   1271 / 8628 sentences=16
2023-04-10 08:27:30 | INFO | fairseq.logging.progress_bar | :   1281 / 8628 sentences=16
2023-04-10 08:27:36 | INFO | fairseq.logging.progress_bar | :   1291 / 8628 sentences=16
2023-04-10 08:27:43 | INFO | fairseq.logging.progress_bar | :   1301 / 8628 sentences=16
2023-04-10 08:27:49 | INFO | fairseq.logging.progress_bar | :   1311 / 8628 sentences=16
2023-04-10 08:27:55 | INFO | fairseq.logging.progress_bar | :   1321 / 8628 sentences=16
2023-04-10 08:28:02 | INFO | fairseq.logging.progress_bar | :   1331 / 8628 sentences=16
2023-04-10 08:28:08 | INFO | fairseq.logging.progress_bar | :   1341 / 8628 sentences=16
2023-04-10 08:28:15 | INFO | fairseq.logging.progress_bar | :   1351 / 8628 sentences=16
2023-04-10 08:28:21 | INFO | fairseq.logging.progress_bar | :   1361 / 8628 sentences=16
2023-04-10 08:28:28 | INFO | fairseq.logging.progress_bar | :   1371 / 8628 sentences=16
2023-04-10 08:28:34 | INFO | fairseq.logging.progress_bar | :   1381 / 8628 sentences=16
2023-04-10 08:28:41 | INFO | fairseq.logging.progress_bar | :   1391 / 8628 sentences=16
2023-04-10 08:28:47 | INFO | fairseq.logging.progress_bar | :   1401 / 8628 sentences=16
2023-04-10 08:28:54 | INFO | fairseq.logging.progress_bar | :   1411 / 8628 sentences=16
2023-04-10 08:29:00 | INFO | fairseq.logging.progress_bar | :   1421 / 8628 sentences=16
2023-04-10 08:29:06 | INFO | fairseq.logging.progress_bar | :   1431 / 8628 sentences=16
2023-04-10 08:29:13 | INFO | fairseq.logging.progress_bar | :   1441 / 8628 sentences=16
2023-04-10 08:29:19 | INFO | fairseq.logging.progress_bar | :   1451 / 8628 sentences=16
2023-04-10 08:29:26 | INFO | fairseq.logging.progress_bar | :   1461 / 8628 sentences=16
2023-04-10 08:29:32 | INFO | fairseq.logging.progress_bar | :   1471 / 8628 sentences=16
2023-04-10 08:29:38 | INFO | fairseq.logging.progress_bar | :   1481 / 8628 sentences=16
2023-04-10 08:29:45 | INFO | fairseq.logging.progress_bar | :   1491 / 8628 sentences=16
2023-04-10 08:29:51 | INFO | fairseq.logging.progress_bar | :   1501 / 8628 sentences=16
2023-04-10 08:29:57 | INFO | fairseq.logging.progress_bar | :   1511 / 8628 sentences=16
2023-04-10 08:30:04 | INFO | fairseq.logging.progress_bar | :   1521 / 8628 sentences=16
2023-04-10 08:30:10 | INFO | fairseq.logging.progress_bar | :   1531 / 8628 sentences=16
2023-04-10 08:30:16 | INFO | fairseq.logging.progress_bar | :   1541 / 8628 sentences=16
2023-04-10 08:30:23 | INFO | fairseq.logging.progress_bar | :   1551 / 8628 sentences=16
2023-04-10 08:30:29 | INFO | fairseq.logging.progress_bar | :   1561 / 8628 sentences=16
2023-04-10 08:30:35 | INFO | fairseq.logging.progress_bar | :   1571 / 8628 sentences=16
2023-04-10 08:30:42 | INFO | fairseq.logging.progress_bar | :   1581 / 8628 sentences=16
2023-04-10 08:30:48 | INFO | fairseq.logging.progress_bar | :   1591 / 8628 sentences=16
2023-04-10 08:30:55 | INFO | fairseq.logging.progress_bar | :   1601 / 8628 sentences=16
2023-04-10 08:31:01 | INFO | fairseq.logging.progress_bar | :   1611 / 8628 sentences=16
2023-04-10 08:31:07 | INFO | fairseq.logging.progress_bar | :   1621 / 8628 sentences=16
2023-04-10 08:31:14 | INFO | fairseq.logging.progress_bar | :   1631 / 8628 sentences=16
2023-04-10 08:31:20 | INFO | fairseq.logging.progress_bar | :   1641 / 8628 sentences=16
2023-04-10 08:31:26 | INFO | fairseq.logging.progress_bar | :   1651 / 8628 sentences=16
2023-04-10 08:31:33 | INFO | fairseq.logging.progress_bar | :   1661 / 8628 sentences=16
2023-04-10 08:31:39 | INFO | fairseq.logging.progress_bar | :   1671 / 8628 sentences=16
2023-04-10 08:31:45 | INFO | fairseq.logging.progress_bar | :   1681 / 8628 sentences=16
2023-04-10 08:31:52 | INFO | fairseq.logging.progress_bar | :   1691 / 8628 sentences=16
2023-04-10 08:31:58 | INFO | fairseq.logging.progress_bar | :   1701 / 8628 sentences=16
2023-04-10 08:32:05 | INFO | fairseq.logging.progress_bar | :   1711 / 8628 sentences=16
2023-04-10 08:32:11 | INFO | fairseq.logging.progress_bar | :   1721 / 8628 sentences=16
2023-04-10 08:32:17 | INFO | fairseq.logging.progress_bar | :   1731 / 8628 sentences=16
2023-04-10 08:32:24 | INFO | fairseq.logging.progress_bar | :   1741 / 8628 sentences=16
2023-04-10 08:32:30 | INFO | fairseq.logging.progress_bar | :   1751 / 8628 sentences=16
2023-04-10 08:32:37 | INFO | fairseq.logging.progress_bar | :   1761 / 8628 sentences=16
2023-04-10 08:32:43 | INFO | fairseq.logging.progress_bar | :   1771 / 8628 sentences=16
2023-04-10 08:32:50 | INFO | fairseq.logging.progress_bar | :   1781 / 8628 sentences=16
2023-04-10 08:32:56 | INFO | fairseq.logging.progress_bar | :   1791 / 8628 sentences=16
2023-04-10 08:33:02 | INFO | fairseq.logging.progress_bar | :   1801 / 8628 sentences=16
2023-04-10 08:33:09 | INFO | fairseq.logging.progress_bar | :   1811 / 8628 sentences=16
2023-04-10 08:33:15 | INFO | fairseq.logging.progress_bar | :   1821 / 8628 sentences=16
2023-04-10 08:33:21 | INFO | fairseq.logging.progress_bar | :   1831 / 8628 sentences=16
2023-04-10 08:33:28 | INFO | fairseq.logging.progress_bar | :   1841 / 8628 sentences=16
2023-04-10 08:33:34 | INFO | fairseq.logging.progress_bar | :   1851 / 8628 sentences=16
2023-04-10 08:33:41 | INFO | fairseq.logging.progress_bar | :   1861 / 8628 sentences=16
2023-04-10 08:33:47 | INFO | fairseq.logging.progress_bar | :   1871 / 8628 sentences=16
2023-04-10 08:33:53 | INFO | fairseq.logging.progress_bar | :   1881 / 8628 sentences=16
2023-04-10 08:34:00 | INFO | fairseq.logging.progress_bar | :   1891 / 8628 sentences=16
2023-04-10 08:34:06 | INFO | fairseq.logging.progress_bar | :   1901 / 8628 sentences=16
2023-04-10 08:34:12 | INFO | fairseq.logging.progress_bar | :   1911 / 8628 sentences=16
2023-04-10 08:34:19 | INFO | fairseq.logging.progress_bar | :   1921 / 8628 sentences=16
2023-04-10 08:34:25 | INFO | fairseq.logging.progress_bar | :   1931 / 8628 sentences=16
2023-04-10 08:34:32 | INFO | fairseq.logging.progress_bar | :   1941 / 8628 sentences=16
2023-04-10 08:34:38 | INFO | fairseq.logging.progress_bar | :   1951 / 8628 sentences=16
2023-04-10 08:34:44 | INFO | fairseq.logging.progress_bar | :   1961 / 8628 sentences=16
2023-04-10 08:34:50 | INFO | fairseq.logging.progress_bar | :   1971 / 8628 sentences=16
2023-04-10 08:34:57 | INFO | fairseq.logging.progress_bar | :   1981 / 8628 sentences=16
2023-04-10 08:35:03 | INFO | fairseq.logging.progress_bar | :   1991 / 8628 sentences=16
2023-04-10 08:35:09 | INFO | fairseq.logging.progress_bar | :   2001 / 8628 sentences=16
2023-04-10 08:35:16 | INFO | fairseq.logging.progress_bar | :   2011 / 8628 sentences=16
2023-04-10 08:35:22 | INFO | fairseq.logging.progress_bar | :   2021 / 8628 sentences=16
2023-04-10 08:35:28 | INFO | fairseq.logging.progress_bar | :   2031 / 8628 sentences=16
2023-04-10 08:35:35 | INFO | fairseq.logging.progress_bar | :   2041 / 8628 sentences=16
2023-04-10 08:35:41 | INFO | fairseq.logging.progress_bar | :   2051 / 8628 sentences=16
2023-04-10 08:35:48 | INFO | fairseq.logging.progress_bar | :   2061 / 8628 sentences=16
2023-04-10 08:35:54 | INFO | fairseq.logging.progress_bar | :   2071 / 8628 sentences=16
2023-04-10 08:36:01 | INFO | fairseq.logging.progress_bar | :   2081 / 8628 sentences=16
2023-04-10 08:36:07 | INFO | fairseq.logging.progress_bar | :   2091 / 8628 sentences=16
2023-04-10 08:36:13 | INFO | fairseq.logging.progress_bar | :   2101 / 8628 sentences=16
2023-04-10 08:36:20 | INFO | fairseq.logging.progress_bar | :   2111 / 8628 sentences=16
2023-04-10 08:36:26 | INFO | fairseq.logging.progress_bar | :   2121 / 8628 sentences=16
2023-04-10 08:36:32 | INFO | fairseq.logging.progress_bar | :   2131 / 8628 sentences=16
2023-04-10 08:36:39 | INFO | fairseq.logging.progress_bar | :   2141 / 8628 sentences=16
2023-04-10 08:36:45 | INFO | fairseq.logging.progress_bar | :   2151 / 8628 sentences=16
2023-04-10 08:36:51 | INFO | fairseq.logging.progress_bar | :   2161 / 8628 sentences=16
2023-04-10 08:36:58 | INFO | fairseq.logging.progress_bar | :   2171 / 8628 sentences=16
2023-04-10 08:37:04 | INFO | fairseq.logging.progress_bar | :   2181 / 8628 sentences=16
2023-04-10 08:37:10 | INFO | fairseq.logging.progress_bar | :   2191 / 8628 sentences=16
2023-04-10 08:37:17 | INFO | fairseq.logging.progress_bar | :   2201 / 8628 sentences=16
2023-04-10 08:37:23 | INFO | fairseq.logging.progress_bar | :   2211 / 8628 sentences=16
2023-04-10 08:37:29 | INFO | fairseq.logging.progress_bar | :   2221 / 8628 sentences=16
2023-04-10 08:37:36 | INFO | fairseq.logging.progress_bar | :   2231 / 8628 sentences=16
2023-04-10 08:37:42 | INFO | fairseq.logging.progress_bar | :   2241 / 8628 sentences=16
2023-04-10 08:37:49 | INFO | fairseq.logging.progress_bar | :   2251 / 8628 sentences=16
2023-04-10 08:37:55 | INFO | fairseq.logging.progress_bar | :   2261 / 8628 sentences=16
2023-04-10 08:38:01 | INFO | fairseq.logging.progress_bar | :   2271 / 8628 sentences=16
2023-04-10 08:38:07 | INFO | fairseq.logging.progress_bar | :   2281 / 8628 sentences=16
2023-04-10 08:38:14 | INFO | fairseq.logging.progress_bar | :   2291 / 8628 sentences=16
2023-04-10 08:38:20 | INFO | fairseq.logging.progress_bar | :   2301 / 8628 sentences=16
2023-04-10 08:38:27 | INFO | fairseq.logging.progress_bar | :   2311 / 8628 sentences=16
2023-04-10 08:38:33 | INFO | fairseq.logging.progress_bar | :   2321 / 8628 sentences=16
2023-04-10 08:38:39 | INFO | fairseq.logging.progress_bar | :   2331 / 8628 sentences=16
2023-04-10 08:38:46 | INFO | fairseq.logging.progress_bar | :   2341 / 8628 sentences=16
2023-04-10 08:38:52 | INFO | fairseq.logging.progress_bar | :   2351 / 8628 sentences=16
2023-04-10 08:38:59 | INFO | fairseq.logging.progress_bar | :   2361 / 8628 sentences=16
2023-04-10 08:39:05 | INFO | fairseq.logging.progress_bar | :   2371 / 8628 sentences=16
2023-04-10 08:39:11 | INFO | fairseq.logging.progress_bar | :   2381 / 8628 sentences=16
2023-04-10 08:39:17 | INFO | fairseq.logging.progress_bar | :   2391 / 8628 sentences=16
2023-04-10 08:39:24 | INFO | fairseq.logging.progress_bar | :   2401 / 8628 sentences=16
2023-04-10 08:39:30 | INFO | fairseq.logging.progress_bar | :   2411 / 8628 sentences=16
2023-04-10 08:39:37 | INFO | fairseq.logging.progress_bar | :   2421 / 8628 sentences=16
2023-04-10 08:39:43 | INFO | fairseq.logging.progress_bar | :   2431 / 8628 sentences=16
2023-04-10 08:39:49 | INFO | fairseq.logging.progress_bar | :   2441 / 8628 sentences=16
2023-04-10 08:39:56 | INFO | fairseq.logging.progress_bar | :   2451 / 8628 sentences=16
2023-04-10 08:40:02 | INFO | fairseq.logging.progress_bar | :   2461 / 8628 sentences=16
2023-04-10 08:40:08 | INFO | fairseq.logging.progress_bar | :   2471 / 8628 sentences=16
2023-04-10 08:40:14 | INFO | fairseq.logging.progress_bar | :   2481 / 8628 sentences=16
2023-04-10 08:40:21 | INFO | fairseq.logging.progress_bar | :   2491 / 8628 sentences=16
2023-04-10 08:40:27 | INFO | fairseq.logging.progress_bar | :   2501 / 8628 sentences=16
2023-04-10 08:40:33 | INFO | fairseq.logging.progress_bar | :   2511 / 8628 sentences=16
2023-04-10 08:40:40 | INFO | fairseq.logging.progress_bar | :   2521 / 8628 sentences=16
2023-04-10 08:40:46 | INFO | fairseq.logging.progress_bar | :   2531 / 8628 sentences=16
2023-04-10 08:40:52 | INFO | fairseq.logging.progress_bar | :   2541 / 8628 sentences=16
2023-04-10 08:40:59 | INFO | fairseq.logging.progress_bar | :   2551 / 8628 sentences=16
2023-04-10 08:41:05 | INFO | fairseq.logging.progress_bar | :   2561 / 8628 sentences=16
2023-04-10 08:41:11 | INFO | fairseq.logging.progress_bar | :   2571 / 8628 sentences=16
2023-04-10 08:41:18 | INFO | fairseq.logging.progress_bar | :   2581 / 8628 sentences=16
2023-04-10 08:41:24 | INFO | fairseq.logging.progress_bar | :   2591 / 8628 sentences=16
2023-04-10 08:41:30 | INFO | fairseq.logging.progress_bar | :   2601 / 8628 sentences=16
2023-04-10 08:41:37 | INFO | fairseq.logging.progress_bar | :   2611 / 8628 sentences=16
2023-04-10 08:41:43 | INFO | fairseq.logging.progress_bar | :   2621 / 8628 sentences=16
2023-04-10 08:41:49 | INFO | fairseq.logging.progress_bar | :   2631 / 8628 sentences=16
2023-04-10 08:41:55 | INFO | fairseq.logging.progress_bar | :   2641 / 8628 sentences=16
2023-04-10 08:42:02 | INFO | fairseq.logging.progress_bar | :   2651 / 8628 sentences=16
2023-04-10 08:42:08 | INFO | fairseq.logging.progress_bar | :   2661 / 8628 sentences=16
2023-04-10 08:42:14 | INFO | fairseq.logging.progress_bar | :   2671 / 8628 sentences=16
2023-04-10 08:42:20 | INFO | fairseq.logging.progress_bar | :   2681 / 8628 sentences=16
2023-04-10 08:42:27 | INFO | fairseq.logging.progress_bar | :   2691 / 8628 sentences=16
2023-04-10 08:42:33 | INFO | fairseq.logging.progress_bar | :   2701 / 8628 sentences=16
2023-04-10 08:42:39 | INFO | fairseq.logging.progress_bar | :   2711 / 8628 sentences=16
2023-04-10 08:42:45 | INFO | fairseq.logging.progress_bar | :   2721 / 8628 sentences=16
2023-04-10 08:42:52 | INFO | fairseq.logging.progress_bar | :   2731 / 8628 sentences=16
2023-04-10 08:42:58 | INFO | fairseq.logging.progress_bar | :   2741 / 8628 sentences=16
2023-04-10 08:43:04 | INFO | fairseq.logging.progress_bar | :   2751 / 8628 sentences=16
2023-04-10 08:43:10 | INFO | fairseq.logging.progress_bar | :   2761 / 8628 sentences=16
2023-04-10 08:43:17 | INFO | fairseq.logging.progress_bar | :   2771 / 8628 sentences=16
2023-04-10 08:43:23 | INFO | fairseq.logging.progress_bar | :   2781 / 8628 sentences=16
2023-04-10 08:43:29 | INFO | fairseq.logging.progress_bar | :   2791 / 8628 sentences=16
2023-04-10 08:43:36 | INFO | fairseq.logging.progress_bar | :   2801 / 8628 sentences=16
2023-04-10 08:43:42 | INFO | fairseq.logging.progress_bar | :   2811 / 8628 sentences=16
2023-04-10 08:43:48 | INFO | fairseq.logging.progress_bar | :   2821 / 8628 sentences=16
2023-04-10 08:43:55 | INFO | fairseq.logging.progress_bar | :   2831 / 8628 sentences=16
2023-04-10 08:44:01 | INFO | fairseq.logging.progress_bar | :   2841 / 8628 sentences=16
2023-04-10 08:44:07 | INFO | fairseq.logging.progress_bar | :   2851 / 8628 sentences=16
2023-04-10 08:44:14 | INFO | fairseq.logging.progress_bar | :   2861 / 8628 sentences=16
2023-04-10 08:44:20 | INFO | fairseq.logging.progress_bar | :   2871 / 8628 sentences=16
2023-04-10 08:44:26 | INFO | fairseq.logging.progress_bar | :   2881 / 8628 sentences=16
2023-04-10 08:44:32 | INFO | fairseq.logging.progress_bar | :   2891 / 8628 sentences=16
2023-04-10 08:44:39 | INFO | fairseq.logging.progress_bar | :   2901 / 8628 sentences=16
2023-04-10 08:44:45 | INFO | fairseq.logging.progress_bar | :   2911 / 8628 sentences=16
2023-04-10 08:44:51 | INFO | fairseq.logging.progress_bar | :   2921 / 8628 sentences=16
2023-04-10 08:44:57 | INFO | fairseq.logging.progress_bar | :   2931 / 8628 sentences=16
2023-04-10 08:45:04 | INFO | fairseq.logging.progress_bar | :   2941 / 8628 sentences=16
2023-04-10 08:45:10 | INFO | fairseq.logging.progress_bar | :   2951 / 8628 sentences=16
2023-04-10 08:45:16 | INFO | fairseq.logging.progress_bar | :   2961 / 8628 sentences=16
2023-04-10 08:45:23 | INFO | fairseq.logging.progress_bar | :   2971 / 8628 sentences=16
2023-04-10 08:45:29 | INFO | fairseq.logging.progress_bar | :   2981 / 8628 sentences=16
2023-04-10 08:45:35 | INFO | fairseq.logging.progress_bar | :   2991 / 8628 sentences=16
2023-04-10 08:45:42 | INFO | fairseq.logging.progress_bar | :   3001 / 8628 sentences=16
2023-04-10 08:45:48 | INFO | fairseq.logging.progress_bar | :   3011 / 8628 sentences=16
2023-04-10 08:45:55 | INFO | fairseq.logging.progress_bar | :   3021 / 8628 sentences=16
2023-04-10 08:46:01 | INFO | fairseq.logging.progress_bar | :   3031 / 8628 sentences=16
2023-04-10 08:46:07 | INFO | fairseq.logging.progress_bar | :   3041 / 8628 sentences=16
2023-04-10 08:46:14 | INFO | fairseq.logging.progress_bar | :   3051 / 8628 sentences=16
2023-04-10 08:46:20 | INFO | fairseq.logging.progress_bar | :   3061 / 8628 sentences=16
2023-04-10 08:46:26 | INFO | fairseq.logging.progress_bar | :   3071 / 8628 sentences=16
2023-04-10 08:46:33 | INFO | fairseq.logging.progress_bar | :   3081 / 8628 sentences=16
2023-04-10 08:46:39 | INFO | fairseq.logging.progress_bar | :   3091 / 8628 sentences=16
2023-04-10 08:46:46 | INFO | fairseq.logging.progress_bar | :   3101 / 8628 sentences=16
2023-04-10 08:46:52 | INFO | fairseq.logging.progress_bar | :   3111 / 8628 sentences=16
2023-04-10 08:46:58 | INFO | fairseq.logging.progress_bar | :   3121 / 8628 sentences=16
2023-04-10 08:47:05 | INFO | fairseq.logging.progress_bar | :   3131 / 8628 sentences=16
2023-04-10 08:47:11 | INFO | fairseq.logging.progress_bar | :   3141 / 8628 sentences=16
2023-04-10 08:47:17 | INFO | fairseq.logging.progress_bar | :   3151 / 8628 sentences=16
2023-04-10 08:47:24 | INFO | fairseq.logging.progress_bar | :   3161 / 8628 sentences=16
2023-04-10 08:47:30 | INFO | fairseq.logging.progress_bar | :   3171 / 8628 sentences=16
2023-04-10 08:47:36 | INFO | fairseq.logging.progress_bar | :   3181 / 8628 sentences=16
2023-04-10 08:47:43 | INFO | fairseq.logging.progress_bar | :   3191 / 8628 sentences=16
2023-04-10 08:47:49 | INFO | fairseq.logging.progress_bar | :   3201 / 8628 sentences=16
2023-04-10 08:47:55 | INFO | fairseq.logging.progress_bar | :   3211 / 8628 sentences=16
2023-04-10 08:48:02 | INFO | fairseq.logging.progress_bar | :   3221 / 8628 sentences=16
2023-04-10 08:48:08 | INFO | fairseq.logging.progress_bar | :   3231 / 8628 sentences=16
2023-04-10 08:48:15 | INFO | fairseq.logging.progress_bar | :   3241 / 8628 sentences=16
2023-04-10 08:48:21 | INFO | fairseq.logging.progress_bar | :   3251 / 8628 sentences=16
2023-04-10 08:48:27 | INFO | fairseq.logging.progress_bar | :   3261 / 8628 sentences=16
2023-04-10 08:48:34 | INFO | fairseq.logging.progress_bar | :   3271 / 8628 sentences=16
2023-04-10 08:48:40 | INFO | fairseq.logging.progress_bar | :   3281 / 8628 sentences=16
2023-04-10 08:48:46 | INFO | fairseq.logging.progress_bar | :   3291 / 8628 sentences=16
2023-04-10 08:48:53 | INFO | fairseq.logging.progress_bar | :   3301 / 8628 sentences=16
2023-04-10 08:48:59 | INFO | fairseq.logging.progress_bar | :   3311 / 8628 sentences=16
2023-04-10 08:49:06 | INFO | fairseq.logging.progress_bar | :   3321 / 8628 sentences=16
2023-04-10 08:49:12 | INFO | fairseq.logging.progress_bar | :   3331 / 8628 sentences=16
2023-04-10 08:49:19 | INFO | fairseq.logging.progress_bar | :   3341 / 8628 sentences=16
2023-04-10 08:49:25 | INFO | fairseq.logging.progress_bar | :   3351 / 8628 sentences=16
2023-04-10 08:49:31 | INFO | fairseq.logging.progress_bar | :   3361 / 8628 sentences=16
2023-04-10 08:49:38 | INFO | fairseq.logging.progress_bar | :   3371 / 8628 sentences=16
2023-04-10 08:49:44 | INFO | fairseq.logging.progress_bar | :   3381 / 8628 sentences=16
2023-04-10 08:49:50 | INFO | fairseq.logging.progress_bar | :   3391 / 8628 sentences=16
2023-04-10 08:49:57 | INFO | fairseq.logging.progress_bar | :   3401 / 8628 sentences=16
2023-04-10 08:50:03 | INFO | fairseq.logging.progress_bar | :   3411 / 8628 sentences=16
2023-04-10 08:50:09 | INFO | fairseq.logging.progress_bar | :   3421 / 8628 sentences=16
2023-04-10 08:50:16 | INFO | fairseq.logging.progress_bar | :   3431 / 8628 sentences=16
2023-04-10 08:50:22 | INFO | fairseq.logging.progress_bar | :   3441 / 8628 sentences=16
2023-04-10 08:50:29 | INFO | fairseq.logging.progress_bar | :   3451 / 8628 sentences=16
2023-04-10 08:50:35 | INFO | fairseq.logging.progress_bar | :   3461 / 8628 sentences=16
2023-04-10 08:50:41 | INFO | fairseq.logging.progress_bar | :   3471 / 8628 sentences=16
2023-04-10 08:50:48 | INFO | fairseq.logging.progress_bar | :   3481 / 8628 sentences=16
2023-04-10 08:50:54 | INFO | fairseq.logging.progress_bar | :   3491 / 8628 sentences=16
2023-04-10 08:51:01 | INFO | fairseq.logging.progress_bar | :   3501 / 8628 sentences=16
2023-04-10 08:51:07 | INFO | fairseq.logging.progress_bar | :   3511 / 8628 sentences=16
2023-04-10 08:51:13 | INFO | fairseq.logging.progress_bar | :   3521 / 8628 sentences=16
2023-04-10 08:51:20 | INFO | fairseq.logging.progress_bar | :   3531 / 8628 sentences=16
2023-04-10 08:51:26 | INFO | fairseq.logging.progress_bar | :   3541 / 8628 sentences=16
2023-04-10 08:51:32 | INFO | fairseq.logging.progress_bar | :   3551 / 8628 sentences=16
2023-04-10 08:51:39 | INFO | fairseq.logging.progress_bar | :   3561 / 8628 sentences=16
2023-04-10 08:51:45 | INFO | fairseq.logging.progress_bar | :   3571 / 8628 sentences=16
2023-04-10 08:51:52 | INFO | fairseq.logging.progress_bar | :   3581 / 8628 sentences=16
2023-04-10 08:51:58 | INFO | fairseq.logging.progress_bar | :   3591 / 8628 sentences=16
2023-04-10 08:52:05 | INFO | fairseq.logging.progress_bar | :   3601 / 8628 sentences=16
2023-04-10 08:52:11 | INFO | fairseq.logging.progress_bar | :   3611 / 8628 sentences=16
2023-04-10 08:52:18 | INFO | fairseq.logging.progress_bar | :   3621 / 8628 sentences=16
2023-04-10 08:52:24 | INFO | fairseq.logging.progress_bar | :   3631 / 8628 sentences=16
2023-04-10 08:52:30 | INFO | fairseq.logging.progress_bar | :   3641 / 8628 sentences=16
2023-04-10 08:52:37 | INFO | fairseq.logging.progress_bar | :   3651 / 8628 sentences=16
2023-04-10 08:52:43 | INFO | fairseq.logging.progress_bar | :   3661 / 8628 sentences=16
2023-04-10 08:52:49 | INFO | fairseq.logging.progress_bar | :   3671 / 8628 sentences=16
2023-04-10 08:52:56 | INFO | fairseq.logging.progress_bar | :   3681 / 8628 sentences=16
2023-04-10 08:53:02 | INFO | fairseq.logging.progress_bar | :   3691 / 8628 sentences=16
2023-04-10 08:53:08 | INFO | fairseq.logging.progress_bar | :   3701 / 8628 sentences=16
2023-04-10 08:53:15 | INFO | fairseq.logging.progress_bar | :   3711 / 8628 sentences=16
2023-04-10 08:53:21 | INFO | fairseq.logging.progress_bar | :   3721 / 8628 sentences=16
2023-04-10 08:53:28 | INFO | fairseq.logging.progress_bar | :   3731 / 8628 sentences=16
2023-04-10 08:53:34 | INFO | fairseq.logging.progress_bar | :   3741 / 8628 sentences=16
2023-04-10 08:53:40 | INFO | fairseq.logging.progress_bar | :   3751 / 8628 sentences=16
2023-04-10 08:53:47 | INFO | fairseq.logging.progress_bar | :   3761 / 8628 sentences=16
2023-04-10 08:53:53 | INFO | fairseq.logging.progress_bar | :   3771 / 8628 sentences=16
2023-04-10 08:53:59 | INFO | fairseq.logging.progress_bar | :   3781 / 8628 sentences=16
2023-04-10 08:54:06 | INFO | fairseq.logging.progress_bar | :   3791 / 8628 sentences=16
2023-04-10 08:54:12 | INFO | fairseq.logging.progress_bar | :   3801 / 8628 sentences=16
2023-04-10 08:54:19 | INFO | fairseq.logging.progress_bar | :   3811 / 8628 sentences=16
2023-04-10 08:54:25 | INFO | fairseq.logging.progress_bar | :   3821 / 8628 sentences=16
2023-04-10 08:54:31 | INFO | fairseq.logging.progress_bar | :   3831 / 8628 sentences=16
2023-04-10 08:54:38 | INFO | fairseq.logging.progress_bar | :   3841 / 8628 sentences=16
2023-04-10 08:54:44 | INFO | fairseq.logging.progress_bar | :   3851 / 8628 sentences=16
2023-04-10 08:54:50 | INFO | fairseq.logging.progress_bar | :   3861 / 8628 sentences=16
2023-04-10 08:54:57 | INFO | fairseq.logging.progress_bar | :   3871 / 8628 sentences=16
2023-04-10 08:55:03 | INFO | fairseq.logging.progress_bar | :   3881 / 8628 sentences=16
2023-04-10 08:55:10 | INFO | fairseq.logging.progress_bar | :   3891 / 8628 sentences=16
2023-04-10 08:55:16 | INFO | fairseq.logging.progress_bar | :   3901 / 8628 sentences=16
2023-04-10 08:55:23 | INFO | fairseq.logging.progress_bar | :   3911 / 8628 sentences=16
2023-04-10 08:55:29 | INFO | fairseq.logging.progress_bar | :   3921 / 8628 sentences=16
2023-04-10 08:55:35 | INFO | fairseq.logging.progress_bar | :   3931 / 8628 sentences=16
2023-04-10 08:55:41 | INFO | fairseq.logging.progress_bar | :   3941 / 8628 sentences=16
2023-04-10 08:55:48 | INFO | fairseq.logging.progress_bar | :   3951 / 8628 sentences=16
2023-04-10 08:55:54 | INFO | fairseq.logging.progress_bar | :   3961 / 8628 sentences=16
2023-04-10 08:56:00 | INFO | fairseq.logging.progress_bar | :   3971 / 8628 sentences=16
2023-04-10 08:56:07 | INFO | fairseq.logging.progress_bar | :   3981 / 8628 sentences=16
2023-04-10 08:56:13 | INFO | fairseq.logging.progress_bar | :   3991 / 8628 sentences=16
2023-04-10 08:56:19 | INFO | fairseq.logging.progress_bar | :   4001 / 8628 sentences=16
2023-04-10 08:56:26 | INFO | fairseq.logging.progress_bar | :   4011 / 8628 sentences=16
2023-04-10 08:56:32 | INFO | fairseq.logging.progress_bar | :   4021 / 8628 sentences=16
2023-04-10 08:56:38 | INFO | fairseq.logging.progress_bar | :   4031 / 8628 sentences=16
2023-04-10 08:56:45 | INFO | fairseq.logging.progress_bar | :   4041 / 8628 sentences=16
2023-04-10 08:56:52 | INFO | fairseq.logging.progress_bar | :   4051 / 8628 sentences=16
2023-04-10 08:56:58 | INFO | fairseq.logging.progress_bar | :   4061 / 8628 sentences=16
2023-04-10 08:57:05 | INFO | fairseq.logging.progress_bar | :   4071 / 8628 sentences=16
2023-04-10 08:57:11 | INFO | fairseq.logging.progress_bar | :   4081 / 8628 sentences=16
2023-04-10 08:57:17 | INFO | fairseq.logging.progress_bar | :   4091 / 8628 sentences=16
2023-04-10 08:57:24 | INFO | fairseq.logging.progress_bar | :   4101 / 8628 sentences=16
2023-04-10 08:57:30 | INFO | fairseq.logging.progress_bar | :   4111 / 8628 sentences=16
2023-04-10 08:57:37 | INFO | fairseq.logging.progress_bar | :   4121 / 8628 sentences=16
2023-04-10 08:57:43 | INFO | fairseq.logging.progress_bar | :   4131 / 8628 sentences=16
2023-04-10 08:57:50 | INFO | fairseq.logging.progress_bar | :   4141 / 8628 sentences=16
2023-04-10 08:57:56 | INFO | fairseq.logging.progress_bar | :   4151 / 8628 sentences=16
2023-04-10 08:58:02 | INFO | fairseq.logging.progress_bar | :   4161 / 8628 sentences=16
2023-04-10 08:58:09 | INFO | fairseq.logging.progress_bar | :   4171 / 8628 sentences=16
2023-04-10 08:58:15 | INFO | fairseq.logging.progress_bar | :   4181 / 8628 sentences=16
2023-04-10 08:58:21 | INFO | fairseq.logging.progress_bar | :   4191 / 8628 sentences=16
2023-04-10 08:58:28 | INFO | fairseq.logging.progress_bar | :   4201 / 8628 sentences=16
2023-04-10 08:58:34 | INFO | fairseq.logging.progress_bar | :   4211 / 8628 sentences=16
2023-04-10 08:58:40 | INFO | fairseq.logging.progress_bar | :   4221 / 8628 sentences=16
2023-04-10 08:58:47 | INFO | fairseq.logging.progress_bar | :   4231 / 8628 sentences=16
2023-04-10 08:58:53 | INFO | fairseq.logging.progress_bar | :   4241 / 8628 sentences=16
2023-04-10 08:58:59 | INFO | fairseq.logging.progress_bar | :   4251 / 8628 sentences=16
2023-04-10 08:59:06 | INFO | fairseq.logging.progress_bar | :   4261 / 8628 sentences=16
2023-04-10 08:59:12 | INFO | fairseq.logging.progress_bar | :   4271 / 8628 sentences=16
2023-04-10 08:59:18 | INFO | fairseq.logging.progress_bar | :   4281 / 8628 sentences=16
2023-04-10 08:59:25 | INFO | fairseq.logging.progress_bar | :   4291 / 8628 sentences=16
2023-04-10 08:59:31 | INFO | fairseq.logging.progress_bar | :   4301 / 8628 sentences=16
2023-04-10 08:59:37 | INFO | fairseq.logging.progress_bar | :   4311 / 8628 sentences=16
2023-04-10 08:59:44 | INFO | fairseq.logging.progress_bar | :   4321 / 8628 sentences=16
2023-04-10 08:59:50 | INFO | fairseq.logging.progress_bar | :   4331 / 8628 sentences=16
2023-04-10 08:59:56 | INFO | fairseq.logging.progress_bar | :   4341 / 8628 sentences=16
2023-04-10 09:00:03 | INFO | fairseq.logging.progress_bar | :   4351 / 8628 sentences=16
2023-04-10 09:00:09 | INFO | fairseq.logging.progress_bar | :   4361 / 8628 sentences=16
2023-04-10 09:00:16 | INFO | fairseq.logging.progress_bar | :   4371 / 8628 sentences=16
2023-04-10 09:00:22 | INFO | fairseq.logging.progress_bar | :   4381 / 8628 sentences=16
2023-04-10 09:00:29 | INFO | fairseq.logging.progress_bar | :   4391 / 8628 sentences=16
2023-04-10 09:00:36 | INFO | fairseq.logging.progress_bar | :   4401 / 8628 sentences=16
2023-04-10 09:00:43 | INFO | fairseq.logging.progress_bar | :   4411 / 8628 sentences=16
2023-04-10 09:00:50 | INFO | fairseq.logging.progress_bar | :   4421 / 8628 sentences=16
2023-04-10 09:00:56 | INFO | fairseq.logging.progress_bar | :   4431 / 8628 sentences=16
2023-04-10 09:01:03 | INFO | fairseq.logging.progress_bar | :   4441 / 8628 sentences=16
2023-04-10 09:01:10 | INFO | fairseq.logging.progress_bar | :   4451 / 8628 sentences=16
2023-04-10 09:01:17 | INFO | fairseq.logging.progress_bar | :   4461 / 8628 sentences=16
2023-04-10 09:01:24 | INFO | fairseq.logging.progress_bar | :   4471 / 8628 sentences=16
2023-04-10 09:01:30 | INFO | fairseq.logging.progress_bar | :   4481 / 8628 sentences=16
2023-04-10 09:01:37 | INFO | fairseq.logging.progress_bar | :   4491 / 8628 sentences=16
2023-04-10 09:01:43 | INFO | fairseq.logging.progress_bar | :   4501 / 8628 sentences=16
2023-04-10 09:01:50 | INFO | fairseq.logging.progress_bar | :   4511 / 8628 sentences=16
2023-04-10 09:01:56 | INFO | fairseq.logging.progress_bar | :   4521 / 8628 sentences=16
2023-04-10 09:02:02 | INFO | fairseq.logging.progress_bar | :   4531 / 8628 sentences=16
2023-04-10 09:02:09 | INFO | fairseq.logging.progress_bar | :   4541 / 8628 sentences=16
2023-04-10 09:02:15 | INFO | fairseq.logging.progress_bar | :   4551 / 8628 sentences=16
2023-04-10 09:02:21 | INFO | fairseq.logging.progress_bar | :   4561 / 8628 sentences=16
2023-04-10 09:02:28 | INFO | fairseq.logging.progress_bar | :   4571 / 8628 sentences=16
2023-04-10 09:02:34 | INFO | fairseq.logging.progress_bar | :   4581 / 8628 sentences=16
2023-04-10 09:02:40 | INFO | fairseq.logging.progress_bar | :   4591 / 8628 sentences=16
2023-04-10 09:02:47 | INFO | fairseq.logging.progress_bar | :   4601 / 8628 sentences=16
2023-04-10 09:02:53 | INFO | fairseq.logging.progress_bar | :   4611 / 8628 sentences=16
2023-04-10 09:03:00 | INFO | fairseq.logging.progress_bar | :   4621 / 8628 sentences=16
2023-04-10 09:03:06 | INFO | fairseq.logging.progress_bar | :   4631 / 8628 sentences=16
2023-04-10 09:03:13 | INFO | fairseq.logging.progress_bar | :   4641 / 8628 sentences=16
2023-04-10 09:03:19 | INFO | fairseq.logging.progress_bar | :   4651 / 8628 sentences=16
2023-04-10 09:03:25 | INFO | fairseq.logging.progress_bar | :   4661 / 8628 sentences=16
2023-04-10 09:03:32 | INFO | fairseq.logging.progress_bar | :   4671 / 8628 sentences=16
2023-04-10 09:03:38 | INFO | fairseq.logging.progress_bar | :   4681 / 8628 sentences=16
2023-04-10 09:03:45 | INFO | fairseq.logging.progress_bar | :   4691 / 8628 sentences=16
2023-04-10 09:03:51 | INFO | fairseq.logging.progress_bar | :   4701 / 8628 sentences=16
2023-04-10 09:03:57 | INFO | fairseq.logging.progress_bar | :   4711 / 8628 sentences=16
2023-04-10 09:04:03 | INFO | fairseq.logging.progress_bar | :   4721 / 8628 sentences=16
2023-04-10 09:04:10 | INFO | fairseq.logging.progress_bar | :   4731 / 8628 sentences=16
2023-04-10 09:04:16 | INFO | fairseq.logging.progress_bar | :   4741 / 8628 sentences=16
2023-04-10 09:04:23 | INFO | fairseq.logging.progress_bar | :   4751 / 8628 sentences=16
2023-04-10 09:04:29 | INFO | fairseq.logging.progress_bar | :   4761 / 8628 sentences=16
2023-04-10 09:04:35 | INFO | fairseq.logging.progress_bar | :   4771 / 8628 sentences=16
2023-04-10 09:04:42 | INFO | fairseq.logging.progress_bar | :   4781 / 8628 sentences=16
2023-04-10 09:04:49 | INFO | fairseq.logging.progress_bar | :   4791 / 8628 sentences=16
2023-04-10 09:04:55 | INFO | fairseq.logging.progress_bar | :   4801 / 8628 sentences=16
2023-04-10 09:05:02 | INFO | fairseq.logging.progress_bar | :   4811 / 8628 sentences=16
2023-04-10 09:05:08 | INFO | fairseq.logging.progress_bar | :   4821 / 8628 sentences=16
2023-04-10 09:05:14 | INFO | fairseq.logging.progress_bar | :   4831 / 8628 sentences=16
2023-04-10 09:05:21 | INFO | fairseq.logging.progress_bar | :   4841 / 8628 sentences=16
2023-04-10 09:05:27 | INFO | fairseq.logging.progress_bar | :   4851 / 8628 sentences=16
2023-04-10 09:05:33 | INFO | fairseq.logging.progress_bar | :   4861 / 8628 sentences=16
2023-04-10 09:05:40 | INFO | fairseq.logging.progress_bar | :   4871 / 8628 sentences=16
2023-04-10 09:05:46 | INFO | fairseq.logging.progress_bar | :   4881 / 8628 sentences=16
2023-04-10 09:05:53 | INFO | fairseq.logging.progress_bar | :   4891 / 8628 sentences=16
2023-04-10 09:05:59 | INFO | fairseq.logging.progress_bar | :   4901 / 8628 sentences=16
2023-04-10 09:06:06 | INFO | fairseq.logging.progress_bar | :   4911 / 8628 sentences=16
2023-04-10 09:06:12 | INFO | fairseq.logging.progress_bar | :   4921 / 8628 sentences=16
2023-04-10 09:06:19 | INFO | fairseq.logging.progress_bar | :   4931 / 8628 sentences=16
2023-04-10 09:06:26 | INFO | fairseq.logging.progress_bar | :   4941 / 8628 sentences=16
2023-04-10 09:06:32 | INFO | fairseq.logging.progress_bar | :   4951 / 8628 sentences=16
2023-04-10 09:06:38 | INFO | fairseq.logging.progress_bar | :   4961 / 8628 sentences=16
2023-04-10 09:06:45 | INFO | fairseq.logging.progress_bar | :   4971 / 8628 sentences=16
2023-04-10 09:06:51 | INFO | fairseq.logging.progress_bar | :   4981 / 8628 sentences=16
2023-04-10 09:06:57 | INFO | fairseq.logging.progress_bar | :   4991 / 8628 sentences=16
2023-04-10 09:07:04 | INFO | fairseq.logging.progress_bar | :   5001 / 8628 sentences=16
2023-04-10 09:07:10 | INFO | fairseq.logging.progress_bar | :   5011 / 8628 sentences=16
2023-04-10 09:07:17 | INFO | fairseq.logging.progress_bar | :   5021 / 8628 sentences=16
2023-04-10 09:07:24 | INFO | fairseq.logging.progress_bar | :   5031 / 8628 sentences=16
2023-04-10 09:07:31 | INFO | fairseq.logging.progress_bar | :   5041 / 8628 sentences=16
2023-04-10 09:07:38 | INFO | fairseq.logging.progress_bar | :   5051 / 8628 sentences=16
2023-04-10 09:07:45 | INFO | fairseq.logging.progress_bar | :   5061 / 8628 sentences=16
2023-04-10 09:07:52 | INFO | fairseq.logging.progress_bar | :   5071 / 8628 sentences=16
2023-04-10 09:07:59 | INFO | fairseq.logging.progress_bar | :   5081 / 8628 sentences=16
2023-04-10 09:08:06 | INFO | fairseq.logging.progress_bar | :   5091 / 8628 sentences=16
2023-04-10 09:08:13 | INFO | fairseq.logging.progress_bar | :   5101 / 8628 sentences=16
2023-04-10 09:08:20 | INFO | fairseq.logging.progress_bar | :   5111 / 8628 sentences=16
2023-04-10 09:08:27 | INFO | fairseq.logging.progress_bar | :   5121 / 8628 sentences=16
2023-04-10 09:08:34 | INFO | fairseq.logging.progress_bar | :   5131 / 8628 sentences=16
2023-04-10 09:08:41 | INFO | fairseq.logging.progress_bar | :   5141 / 8628 sentences=16
2023-04-10 09:08:47 | INFO | fairseq.logging.progress_bar | :   5151 / 8628 sentences=16
2023-04-10 09:08:54 | INFO | fairseq.logging.progress_bar | :   5161 / 8628 sentences=16
2023-04-10 09:09:01 | INFO | fairseq.logging.progress_bar | :   5171 / 8628 sentences=16
2023-04-10 09:09:08 | INFO | fairseq.logging.progress_bar | :   5181 / 8628 sentences=16
2023-04-10 09:09:15 | INFO | fairseq.logging.progress_bar | :   5191 / 8628 sentences=16
2023-04-10 09:09:21 | INFO | fairseq.logging.progress_bar | :   5201 / 8628 sentences=16
2023-04-10 09:09:28 | INFO | fairseq.logging.progress_bar | :   5211 / 8628 sentences=16
2023-04-10 09:09:35 | INFO | fairseq.logging.progress_bar | :   5221 / 8628 sentences=16
2023-04-10 09:09:42 | INFO | fairseq.logging.progress_bar | :   5231 / 8628 sentences=16
2023-04-10 09:09:49 | INFO | fairseq.logging.progress_bar | :   5241 / 8628 sentences=16
2023-04-10 09:09:56 | INFO | fairseq.logging.progress_bar | :   5251 / 8628 sentences=16
2023-04-10 09:10:03 | INFO | fairseq.logging.progress_bar | :   5261 / 8628 sentences=16
2023-04-10 09:10:10 | INFO | fairseq.logging.progress_bar | :   5271 / 8628 sentences=16
2023-04-10 09:10:17 | INFO | fairseq.logging.progress_bar | :   5281 / 8628 sentences=16
2023-04-10 09:10:24 | INFO | fairseq.logging.progress_bar | :   5291 / 8628 sentences=16
2023-04-10 09:10:31 | INFO | fairseq.logging.progress_bar | :   5301 / 8628 sentences=16
2023-04-10 09:10:38 | INFO | fairseq.logging.progress_bar | :   5311 / 8628 sentences=16
2023-04-10 09:10:44 | INFO | fairseq.logging.progress_bar | :   5321 / 8628 sentences=16
2023-04-10 09:10:51 | INFO | fairseq.logging.progress_bar | :   5331 / 8628 sentences=16
2023-04-10 09:10:58 | INFO | fairseq.logging.progress_bar | :   5341 / 8628 sentences=16
2023-04-10 09:11:05 | INFO | fairseq.logging.progress_bar | :   5351 / 8628 sentences=16
2023-04-10 09:11:12 | INFO | fairseq.logging.progress_bar | :   5361 / 8628 sentences=16
2023-04-10 09:11:19 | INFO | fairseq.logging.progress_bar | :   5371 / 8628 sentences=16
2023-04-10 09:11:26 | INFO | fairseq.logging.progress_bar | :   5381 / 8628 sentences=16
2023-04-10 09:11:32 | INFO | fairseq.logging.progress_bar | :   5391 / 8628 sentences=16
2023-04-10 09:11:39 | INFO | fairseq.logging.progress_bar | :   5401 / 8628 sentences=16
2023-04-10 09:11:46 | INFO | fairseq.logging.progress_bar | :   5411 / 8628 sentences=16
2023-04-10 09:11:53 | INFO | fairseq.logging.progress_bar | :   5421 / 8628 sentences=16
2023-04-10 09:12:00 | INFO | fairseq.logging.progress_bar | :   5431 / 8628 sentences=16
2023-04-10 09:12:07 | INFO | fairseq.logging.progress_bar | :   5441 / 8628 sentences=16
2023-04-10 09:12:15 | INFO | fairseq.logging.progress_bar | :   5451 / 8628 sentences=16
2023-04-10 09:12:21 | INFO | fairseq.logging.progress_bar | :   5461 / 8628 sentences=16
2023-04-10 09:12:28 | INFO | fairseq.logging.progress_bar | :   5471 / 8628 sentences=16
2023-04-10 09:12:35 | INFO | fairseq.logging.progress_bar | :   5481 / 8628 sentences=16
2023-04-10 09:12:42 | INFO | fairseq.logging.progress_bar | :   5491 / 8628 sentences=16
2023-04-10 09:12:49 | INFO | fairseq.logging.progress_bar | :   5501 / 8628 sentences=16
2023-04-10 09:12:56 | INFO | fairseq.logging.progress_bar | :   5511 / 8628 sentences=16
2023-04-10 09:13:03 | INFO | fairseq.logging.progress_bar | :   5521 / 8628 sentences=16
2023-04-10 09:13:10 | INFO | fairseq.logging.progress_bar | :   5531 / 8628 sentences=16
2023-04-10 09:13:17 | INFO | fairseq.logging.progress_bar | :   5541 / 8628 sentences=16
2023-04-10 09:13:24 | INFO | fairseq.logging.progress_bar | :   5551 / 8628 sentences=16
2023-04-10 09:13:31 | INFO | fairseq.logging.progress_bar | :   5561 / 8628 sentences=16
2023-04-10 09:13:38 | INFO | fairseq.logging.progress_bar | :   5571 / 8628 sentences=16
2023-04-10 09:13:45 | INFO | fairseq.logging.progress_bar | :   5581 / 8628 sentences=16
2023-04-10 09:13:52 | INFO | fairseq.logging.progress_bar | :   5591 / 8628 sentences=16
2023-04-10 09:13:58 | INFO | fairseq.logging.progress_bar | :   5601 / 8628 sentences=16
2023-04-10 09:14:05 | INFO | fairseq.logging.progress_bar | :   5611 / 8628 sentences=16
2023-04-10 09:14:12 | INFO | fairseq.logging.progress_bar | :   5621 / 8628 sentences=16
2023-04-10 09:14:19 | INFO | fairseq.logging.progress_bar | :   5631 / 8628 sentences=16
2023-04-10 09:14:26 | INFO | fairseq.logging.progress_bar | :   5641 / 8628 sentences=16
2023-04-10 09:14:33 | INFO | fairseq.logging.progress_bar | :   5651 / 8628 sentences=16
2023-04-10 09:14:40 | INFO | fairseq.logging.progress_bar | :   5661 / 8628 sentences=16
2023-04-10 09:14:47 | INFO | fairseq.logging.progress_bar | :   5671 / 8628 sentences=16
2023-04-10 09:14:54 | INFO | fairseq.logging.progress_bar | :   5681 / 8628 sentences=16
2023-04-10 09:15:01 | INFO | fairseq.logging.progress_bar | :   5691 / 8628 sentences=16
2023-04-10 09:15:08 | INFO | fairseq.logging.progress_bar | :   5701 / 8628 sentences=16
2023-04-10 09:15:14 | INFO | fairseq.logging.progress_bar | :   5711 / 8628 sentences=16
2023-04-10 09:15:21 | INFO | fairseq.logging.progress_bar | :   5721 / 8628 sentences=16
2023-04-10 09:15:28 | INFO | fairseq.logging.progress_bar | :   5731 / 8628 sentences=16
2023-04-10 09:15:35 | INFO | fairseq.logging.progress_bar | :   5741 / 8628 sentences=16
2023-04-10 09:15:42 | INFO | fairseq.logging.progress_bar | :   5751 / 8628 sentences=16
2023-04-10 09:15:49 | INFO | fairseq.logging.progress_bar | :   5761 / 8628 sentences=16
2023-04-10 09:15:56 | INFO | fairseq.logging.progress_bar | :   5771 / 8628 sentences=16
2023-04-10 09:16:03 | INFO | fairseq.logging.progress_bar | :   5781 / 8628 sentences=16
2023-04-10 09:16:10 | INFO | fairseq.logging.progress_bar | :   5791 / 8628 sentences=16
2023-04-10 09:16:17 | INFO | fairseq.logging.progress_bar | :   5801 / 8628 sentences=16
2023-04-10 09:16:23 | INFO | fairseq.logging.progress_bar | :   5811 / 8628 sentences=16
2023-04-10 09:16:29 | INFO | fairseq.logging.progress_bar | :   5821 / 8628 sentences=16
2023-04-10 09:16:36 | INFO | fairseq.logging.progress_bar | :   5831 / 8628 sentences=16
2023-04-10 09:16:43 | INFO | fairseq.logging.progress_bar | :   5841 / 8628 sentences=16
2023-04-10 09:16:49 | INFO | fairseq.logging.progress_bar | :   5851 / 8628 sentences=16
2023-04-10 09:16:55 | INFO | fairseq.logging.progress_bar | :   5861 / 8628 sentences=16
2023-04-10 09:17:02 | INFO | fairseq.logging.progress_bar | :   5871 / 8628 sentences=16
2023-04-10 09:17:09 | INFO | fairseq.logging.progress_bar | :   5881 / 8628 sentences=16
2023-04-10 09:17:16 | INFO | fairseq.logging.progress_bar | :   5891 / 8628 sentences=16
2023-04-10 09:17:23 | INFO | fairseq.logging.progress_bar | :   5901 / 8628 sentences=16
2023-04-10 09:17:30 | INFO | fairseq.logging.progress_bar | :   5911 / 8628 sentences=16
2023-04-10 09:17:36 | INFO | fairseq.logging.progress_bar | :   5921 / 8628 sentences=16
2023-04-10 09:17:43 | INFO | fairseq.logging.progress_bar | :   5931 / 8628 sentences=16
2023-04-10 09:17:49 | INFO | fairseq.logging.progress_bar | :   5941 / 8628 sentences=16
2023-04-10 09:17:56 | INFO | fairseq.logging.progress_bar | :   5951 / 8628 sentences=16
2023-04-10 09:18:03 | INFO | fairseq.logging.progress_bar | :   5961 / 8628 sentences=16
2023-04-10 09:18:09 | INFO | fairseq.logging.progress_bar | :   5971 / 8628 sentences=16
2023-04-10 09:18:16 | INFO | fairseq.logging.progress_bar | :   5981 / 8628 sentences=16
2023-04-10 09:18:22 | INFO | fairseq.logging.progress_bar | :   5991 / 8628 sentences=16
2023-04-10 09:18:29 | INFO | fairseq.logging.progress_bar | :   6001 / 8628 sentences=16
2023-04-10 09:18:35 | INFO | fairseq.logging.progress_bar | :   6011 / 8628 sentences=16
2023-04-10 09:18:42 | INFO | fairseq.logging.progress_bar | :   6021 / 8628 sentences=16
2023-04-10 09:18:48 | INFO | fairseq.logging.progress_bar | :   6031 / 8628 sentences=16
2023-04-10 09:18:55 | INFO | fairseq.logging.progress_bar | :   6041 / 8628 sentences=16
2023-04-10 09:19:01 | INFO | fairseq.logging.progress_bar | :   6051 / 8628 sentences=16
2023-04-10 09:19:07 | INFO | fairseq.logging.progress_bar | :   6061 / 8628 sentences=16
2023-04-10 09:19:14 | INFO | fairseq.logging.progress_bar | :   6071 / 8628 sentences=16
2023-04-10 09:19:21 | INFO | fairseq.logging.progress_bar | :   6081 / 8628 sentences=16
2023-04-10 09:19:27 | INFO | fairseq.logging.progress_bar | :   6091 / 8628 sentences=16
2023-04-10 09:19:34 | INFO | fairseq.logging.progress_bar | :   6101 / 8628 sentences=16
2023-04-10 09:19:40 | INFO | fairseq.logging.progress_bar | :   6111 / 8628 sentences=16
2023-04-10 09:19:47 | INFO | fairseq.logging.progress_bar | :   6121 / 8628 sentences=16
2023-04-10 09:19:53 | INFO | fairseq.logging.progress_bar | :   6131 / 8628 sentences=16
2023-04-10 09:19:59 | INFO | fairseq.logging.progress_bar | :   6141 / 8628 sentences=16
2023-04-10 09:20:06 | INFO | fairseq.logging.progress_bar | :   6151 / 8628 sentences=16
2023-04-10 09:20:12 | INFO | fairseq.logging.progress_bar | :   6161 / 8628 sentences=16
2023-04-10 09:20:19 | INFO | fairseq.logging.progress_bar | :   6171 / 8628 sentences=16
2023-04-10 09:20:25 | INFO | fairseq.logging.progress_bar | :   6181 / 8628 sentences=16
2023-04-10 09:20:32 | INFO | fairseq.logging.progress_bar | :   6191 / 8628 sentences=16
2023-04-10 09:20:38 | INFO | fairseq.logging.progress_bar | :   6201 / 8628 sentences=16
2023-04-10 09:20:45 | INFO | fairseq.logging.progress_bar | :   6211 / 8628 sentences=16
2023-04-10 09:20:51 | INFO | fairseq.logging.progress_bar | :   6221 / 8628 sentences=16
2023-04-10 09:20:58 | INFO | fairseq.logging.progress_bar | :   6231 / 8628 sentences=16
2023-04-10 09:21:04 | INFO | fairseq.logging.progress_bar | :   6241 / 8628 sentences=16
2023-04-10 09:21:11 | INFO | fairseq.logging.progress_bar | :   6251 / 8628 sentences=16
2023-04-10 09:21:18 | INFO | fairseq.logging.progress_bar | :   6261 / 8628 sentences=16
2023-04-10 09:21:24 | INFO | fairseq.logging.progress_bar | :   6271 / 8628 sentences=16
2023-04-10 09:21:30 | INFO | fairseq.logging.progress_bar | :   6281 / 8628 sentences=16
2023-04-10 09:21:37 | INFO | fairseq.logging.progress_bar | :   6291 / 8628 sentences=16
2023-04-10 09:21:44 | INFO | fairseq.logging.progress_bar | :   6301 / 8628 sentences=16
2023-04-10 09:21:51 | INFO | fairseq.logging.progress_bar | :   6311 / 8628 sentences=16
2023-04-10 09:21:57 | INFO | fairseq.logging.progress_bar | :   6321 / 8628 sentences=16
2023-04-10 09:22:04 | INFO | fairseq.logging.progress_bar | :   6331 / 8628 sentences=16
2023-04-10 09:22:10 | INFO | fairseq.logging.progress_bar | :   6341 / 8628 sentences=16
2023-04-10 09:22:16 | INFO | fairseq.logging.progress_bar | :   6351 / 8628 sentences=16
2023-04-10 09:22:23 | INFO | fairseq.logging.progress_bar | :   6361 / 8628 sentences=16
2023-04-10 09:22:29 | INFO | fairseq.logging.progress_bar | :   6371 / 8628 sentences=16
2023-04-10 09:22:36 | INFO | fairseq.logging.progress_bar | :   6381 / 8628 sentences=16
2023-04-10 09:22:42 | INFO | fairseq.logging.progress_bar | :   6391 / 8628 sentences=16
2023-04-10 09:22:49 | INFO | fairseq.logging.progress_bar | :   6401 / 8628 sentences=16
2023-04-10 09:22:56 | INFO | fairseq.logging.progress_bar | :   6411 / 8628 sentences=16
2023-04-10 09:23:02 | INFO | fairseq.logging.progress_bar | :   6421 / 8628 sentences=16
2023-04-10 09:23:09 | INFO | fairseq.logging.progress_bar | :   6431 / 8628 sentences=16
2023-04-10 09:23:15 | INFO | fairseq.logging.progress_bar | :   6441 / 8628 sentences=16
2023-04-10 09:23:21 | INFO | fairseq.logging.progress_bar | :   6451 / 8628 sentences=16
2023-04-10 09:23:28 | INFO | fairseq.logging.progress_bar | :   6461 / 8628 sentences=16
2023-04-10 09:23:34 | INFO | fairseq.logging.progress_bar | :   6471 / 8628 sentences=16
2023-04-10 09:23:41 | INFO | fairseq.logging.progress_bar | :   6481 / 8628 sentences=16
2023-04-10 09:23:47 | INFO | fairseq.logging.progress_bar | :   6491 / 8628 sentences=16
2023-04-10 09:23:54 | INFO | fairseq.logging.progress_bar | :   6501 / 8628 sentences=16
2023-04-10 09:24:00 | INFO | fairseq.logging.progress_bar | :   6511 / 8628 sentences=16
2023-04-10 09:24:07 | INFO | fairseq.logging.progress_bar | :   6521 / 8628 sentences=16
2023-04-10 09:24:14 | INFO | fairseq.logging.progress_bar | :   6531 / 8628 sentences=16
2023-04-10 09:24:20 | INFO | fairseq.logging.progress_bar | :   6541 / 8628 sentences=16
2023-04-10 09:24:27 | INFO | fairseq.logging.progress_bar | :   6551 / 8628 sentences=16
2023-04-10 09:24:33 | INFO | fairseq.logging.progress_bar | :   6561 / 8628 sentences=16
2023-04-10 09:24:39 | INFO | fairseq.logging.progress_bar | :   6571 / 8628 sentences=16
2023-04-10 09:24:46 | INFO | fairseq.logging.progress_bar | :   6581 / 8628 sentences=16
2023-04-10 09:24:53 | INFO | fairseq.logging.progress_bar | :   6591 / 8628 sentences=16
2023-04-10 09:24:59 | INFO | fairseq.logging.progress_bar | :   6601 / 8628 sentences=16
2023-04-10 09:25:06 | INFO | fairseq.logging.progress_bar | :   6611 / 8628 sentences=16
2023-04-10 09:25:13 | INFO | fairseq.logging.progress_bar | :   6621 / 8628 sentences=16
2023-04-10 09:25:19 | INFO | fairseq.logging.progress_bar | :   6631 / 8628 sentences=16
2023-04-10 09:25:26 | INFO | fairseq.logging.progress_bar | :   6641 / 8628 sentences=16
2023-04-10 09:25:33 | INFO | fairseq.logging.progress_bar | :   6651 / 8628 sentences=16
2023-04-10 09:25:40 | INFO | fairseq.logging.progress_bar | :   6661 / 8628 sentences=16
2023-04-10 09:25:47 | INFO | fairseq.logging.progress_bar | :   6671 / 8628 sentences=16
2023-04-10 09:25:54 | INFO | fairseq.logging.progress_bar | :   6681 / 8628 sentences=16
2023-04-10 09:26:01 | INFO | fairseq.logging.progress_bar | :   6691 / 8628 sentences=16
2023-04-10 09:26:08 | INFO | fairseq.logging.progress_bar | :   6701 / 8628 sentences=16
2023-04-10 09:26:14 | INFO | fairseq.logging.progress_bar | :   6711 / 8628 sentences=16
2023-04-10 09:26:21 | INFO | fairseq.logging.progress_bar | :   6721 / 8628 sentences=16
2023-04-10 09:26:28 | INFO | fairseq.logging.progress_bar | :   6731 / 8628 sentences=16
2023-04-10 09:26:34 | INFO | fairseq.logging.progress_bar | :   6741 / 8628 sentences=16
2023-04-10 09:26:41 | INFO | fairseq.logging.progress_bar | :   6751 / 8628 sentences=16
2023-04-10 09:26:47 | INFO | fairseq.logging.progress_bar | :   6761 / 8628 sentences=16
2023-04-10 09:26:54 | INFO | fairseq.logging.progress_bar | :   6771 / 8628 sentences=16
2023-04-10 09:27:00 | INFO | fairseq.logging.progress_bar | :   6781 / 8628 sentences=16
2023-04-10 09:27:06 | INFO | fairseq.logging.progress_bar | :   6791 / 8628 sentences=16
2023-04-10 09:27:13 | INFO | fairseq.logging.progress_bar | :   6801 / 8628 sentences=16
2023-04-10 09:27:19 | INFO | fairseq.logging.progress_bar | :   6811 / 8628 sentences=16
2023-04-10 09:27:26 | INFO | fairseq.logging.progress_bar | :   6821 / 8628 sentences=16
2023-04-10 09:27:32 | INFO | fairseq.logging.progress_bar | :   6831 / 8628 sentences=16
2023-04-10 09:27:39 | INFO | fairseq.logging.progress_bar | :   6841 / 8628 sentences=16
2023-04-10 09:27:45 | INFO | fairseq.logging.progress_bar | :   6851 / 8628 sentences=16
2023-04-10 09:27:51 | INFO | fairseq.logging.progress_bar | :   6861 / 8628 sentences=16
2023-04-10 09:27:58 | INFO | fairseq.logging.progress_bar | :   6871 / 8628 sentences=16
2023-04-10 09:28:04 | INFO | fairseq.logging.progress_bar | :   6881 / 8628 sentences=16
2023-04-10 09:28:10 | INFO | fairseq.logging.progress_bar | :   6891 / 8628 sentences=16
2023-04-10 09:28:17 | INFO | fairseq.logging.progress_bar | :   6901 / 8628 sentences=16
2023-04-10 09:28:23 | INFO | fairseq.logging.progress_bar | :   6911 / 8628 sentences=16
2023-04-10 09:28:30 | INFO | fairseq.logging.progress_bar | :   6921 / 8628 sentences=16
2023-04-10 09:28:36 | INFO | fairseq.logging.progress_bar | :   6931 / 8628 sentences=16
2023-04-10 09:28:42 | INFO | fairseq.logging.progress_bar | :   6941 / 8628 sentences=16
2023-04-10 09:28:49 | INFO | fairseq.logging.progress_bar | :   6951 / 8628 sentences=16
2023-04-10 09:28:55 | INFO | fairseq.logging.progress_bar | :   6961 / 8628 sentences=16
2023-04-10 09:29:02 | INFO | fairseq.logging.progress_bar | :   6971 / 8628 sentences=16
2023-04-10 09:29:08 | INFO | fairseq.logging.progress_bar | :   6981 / 8628 sentences=16
2023-04-10 09:29:14 | INFO | fairseq.logging.progress_bar | :   6991 / 8628 sentences=16
2023-04-10 09:29:21 | INFO | fairseq.logging.progress_bar | :   7001 / 8628 sentences=16
2023-04-10 09:29:27 | INFO | fairseq.logging.progress_bar | :   7011 / 8628 sentences=16
2023-04-10 09:29:34 | INFO | fairseq.logging.progress_bar | :   7021 / 8628 sentences=16
2023-04-10 09:29:40 | INFO | fairseq.logging.progress_bar | :   7031 / 8628 sentences=16
2023-04-10 09:29:47 | INFO | fairseq.logging.progress_bar | :   7041 / 8628 sentences=16
2023-04-10 09:29:53 | INFO | fairseq.logging.progress_bar | :   7051 / 8628 sentences=16
2023-04-10 09:30:00 | INFO | fairseq.logging.progress_bar | :   7061 / 8628 sentences=16
2023-04-10 09:30:06 | INFO | fairseq.logging.progress_bar | :   7071 / 8628 sentences=16
2023-04-10 09:30:12 | INFO | fairseq.logging.progress_bar | :   7081 / 8628 sentences=16
2023-04-10 09:30:19 | INFO | fairseq.logging.progress_bar | :   7091 / 8628 sentences=16
2023-04-10 09:30:25 | INFO | fairseq.logging.progress_bar | :   7101 / 8628 sentences=16
2023-04-10 09:30:32 | INFO | fairseq.logging.progress_bar | :   7111 / 8628 sentences=16
2023-04-10 09:30:38 | INFO | fairseq.logging.progress_bar | :   7121 / 8628 sentences=16
2023-04-10 09:30:44 | INFO | fairseq.logging.progress_bar | :   7131 / 8628 sentences=16
2023-04-10 09:30:51 | INFO | fairseq.logging.progress_bar | :   7141 / 8628 sentences=16
2023-04-10 09:30:57 | INFO | fairseq.logging.progress_bar | :   7151 / 8628 sentences=16
2023-04-10 09:31:04 | INFO | fairseq.logging.progress_bar | :   7161 / 8628 sentences=16
2023-04-10 09:31:10 | INFO | fairseq.logging.progress_bar | :   7171 / 8628 sentences=16
2023-04-10 09:31:17 | INFO | fairseq.logging.progress_bar | :   7181 / 8628 sentences=16
2023-04-10 09:31:23 | INFO | fairseq.logging.progress_bar | :   7191 / 8628 sentences=16
2023-04-10 09:31:30 | INFO | fairseq.logging.progress_bar | :   7201 / 8628 sentences=16
2023-04-10 09:31:36 | INFO | fairseq.logging.progress_bar | :   7211 / 8628 sentences=16
2023-04-10 09:31:42 | INFO | fairseq.logging.progress_bar | :   7221 / 8628 sentences=16
2023-04-10 09:31:49 | INFO | fairseq.logging.progress_bar | :   7231 / 8628 sentences=16
2023-04-10 09:31:55 | INFO | fairseq.logging.progress_bar | :   7241 / 8628 sentences=16
2023-04-10 09:32:02 | INFO | fairseq.logging.progress_bar | :   7251 / 8628 sentences=16
2023-04-10 09:32:08 | INFO | fairseq.logging.progress_bar | :   7261 / 8628 sentences=16
2023-04-10 09:32:15 | INFO | fairseq.logging.progress_bar | :   7271 / 8628 sentences=16
2023-04-10 09:32:22 | INFO | fairseq.logging.progress_bar | :   7281 / 8628 sentences=16
2023-04-10 09:32:28 | INFO | fairseq.logging.progress_bar | :   7291 / 8628 sentences=16
2023-04-10 09:32:35 | INFO | fairseq.logging.progress_bar | :   7301 / 8628 sentences=16
2023-04-10 09:32:42 | INFO | fairseq.logging.progress_bar | :   7311 / 8628 sentences=16
2023-04-10 09:32:48 | INFO | fairseq.logging.progress_bar | :   7321 / 8628 sentences=16
2023-04-10 09:32:55 | INFO | fairseq.logging.progress_bar | :   7331 / 8628 sentences=16
2023-04-10 09:33:01 | INFO | fairseq.logging.progress_bar | :   7341 / 8628 sentences=16
2023-04-10 09:33:08 | INFO | fairseq.logging.progress_bar | :   7351 / 8628 sentences=16
2023-04-10 09:33:15 | INFO | fairseq.logging.progress_bar | :   7361 / 8628 sentences=16
2023-04-10 09:33:21 | INFO | fairseq.logging.progress_bar | :   7371 / 8628 sentences=16
2023-04-10 09:33:27 | INFO | fairseq.logging.progress_bar | :   7381 / 8628 sentences=16
2023-04-10 09:33:34 | INFO | fairseq.logging.progress_bar | :   7391 / 8628 sentences=16
2023-04-10 09:33:40 | INFO | fairseq.logging.progress_bar | :   7401 / 8628 sentences=16
2023-04-10 09:33:47 | INFO | fairseq.logging.progress_bar | :   7411 / 8628 sentences=16
2023-04-10 09:33:53 | INFO | fairseq.logging.progress_bar | :   7421 / 8628 sentences=16
2023-04-10 09:34:00 | INFO | fairseq.logging.progress_bar | :   7431 / 8628 sentences=16
2023-04-10 09:34:06 | INFO | fairseq.logging.progress_bar | :   7441 / 8628 sentences=16
2023-04-10 09:34:13 | INFO | fairseq.logging.progress_bar | :   7451 / 8628 sentences=16
2023-04-10 09:34:19 | INFO | fairseq.logging.progress_bar | :   7461 / 8628 sentences=16
2023-04-10 09:34:25 | INFO | fairseq.logging.progress_bar | :   7471 / 8628 sentences=16
2023-04-10 09:34:32 | INFO | fairseq.logging.progress_bar | :   7481 / 8628 sentences=16
2023-04-10 09:34:39 | INFO | fairseq.logging.progress_bar | :   7491 / 8628 sentences=16
2023-04-10 09:34:45 | INFO | fairseq.logging.progress_bar | :   7501 / 8628 sentences=16
2023-04-10 09:34:51 | INFO | fairseq.logging.progress_bar | :   7511 / 8628 sentences=16
2023-04-10 09:34:58 | INFO | fairseq.logging.progress_bar | :   7521 / 8628 sentences=16
2023-04-10 09:35:04 | INFO | fairseq.logging.progress_bar | :   7531 / 8628 sentences=16
2023-04-10 09:35:11 | INFO | fairseq.logging.progress_bar | :   7541 / 8628 sentences=16
2023-04-10 09:35:18 | INFO | fairseq.logging.progress_bar | :   7551 / 8628 sentences=16
2023-04-10 09:35:24 | INFO | fairseq.logging.progress_bar | :   7561 / 8628 sentences=16
2023-04-10 09:35:30 | INFO | fairseq.logging.progress_bar | :   7571 / 8628 sentences=16
2023-04-10 09:35:37 | INFO | fairseq.logging.progress_bar | :   7581 / 8628 sentences=16
2023-04-10 09:35:43 | INFO | fairseq.logging.progress_bar | :   7591 / 8628 sentences=16
2023-04-10 09:35:50 | INFO | fairseq.logging.progress_bar | :   7601 / 8628 sentences=16
2023-04-10 09:35:57 | INFO | fairseq.logging.progress_bar | :   7611 / 8628 sentences=16
2023-04-10 09:36:03 | INFO | fairseq.logging.progress_bar | :   7621 / 8628 sentences=16
2023-04-10 09:36:09 | INFO | fairseq.logging.progress_bar | :   7631 / 8628 sentences=16
2023-04-10 09:36:16 | INFO | fairseq.logging.progress_bar | :   7641 / 8628 sentences=16
2023-04-10 09:36:22 | INFO | fairseq.logging.progress_bar | :   7651 / 8628 sentences=16
2023-04-10 09:36:29 | INFO | fairseq.logging.progress_bar | :   7661 / 8628 sentences=16
2023-04-10 09:36:36 | INFO | fairseq.logging.progress_bar | :   7671 / 8628 sentences=16
2023-04-10 09:36:42 | INFO | fairseq.logging.progress_bar | :   7681 / 8628 sentences=16
2023-04-10 09:36:49 | INFO | fairseq.logging.progress_bar | :   7691 / 8628 sentences=16
2023-04-10 09:36:56 | INFO | fairseq.logging.progress_bar | :   7701 / 8628 sentences=16
2023-04-10 09:37:03 | INFO | fairseq.logging.progress_bar | :   7711 / 8628 sentences=16
2023-04-10 09:37:09 | INFO | fairseq.logging.progress_bar | :   7721 / 8628 sentences=16
2023-04-10 09:37:16 | INFO | fairseq.logging.progress_bar | :   7731 / 8628 sentences=16
2023-04-10 09:37:22 | INFO | fairseq.logging.progress_bar | :   7741 / 8628 sentences=16
2023-04-10 09:37:28 | INFO | fairseq.logging.progress_bar | :   7751 / 8628 sentences=16
2023-04-10 09:37:35 | INFO | fairseq.logging.progress_bar | :   7761 / 8628 sentences=16
2023-04-10 09:37:41 | INFO | fairseq.logging.progress_bar | :   7771 / 8628 sentences=16
2023-04-10 09:37:47 | INFO | fairseq.logging.progress_bar | :   7781 / 8628 sentences=16
2023-04-10 09:37:54 | INFO | fairseq.logging.progress_bar | :   7791 / 8628 sentences=16
2023-04-10 09:38:00 | INFO | fairseq.logging.progress_bar | :   7801 / 8628 sentences=16
2023-04-10 09:38:07 | INFO | fairseq.logging.progress_bar | :   7811 / 8628 sentences=16
2023-04-10 09:38:13 | INFO | fairseq.logging.progress_bar | :   7821 / 8628 sentences=16
2023-04-10 09:38:19 | INFO | fairseq.logging.progress_bar | :   7831 / 8628 sentences=16
2023-04-10 09:38:26 | INFO | fairseq.logging.progress_bar | :   7841 / 8628 sentences=16
2023-04-10 09:38:32 | INFO | fairseq.logging.progress_bar | :   7851 / 8628 sentences=16
2023-04-10 09:38:38 | INFO | fairseq.logging.progress_bar | :   7861 / 8628 sentences=16
2023-04-10 09:38:45 | INFO | fairseq.logging.progress_bar | :   7871 / 8628 sentences=16
2023-04-10 09:38:51 | INFO | fairseq.logging.progress_bar | :   7881 / 8628 sentences=16
2023-04-10 09:38:57 | INFO | fairseq.logging.progress_bar | :   7891 / 8628 sentences=16
2023-04-10 09:39:04 | INFO | fairseq.logging.progress_bar | :   7901 / 8628 sentences=16
2023-04-10 09:39:10 | INFO | fairseq.logging.progress_bar | :   7911 / 8628 sentences=16
2023-04-10 09:39:16 | INFO | fairseq.logging.progress_bar | :   7921 / 8628 sentences=16
2023-04-10 09:39:22 | INFO | fairseq.logging.progress_bar | :   7931 / 8628 sentences=16
2023-04-10 09:39:29 | INFO | fairseq.logging.progress_bar | :   7941 / 8628 sentences=16
2023-04-10 09:39:35 | INFO | fairseq.logging.progress_bar | :   7951 / 8628 sentences=16
2023-04-10 09:39:41 | INFO | fairseq.logging.progress_bar | :   7961 / 8628 sentences=16
2023-04-10 09:39:48 | INFO | fairseq.logging.progress_bar | :   7971 / 8628 sentences=16
2023-04-10 09:39:54 | INFO | fairseq.logging.progress_bar | :   7981 / 8628 sentences=16
2023-04-10 09:40:01 | INFO | fairseq.logging.progress_bar | :   7991 / 8628 sentences=16
2023-04-10 09:40:07 | INFO | fairseq.logging.progress_bar | :   8001 / 8628 sentences=16
2023-04-10 09:40:13 | INFO | fairseq.logging.progress_bar | :   8011 / 8628 sentences=16
2023-04-10 09:40:20 | INFO | fairseq.logging.progress_bar | :   8021 / 8628 sentences=16
2023-04-10 09:40:26 | INFO | fairseq.logging.progress_bar | :   8031 / 8628 sentences=16
2023-04-10 09:40:32 | INFO | fairseq.logging.progress_bar | :   8041 / 8628 sentences=16
2023-04-10 09:40:39 | INFO | fairseq.logging.progress_bar | :   8051 / 8628 sentences=16
2023-04-10 09:40:45 | INFO | fairseq.logging.progress_bar | :   8061 / 8628 sentences=16
2023-04-10 09:40:52 | INFO | fairseq.logging.progress_bar | :   8071 / 8628 sentences=16
2023-04-10 09:40:58 | INFO | fairseq.logging.progress_bar | :   8081 / 8628 sentences=16
2023-04-10 09:41:04 | INFO | fairseq.logging.progress_bar | :   8091 / 8628 sentences=16
2023-04-10 09:41:11 | INFO | fairseq.logging.progress_bar | :   8101 / 8628 sentences=16
2023-04-10 09:41:17 | INFO | fairseq.logging.progress_bar | :   8111 / 8628 sentences=16
2023-04-10 09:41:23 | INFO | fairseq.logging.progress_bar | :   8121 / 8628 sentences=16
2023-04-10 09:41:30 | INFO | fairseq.logging.progress_bar | :   8131 / 8628 sentences=16
2023-04-10 09:41:36 | INFO | fairseq.logging.progress_bar | :   8141 / 8628 sentences=16
2023-04-10 09:41:42 | INFO | fairseq.logging.progress_bar | :   8151 / 8628 sentences=16
2023-04-10 09:41:48 | INFO | fairseq.logging.progress_bar | :   8161 / 8628 sentences=16
2023-04-10 09:41:55 | INFO | fairseq.logging.progress_bar | :   8171 / 8628 sentences=16
2023-04-10 09:42:01 | INFO | fairseq.logging.progress_bar | :   8181 / 8628 sentences=16
2023-04-10 09:42:07 | INFO | fairseq.logging.progress_bar | :   8191 / 8628 sentences=16
2023-04-10 09:42:14 | INFO | fairseq.logging.progress_bar | :   8201 / 8628 sentences=16
2023-04-10 09:42:20 | INFO | fairseq.logging.progress_bar | :   8211 / 8628 sentences=16
2023-04-10 09:42:26 | INFO | fairseq.logging.progress_bar | :   8221 / 8628 sentences=16
2023-04-10 09:42:33 | INFO | fairseq.logging.progress_bar | :   8231 / 8628 sentences=16
2023-04-10 09:42:39 | INFO | fairseq.logging.progress_bar | :   8241 / 8628 sentences=16
2023-04-10 09:42:46 | INFO | fairseq.logging.progress_bar | :   8251 / 8628 sentences=16
2023-04-10 09:42:52 | INFO | fairseq.logging.progress_bar | :   8261 / 8628 sentences=16
2023-04-10 09:42:58 | INFO | fairseq.logging.progress_bar | :   8271 / 8628 sentences=16
2023-04-10 09:43:05 | INFO | fairseq.logging.progress_bar | :   8281 / 8628 sentences=16
2023-04-10 09:43:11 | INFO | fairseq.logging.progress_bar | :   8291 / 8628 sentences=16
2023-04-10 09:43:17 | INFO | fairseq.logging.progress_bar | :   8301 / 8628 sentences=16
2023-04-10 09:43:24 | INFO | fairseq.logging.progress_bar | :   8311 / 8628 sentences=16
2023-04-10 09:43:30 | INFO | fairseq.logging.progress_bar | :   8321 / 8628 sentences=16
2023-04-10 09:43:37 | INFO | fairseq.logging.progress_bar | :   8331 / 8628 sentences=16
2023-04-10 09:43:43 | INFO | fairseq.logging.progress_bar | :   8341 / 8628 sentences=16
2023-04-10 09:43:50 | INFO | fairseq.logging.progress_bar | :   8351 / 8628 sentences=16
2023-04-10 09:43:56 | INFO | fairseq.logging.progress_bar | :   8361 / 8628 sentences=16
2023-04-10 09:44:03 | INFO | fairseq.logging.progress_bar | :   8371 / 8628 sentences=16
2023-04-10 09:44:09 | INFO | fairseq.logging.progress_bar | :   8381 / 8628 sentences=16
2023-04-10 09:44:15 | INFO | fairseq.logging.progress_bar | :   8391 / 8628 sentences=16
2023-04-10 09:44:22 | INFO | fairseq.logging.progress_bar | :   8401 / 8628 sentences=16
2023-04-10 09:44:28 | INFO | fairseq.logging.progress_bar | :   8411 / 8628 sentences=16
2023-04-10 09:44:34 | INFO | fairseq.logging.progress_bar | :   8421 / 8628 sentences=16
2023-04-10 09:44:41 | INFO | fairseq.logging.progress_bar | :   8431 / 8628 sentences=16
2023-04-10 09:44:47 | INFO | fairseq.logging.progress_bar | :   8441 / 8628 sentences=16
2023-04-10 09:44:53 | INFO | fairseq.logging.progress_bar | :   8451 / 8628 sentences=16
2023-04-10 09:45:00 | INFO | fairseq.logging.progress_bar | :   8461 / 8628 sentences=16
2023-04-10 09:45:06 | INFO | fairseq.logging.progress_bar | :   8471 / 8628 sentences=16
2023-04-10 09:45:13 | INFO | fairseq.logging.progress_bar | :   8481 / 8628 sentences=16
2023-04-10 09:45:19 | INFO | fairseq.logging.progress_bar | :   8491 / 8628 sentences=16
2023-04-10 09:45:25 | INFO | fairseq.logging.progress_bar | :   8501 / 8628 sentences=16
2023-04-10 09:45:32 | INFO | fairseq.logging.progress_bar | :   8511 / 8628 sentences=16
2023-04-10 09:45:38 | INFO | fairseq.logging.progress_bar | :   8521 / 8628 sentences=16
2023-04-10 09:45:45 | INFO | fairseq.logging.progress_bar | :   8531 / 8628 sentences=16
2023-04-10 09:45:51 | INFO | fairseq.logging.progress_bar | :   8541 / 8628 sentences=16
2023-04-10 09:45:57 | INFO | fairseq.logging.progress_bar | :   8551 / 8628 sentences=16
2023-04-10 09:46:04 | INFO | fairseq.logging.progress_bar | :   8561 / 8628 sentences=16
2023-04-10 09:46:10 | INFO | fairseq.logging.progress_bar | :   8571 / 8628 sentences=16
2023-04-10 09:46:17 | INFO | fairseq.logging.progress_bar | :   8581 / 8628 sentences=16
2023-04-10 09:46:23 | INFO | fairseq.logging.progress_bar | :   8591 / 8628 sentences=16
2023-04-10 09:46:29 | INFO | fairseq.logging.progress_bar | :   8601 / 8628 sentences=16
2023-04-10 09:46:36 | INFO | fairseq.logging.progress_bar | :   8611 / 8628 sentences=16
2023-04-10 09:46:42 | INFO | fairseq.logging.progress_bar | :   8621 / 8628 sentences=16
2023-04-10 09:46:46 | INFO | torch.distributed.distributed_c10d | Added key: store_based_barrier_key:2 to store for rank: 0
2023-04-10 09:46:46 | INFO | torch.distributed.distributed_c10d | Rank 0: Completed store-based barrier for key:store_based_barrier_key:2 with 1 nodes.
/root/miniconda3/lib/python3.8/site-packages/torch/distributed/launch.py:178: FutureWarning: The module torch.distributed.launch is deprecated
and will be removed in future. Use torchrun.
Note that --use_env is set by default in torchrun.
If your script expects `--local_rank` argument to be set, please
change it to read from `os.environ['LOCAL_RANK']` instead. See 
https://pytorch.org/docs/stable/distributed.html#launch-utility for 
further instructions

  warnings.warn(
